{"C:\\Users\\busta\\Desktop\\GitHub\\comp2003-2024-group-10\\SourceCode\\src\\concordeScrapeall.js": {"path":"C:\\Users\\busta\\Desktop\\GitHub\\comp2003-2024-group-10\\SourceCode\\src\\concordeScrapeall.js","statementMap":{"0":{"start":{"line":2,"column":18},"end":{"line":2,"column":38}},"1":{"start":{"line":3,"column":15},"end":{"line":3,"column":70}},"2":{"start":{"line":3,"column":23},"end":{"line":3,"column":70}},"3":{"start":{"line":3,"column":46},"end":{"line":3,"column":69}},"4":{"start":{"line":4,"column":11},"end":{"line":4,"column":24}},"5":{"start":{"line":5,"column":13},"end":{"line":5,"column":28}},"6":{"start":{"line":6,"column":24},"end":{"line":6,"column":52}},"7":{"start":{"line":7,"column":10},"end":{"line":7,"column":28}},"8":{"start":{"line":8,"column":23},"end":{"line":8,"column":25}},"9":{"start":{"line":14,"column":25},"end":{"line":32,"column":1}},"10":{"start":{"line":15,"column":23},"end":{"line":15,"column":25}},"11":{"start":{"line":17,"column":4},"end":{"line":24,"column":5}},"12":{"start":{"line":18,"column":8},"end":{"line":23,"column":9}},"13":{"start":{"line":19,"column":32},"end":{"line":19,"column":68}},"14":{"start":{"line":20,"column":12},"end":{"line":20,"column":51}},"15":{"start":{"line":22,"column":12},"end":{"line":22,"column":73}},"16":{"start":{"line":25,"column":4},"end":{"line":27,"column":5}},"17":{"start":{"line":26,"column":8},"end":{"line":26,"column":26}},"18":{"start":{"line":28,"column":4},"end":{"line":28,"column":34}},"19":{"start":{"line":30,"column":4},"end":{"line":30,"column":81}},"20":{"start":{"line":31,"column":4},"end":{"line":31,"column":47}},"21":{"start":{"line":41,"column":16},"end":{"line":63,"column":1}},"22":{"start":{"line":42,"column":19},"end":{"line":60,"column":6}},"23":{"start":{"line":43,"column":22},"end":{"line":43,"column":68}},"24":{"start":{"line":44,"column":8},"end":{"line":46,"column":9}},"25":{"start":{"line":45,"column":12},"end":{"line":45,"column":38}},"26":{"start":{"line":48,"column":23},"end":{"line":48,"column":53}},"27":{"start":{"line":49,"column":8},"end":{"line":51,"column":9}},"28":{"start":{"line":50,"column":12},"end":{"line":50,"column":25}},"29":{"start":{"line":53,"column":21},"end":{"line":53,"column":47}},"30":{"start":{"line":54,"column":8},"end":{"line":56,"column":9}},"31":{"start":{"line":55,"column":12},"end":{"line":55,"column":25}},"32":{"start":{"line":58,"column":22},"end":{"line":58,"column":61}},"33":{"start":{"line":59,"column":8},"end":{"line":59,"column":58}},"34":{"start":{"line":59,"column":33},"end":{"line":59,"column":56}},"35":{"start":{"line":62,"column":4},"end":{"line":62,"column":29}},"36":{"start":{"line":71,"column":25},"end":{"line":127,"column":1}},"37":{"start":{"line":73,"column":27},"end":{"line":73,"column":31}},"38":{"start":{"line":74,"column":18},"end":{"line":74,"column":19}},"39":{"start":{"line":76,"column":4},"end":{"line":101,"column":5}},"40":{"start":{"line":77,"column":8},"end":{"line":96,"column":9}},"41":{"start":{"line":78,"column":12},"end":{"line":89,"column":15}},"42":{"start":{"line":79,"column":30},"end":{"line":79,"column":76}},"43":{"start":{"line":80,"column":16},"end":{"line":82,"column":17}},"44":{"start":{"line":81,"column":20},"end":{"line":81,"column":32}},"45":{"start":{"line":84,"column":29},"end":{"line":84,"column":69}},"46":{"start":{"line":85,"column":16},"end":{"line":88,"column":19}},"47":{"start":{"line":86,"column":34},"end":{"line":86,"column":72}},"48":{"start":{"line":87,"column":20},"end":{"line":87,"column":70}},"49":{"start":{"line":87,"column":45},"end":{"line":87,"column":68}},"50":{"start":{"line":91,"column":12},"end":{"line":93,"column":13}},"51":{"start":{"line":92,"column":16},"end":{"line":92,"column":22}},"52":{"start":{"line":95,"column":12},"end":{"line":95,"column":45}},"53":{"start":{"line":98,"column":8},"end":{"line":98,"column":18}},"54":{"start":{"line":99,"column":8},"end":{"line":99,"column":88}},"55":{"start":{"line":100,"column":8},"end":{"line":100,"column":64}},"56":{"start":{"line":100,"column":37},"end":{"line":100,"column":62}},"57":{"start":{"line":103,"column":4},"end":{"line":113,"column":5}},"58":{"start":{"line":104,"column":8},"end":{"line":104,"column":79}},"59":{"start":{"line":105,"column":8},"end":{"line":111,"column":9}},"60":{"start":{"line":106,"column":12},"end":{"line":110,"column":15}},"61":{"start":{"line":112,"column":8},"end":{"line":112,"column":18}},"62":{"start":{"line":115,"column":26},"end":{"line":121,"column":7}},"63":{"start":{"line":115,"column":43},"end":{"line":121,"column":5}},"64":{"start":{"line":123,"column":4},"end":{"line":123,"column":47}},"65":{"start":{"line":124,"column":4},"end":{"line":124,"column":24}},"66":{"start":{"line":126,"column":4},"end":{"line":126,"column":25}},"67":{"start":{"line":135,"column":27},"end":{"line":143,"column":1}},"68":{"start":{"line":136,"column":31},"end":{"line":136,"column":82}},"69":{"start":{"line":137,"column":4},"end":{"line":142,"column":5}},"70":{"start":{"line":138,"column":8},"end":{"line":138,"column":95}},"71":{"start":{"line":139,"column":8},"end":{"line":139,"column":70}},"72":{"start":{"line":141,"column":8},"end":{"line":141,"column":51}},"73":{"start":{"line":146,"column":16},"end":{"line":157,"column":1}},"74":{"start":{"line":148,"column":4},"end":{"line":148,"column":34}},"75":{"start":{"line":149,"column":4},"end":{"line":149,"column":23}},"76":{"start":{"line":150,"column":21},"end":{"line":150,"column":36}},"77":{"start":{"line":151,"column":20},"end":{"line":151,"column":38}},"78":{"start":{"line":152,"column":20},"end":{"line":152,"column":39}},"79":{"start":{"line":153,"column":4},"end":{"line":153,"column":45}},"80":{"start":{"line":154,"column":4},"end":{"line":156,"column":5}},"81":{"start":{"line":154,"column":17},"end":{"line":154,"column":18}},"82":{"start":{"line":155,"column":8},"end":{"line":155,"column":39}},"83":{"start":{"line":166,"column":24},"end":{"line":268,"column":1}},"84":{"start":{"line":167,"column":22},"end":{"line":167,"column":42}},"85":{"start":{"line":169,"column":20},"end":{"line":169,"column":22}},"86":{"start":{"line":170,"column":4},"end":{"line":265,"column":5}},"87":{"start":{"line":172,"column":8},"end":{"line":176,"column":11}},"88":{"start":{"line":178,"column":21},"end":{"line":178,"column":44}},"89":{"start":{"line":179,"column":8},"end":{"line":179,"column":58}},"90":{"start":{"line":180,"column":8},"end":{"line":180,"column":151}},"91":{"start":{"line":181,"column":8},"end":{"line":181,"column":64}},"92":{"start":{"line":184,"column":8},"end":{"line":184,"column":28}},"93":{"start":{"line":185,"column":8},"end":{"line":185,"column":28}},"94":{"start":{"line":188,"column":19},"end":{"line":188,"column":68}},"95":{"start":{"line":190,"column":8},"end":{"line":190,"column":30}},"96":{"start":{"line":193,"column":8},"end":{"line":193,"column":39}},"97":{"start":{"line":194,"column":8},"end":{"line":242,"column":9}},"98":{"start":{"line":195,"column":12},"end":{"line":195,"column":68}},"99":{"start":{"line":196,"column":12},"end":{"line":196,"column":19}},"100":{"start":{"line":198,"column":20},"end":{"line":198,"column":21}},"101":{"start":{"line":199,"column":12},"end":{"line":199,"column":62}},"102":{"start":{"line":200,"column":29},"end":{"line":200,"column":30}},"103":{"start":{"line":201,"column":12},"end":{"line":241,"column":13}},"104":{"start":{"line":202,"column":16},"end":{"line":202,"column":20}},"105":{"start":{"line":203,"column":16},"end":{"line":203,"column":31}},"106":{"start":{"line":204,"column":16},"end":{"line":204,"column":58}},"107":{"start":{"line":206,"column":16},"end":{"line":210,"column":18}},"108":{"start":{"line":209,"column":47},"end":{"line":209,"column":81}},"109":{"start":{"line":213,"column":16},"end":{"line":213,"column":73}},"110":{"start":{"line":214,"column":16},"end":{"line":217,"column":17}},"111":{"start":{"line":215,"column":20},"end":{"line":215,"column":64}},"112":{"start":{"line":216,"column":20},"end":{"line":216,"column":27}},"113":{"start":{"line":219,"column":16},"end":{"line":219,"column":81}},"114":{"start":{"line":220,"column":16},"end":{"line":220,"column":38}},"115":{"start":{"line":222,"column":16},"end":{"line":231,"column":19}},"116":{"start":{"line":223,"column":46},"end":{"line":223,"column":90}},"117":{"start":{"line":224,"column":39},"end":{"line":224,"column":86}},"118":{"start":{"line":225,"column":20},"end":{"line":228,"column":21}},"119":{"start":{"line":226,"column":24},"end":{"line":226,"column":43}},"120":{"start":{"line":227,"column":24},"end":{"line":227,"column":36}},"121":{"start":{"line":229,"column":20},"end":{"line":229,"column":59}},"122":{"start":{"line":230,"column":20},"end":{"line":230,"column":30}},"123":{"start":{"line":233,"column":16},"end":{"line":240,"column":17}},"124":{"start":{"line":234,"column":20},"end":{"line":237,"column":109}},"125":{"start":{"line":235,"column":41},"end":{"line":235,"column":99}},"126":{"start":{"line":236,"column":24},"end":{"line":236,"column":73}},"127":{"start":{"line":237,"column":55},"end":{"line":237,"column":107}},"128":{"start":{"line":239,"column":20},"end":{"line":239,"column":58}},"129":{"start":{"line":244,"column":32},"end":{"line":251,"column":11}},"130":{"start":{"line":244,"column":53},"end":{"line":251,"column":9}},"131":{"start":{"line":254,"column":8},"end":{"line":254,"column":54}},"132":{"start":{"line":259,"column":8},"end":{"line":259,"column":73}},"133":{"start":{"line":261,"column":8},"end":{"line":264,"column":9}},"134":{"start":{"line":262,"column":12},"end":{"line":262,"column":34}},"135":{"start":{"line":263,"column":12},"end":{"line":263,"column":43}},"136":{"start":{"line":267,"column":4},"end":{"line":267,"column":39}},"137":{"start":{"line":270,"column":0},"end":{"line":277,"column":2}}},"fnMap":{"0":{"name":"(anonymous_0)","decl":{"start":{"line":3,"column":15},"end":{"line":3,"column":16}},"loc":{"start":{"line":3,"column":23},"end":{"line":3,"column":70}},"line":3},"1":{"name":"(anonymous_1)","decl":{"start":{"line":3,"column":35},"end":{"line":3,"column":36}},"loc":{"start":{"line":3,"column":46},"end":{"line":3,"column":69}},"line":3},"2":{"name":"(anonymous_2)","decl":{"start":{"line":14,"column":25},"end":{"line":14,"column":26}},"loc":{"start":{"line":14,"column":50},"end":{"line":32,"column":1}},"line":14},"3":{"name":"(anonymous_3)","decl":{"start":{"line":41,"column":16},"end":{"line":41,"column":17}},"loc":{"start":{"line":41,"column":34},"end":{"line":63,"column":1}},"line":41},"4":{"name":"(anonymous_4)","decl":{"start":{"line":42,"column":41},"end":{"line":42,"column":42}},"loc":{"start":{"line":42,"column":47},"end":{"line":60,"column":5}},"line":42},"5":{"name":"(anonymous_5)","decl":{"start":{"line":59,"column":25},"end":{"line":59,"column":26}},"loc":{"start":{"line":59,"column":33},"end":{"line":59,"column":56}},"line":59},"6":{"name":"(anonymous_6)","decl":{"start":{"line":71,"column":25},"end":{"line":71,"column":26}},"loc":{"start":{"line":71,"column":69},"end":{"line":127,"column":1}},"line":71},"7":{"name":"(anonymous_7)","decl":{"start":{"line":78,"column":41},"end":{"line":78,"column":42}},"loc":{"start":{"line":78,"column":47},"end":{"line":89,"column":13}},"line":78},"8":{"name":"(anonymous_8)","decl":{"start":{"line":85,"column":32},"end":{"line":85,"column":33}},"loc":{"start":{"line":85,"column":39},"end":{"line":88,"column":17}},"line":85},"9":{"name":"(anonymous_9)","decl":{"start":{"line":87,"column":37},"end":{"line":87,"column":38}},"loc":{"start":{"line":87,"column":45},"end":{"line":87,"column":68}},"line":87},"10":{"name":"(anonymous_10)","decl":{"start":{"line":100,"column":26},"end":{"line":100,"column":27}},"loc":{"start":{"line":100,"column":37},"end":{"line":100,"column":62}},"line":100},"11":{"name":"(anonymous_11)","decl":{"start":{"line":115,"column":35},"end":{"line":115,"column":36}},"loc":{"start":{"line":115,"column":43},"end":{"line":121,"column":5}},"line":115},"12":{"name":"(anonymous_12)","decl":{"start":{"line":135,"column":27},"end":{"line":135,"column":28}},"loc":{"start":{"line":135,"column":47},"end":{"line":143,"column":1}},"line":135},"13":{"name":"(anonymous_13)","decl":{"start":{"line":146,"column":16},"end":{"line":146,"column":17}},"loc":{"start":{"line":146,"column":32},"end":{"line":157,"column":1}},"line":146},"14":{"name":"(anonymous_14)","decl":{"start":{"line":166,"column":24},"end":{"line":166,"column":25}},"loc":{"start":{"line":166,"column":51},"end":{"line":268,"column":1}},"line":166},"15":{"name":"(anonymous_15)","decl":{"start":{"line":209,"column":41},"end":{"line":209,"column":42}},"loc":{"start":{"line":209,"column":47},"end":{"line":209,"column":81}},"line":209},"16":{"name":"(anonymous_16)","decl":{"start":{"line":222,"column":49},"end":{"line":222,"column":50}},"loc":{"start":{"line":222,"column":55},"end":{"line":231,"column":17}},"line":222},"17":{"name":"(anonymous_17)","decl":{"start":{"line":234,"column":47},"end":{"line":234,"column":48}},"loc":{"start":{"line":234,"column":53},"end":{"line":237,"column":21}},"line":234},"18":{"name":"(anonymous_18)","decl":{"start":{"line":237,"column":49},"end":{"line":237,"column":50}},"loc":{"start":{"line":237,"column":55},"end":{"line":237,"column":107}},"line":237},"19":{"name":"(anonymous_19)","decl":{"start":{"line":244,"column":44},"end":{"line":244,"column":45}},"loc":{"start":{"line":244,"column":53},"end":{"line":251,"column":9}},"line":244}},"branchMap":{"0":{"loc":{"start":{"line":17,"column":4},"end":{"line":24,"column":5}},"type":"if","locations":[{"start":{"line":17,"column":4},"end":{"line":24,"column":5}},{"start":{},"end":{}}],"line":17},"1":{"loc":{"start":{"line":25,"column":4},"end":{"line":27,"column":5}},"type":"if","locations":[{"start":{"line":25,"column":4},"end":{"line":27,"column":5}},{"start":{},"end":{}}],"line":25},"2":{"loc":{"start":{"line":44,"column":8},"end":{"line":46,"column":9}},"type":"if","locations":[{"start":{"line":44,"column":8},"end":{"line":46,"column":9}},{"start":{},"end":{}}],"line":44},"3":{"loc":{"start":{"line":49,"column":8},"end":{"line":51,"column":9}},"type":"if","locations":[{"start":{"line":49,"column":8},"end":{"line":51,"column":9}},{"start":{},"end":{}}],"line":49},"4":{"loc":{"start":{"line":54,"column":8},"end":{"line":56,"column":9}},"type":"if","locations":[{"start":{"line":54,"column":8},"end":{"line":56,"column":9}},{"start":{},"end":{}}],"line":54},"5":{"loc":{"start":{"line":71,"column":45},"end":{"line":71,"column":64}},"type":"default-arg","locations":[{"start":{"line":71,"column":62},"end":{"line":71,"column":64}}],"line":71},"6":{"loc":{"start":{"line":80,"column":16},"end":{"line":82,"column":17}},"type":"if","locations":[{"start":{"line":80,"column":16},"end":{"line":82,"column":17}},{"start":{},"end":{}}],"line":80},"7":{"loc":{"start":{"line":91,"column":12},"end":{"line":93,"column":13}},"type":"if","locations":[{"start":{"line":91,"column":12},"end":{"line":93,"column":13}},{"start":{},"end":{}}],"line":91},"8":{"loc":{"start":{"line":103,"column":4},"end":{"line":113,"column":5}},"type":"if","locations":[{"start":{"line":103,"column":4},"end":{"line":113,"column":5}},{"start":{},"end":{}}],"line":103},"9":{"loc":{"start":{"line":105,"column":8},"end":{"line":111,"column":9}},"type":"if","locations":[{"start":{"line":105,"column":8},"end":{"line":111,"column":9}},{"start":{},"end":{}}],"line":105},"10":{"loc":{"start":{"line":137,"column":4},"end":{"line":142,"column":5}},"type":"if","locations":[{"start":{"line":137,"column":4},"end":{"line":142,"column":5}},{"start":{"line":140,"column":11},"end":{"line":142,"column":5}}],"line":137},"11":{"loc":{"start":{"line":194,"column":8},"end":{"line":242,"column":9}},"type":"if","locations":[{"start":{"line":194,"column":8},"end":{"line":242,"column":9}},{"start":{"line":197,"column":13},"end":{"line":242,"column":9}}],"line":194},"12":{"loc":{"start":{"line":201,"column":19},"end":{"line":201,"column":46}},"type":"binary-expr","locations":[{"start":{"line":201,"column":19},"end":{"line":201,"column":36}},{"start":{"line":201,"column":40},"end":{"line":201,"column":46}}],"line":201},"13":{"loc":{"start":{"line":214,"column":16},"end":{"line":217,"column":17}},"type":"if","locations":[{"start":{"line":214,"column":16},"end":{"line":217,"column":17}},{"start":{},"end":{}}],"line":214},"14":{"loc":{"start":{"line":225,"column":20},"end":{"line":228,"column":21}},"type":"if","locations":[{"start":{"line":225,"column":20},"end":{"line":228,"column":21}},{"start":{},"end":{}}],"line":225},"15":{"loc":{"start":{"line":233,"column":16},"end":{"line":240,"column":17}},"type":"if","locations":[{"start":{"line":233,"column":16},"end":{"line":240,"column":17}},{"start":{"line":238,"column":23},"end":{"line":240,"column":17}}],"line":233},"16":{"loc":{"start":{"line":236,"column":31},"end":{"line":236,"column":72}},"type":"binary-expr","locations":[{"start":{"line":236,"column":31},"end":{"line":236,"column":39}},{"start":{"line":236,"column":43},"end":{"line":236,"column":72}}],"line":236},"17":{"loc":{"start":{"line":261,"column":8},"end":{"line":264,"column":9}},"type":"if","locations":[{"start":{"line":261,"column":8},"end":{"line":264,"column":9}},{"start":{},"end":{}}],"line":261}},"s":{"0":0,"1":0,"2":0,"3":0,"4":0,"5":0,"6":0,"7":0,"8":0,"9":0,"10":0,"11":0,"12":0,"13":0,"14":0,"15":0,"16":0,"17":0,"18":0,"19":0,"20":0,"21":0,"22":0,"23":0,"24":0,"25":0,"26":0,"27":0,"28":0,"29":0,"30":0,"31":0,"32":0,"33":0,"34":0,"35":0,"36":0,"37":0,"38":0,"39":0,"40":0,"41":0,"42":0,"43":0,"44":0,"45":0,"46":0,"47":0,"48":0,"49":0,"50":0,"51":0,"52":0,"53":0,"54":0,"55":0,"56":0,"57":0,"58":0,"59":0,"60":0,"61":0,"62":0,"63":0,"64":0,"65":0,"66":0,"67":0,"68":0,"69":0,"70":0,"71":0,"72":0,"73":0,"74":0,"75":0,"76":0,"77":0,"78":0,"79":0,"80":0,"81":0,"82":0,"83":0,"84":0,"85":0,"86":0,"87":0,"88":0,"89":0,"90":0,"91":0,"92":0,"93":0,"94":0,"95":0,"96":0,"97":0,"98":0,"99":0,"100":0,"101":0,"102":0,"103":0,"104":0,"105":0,"106":0,"107":0,"108":0,"109":0,"110":0,"111":0,"112":0,"113":0,"114":0,"115":0,"116":0,"117":0,"118":0,"119":0,"120":0,"121":0,"122":0,"123":0,"124":0,"125":0,"126":0,"127":0,"128":0,"129":0,"130":0,"131":0,"132":0,"133":0,"134":0,"135":0,"136":0,"137":0},"f":{"0":0,"1":0,"2":0,"3":0,"4":0,"5":0,"6":0,"7":0,"8":0,"9":0,"10":0,"11":0,"12":0,"13":0,"14":0,"15":0,"16":0,"17":0,"18":0,"19":0},"b":{"0":[0,0],"1":[0,0],"2":[0,0],"3":[0,0],"4":[0,0],"5":[0],"6":[0,0],"7":[0,0],"8":[0,0],"9":[0,0],"10":[0,0],"11":[0,0],"12":[0,0],"13":[0,0],"14":[0,0],"15":[0,0],"16":[0,0],"17":[0,0]}}
,"C:\\Users\\busta\\Desktop\\GitHub\\comp2003-2024-group-10\\SourceCode\\src\\concordeTheatricalsBespoke.js": {"path":"C:\\Users\\busta\\Desktop\\GitHub\\comp2003-2024-group-10\\SourceCode\\src\\concordeTheatricalsBespoke.js","statementMap":{"0":{"start":{"line":1,"column":18},"end":{"line":1,"column":38}},"1":{"start":{"line":2,"column":14},"end":{"line":2,"column":69}},"2":{"start":{"line":2,"column":22},"end":{"line":2,"column":69}},"3":{"start":{"line":2,"column":45},"end":{"line":2,"column":68}},"4":{"start":{"line":3,"column":11},"end":{"line":3,"column":24}},"5":{"start":{"line":4,"column":13},"end":{"line":4,"column":28}},"6":{"start":{"line":5,"column":24},"end":{"line":5,"column":52}},"7":{"start":{"line":12,"column":25},"end":{"line":50,"column":1}},"8":{"start":{"line":14,"column":22},"end":{"line":14,"column":46}},"9":{"start":{"line":15,"column":4},"end":{"line":23,"column":5}},"10":{"start":{"line":16,"column":8},"end":{"line":22,"column":9}},"11":{"start":{"line":17,"column":12},"end":{"line":17,"column":57}},"12":{"start":{"line":18,"column":12},"end":{"line":18,"column":59}},"13":{"start":{"line":20,"column":12},"end":{"line":20,"column":88}},"14":{"start":{"line":21,"column":12},"end":{"line":21,"column":25}},"15":{"start":{"line":25,"column":23},"end":{"line":25,"column":25}},"16":{"start":{"line":27,"column":4},"end":{"line":34,"column":5}},"17":{"start":{"line":28,"column":8},"end":{"line":33,"column":9}},"18":{"start":{"line":29,"column":32},"end":{"line":29,"column":68}},"19":{"start":{"line":30,"column":12},"end":{"line":30,"column":51}},"20":{"start":{"line":32,"column":12},"end":{"line":32,"column":75}},"21":{"start":{"line":36,"column":4},"end":{"line":38,"column":5}},"22":{"start":{"line":37,"column":8},"end":{"line":37,"column":26}},"23":{"start":{"line":40,"column":4},"end":{"line":40,"column":34}},"24":{"start":{"line":42,"column":4},"end":{"line":49,"column":5}},"25":{"start":{"line":43,"column":8},"end":{"line":43,"column":85}},"26":{"start":{"line":44,"column":8},"end":{"line":44,"column":51}},"27":{"start":{"line":45,"column":8},"end":{"line":45,"column":20}},"28":{"start":{"line":47,"column":8},"end":{"line":47,"column":84}},"29":{"start":{"line":48,"column":8},"end":{"line":48,"column":21}},"30":{"start":{"line":58,"column":14},"end":{"line":66,"column":1}},"31":{"start":{"line":59,"column":21},"end":{"line":59,"column":1593}},"32":{"start":{"line":61,"column":4},"end":{"line":65,"column":7}},"33":{"start":{"line":62,"column":22},"end":{"line":62,"column":54}},"34":{"start":{"line":63,"column":22},"end":{"line":63,"column":41}},"35":{"start":{"line":64,"column":8},"end":{"line":64,"column":22}},"36":{"start":{"line":72,"column":19},"end":{"line":91,"column":1}},"37":{"start":{"line":73,"column":4},"end":{"line":90,"column":5}},"38":{"start":{"line":74,"column":8},"end":{"line":85,"column":11}},"39":{"start":{"line":75,"column":31},"end":{"line":75,"column":34}},"40":{"start":{"line":76,"column":32},"end":{"line":76,"column":34}},"41":{"start":{"line":77,"column":33},"end":{"line":77,"column":67}},"42":{"start":{"line":79,"column":12},"end":{"line":82,"column":13}},"43":{"start":{"line":79,"column":25},"end":{"line":79,"column":26}},"44":{"start":{"line":80,"column":16},"end":{"line":80,"column":47}},"45":{"start":{"line":81,"column":16},"end":{"line":81,"column":79}},"46":{"start":{"line":81,"column":45},"end":{"line":81,"column":77}},"47":{"start":{"line":84,"column":12},"end":{"line":84,"column":38}},"48":{"start":{"line":86,"column":8},"end":{"line":86,"column":20}},"49":{"start":{"line":88,"column":8},"end":{"line":88,"column":71}},"50":{"start":{"line":89,"column":8},"end":{"line":89,"column":21}},"51":{"start":{"line":99,"column":16},"end":{"line":141,"column":1}},"52":{"start":{"line":100,"column":4},"end":{"line":103,"column":5}},"53":{"start":{"line":101,"column":8},"end":{"line":101,"column":50}},"54":{"start":{"line":102,"column":8},"end":{"line":102,"column":17}},"55":{"start":{"line":105,"column":4},"end":{"line":140,"column":5}},"56":{"start":{"line":106,"column":23},"end":{"line":129,"column":10}},"57":{"start":{"line":107,"column":12},"end":{"line":128,"column":13}},"58":{"start":{"line":108,"column":30},"end":{"line":108,"column":76}},"59":{"start":{"line":109,"column":16},"end":{"line":111,"column":17}},"60":{"start":{"line":110,"column":20},"end":{"line":110,"column":56}},"61":{"start":{"line":113,"column":31},"end":{"line":113,"column":61}},"62":{"start":{"line":114,"column":16},"end":{"line":116,"column":17}},"63":{"start":{"line":115,"column":20},"end":{"line":115,"column":33}},"64":{"start":{"line":118,"column":29},"end":{"line":118,"column":55}},"65":{"start":{"line":119,"column":16},"end":{"line":121,"column":17}},"66":{"start":{"line":120,"column":20},"end":{"line":120,"column":33}},"67":{"start":{"line":123,"column":30},"end":{"line":123,"column":69}},"68":{"start":{"line":124,"column":16},"end":{"line":124,"column":66}},"69":{"start":{"line":124,"column":41},"end":{"line":124,"column":64}},"70":{"start":{"line":126,"column":16},"end":{"line":126,"column":84}},"71":{"start":{"line":127,"column":16},"end":{"line":127,"column":29}},"72":{"start":{"line":132,"column":8},"end":{"line":136,"column":9}},"73":{"start":{"line":133,"column":12},"end":{"line":133,"column":37}},"74":{"start":{"line":135,"column":12},"end":{"line":135,"column":21}},"75":{"start":{"line":138,"column":8},"end":{"line":138,"column":60}},"76":{"start":{"line":139,"column":8},"end":{"line":139,"column":17}},"77":{"start":{"line":152,"column":25},"end":{"line":252,"column":1}},"78":{"start":{"line":154,"column":27},"end":{"line":154,"column":31}},"79":{"start":{"line":157,"column":4},"end":{"line":165,"column":5}},"80":{"start":{"line":158,"column":8},"end":{"line":158,"column":59}},"81":{"start":{"line":159,"column":8},"end":{"line":163,"column":11}},"82":{"start":{"line":164,"column":8},"end":{"line":164,"column":18}},"83":{"start":{"line":167,"column":4},"end":{"line":210,"column":5}},"84":{"start":{"line":168,"column":8},"end":{"line":206,"column":9}},"85":{"start":{"line":169,"column":12},"end":{"line":195,"column":15}},"86":{"start":{"line":170,"column":16},"end":{"line":194,"column":17}},"87":{"start":{"line":171,"column":34},"end":{"line":171,"column":80}},"88":{"start":{"line":172,"column":20},"end":{"line":175,"column":21}},"89":{"start":{"line":173,"column":24},"end":{"line":173,"column":65}},"90":{"start":{"line":174,"column":24},"end":{"line":174,"column":36}},"91":{"start":{"line":177,"column":33},"end":{"line":177,"column":79}},"92":{"start":{"line":178,"column":20},"end":{"line":181,"column":21}},"93":{"start":{"line":179,"column":24},"end":{"line":179,"column":62}},"94":{"start":{"line":180,"column":24},"end":{"line":180,"column":34}},"95":{"start":{"line":183,"column":20},"end":{"line":190,"column":23}},"96":{"start":{"line":184,"column":24},"end":{"line":184,"column":44}},"97":{"start":{"line":184,"column":34},"end":{"line":184,"column":44}},"98":{"start":{"line":186,"column":38},"end":{"line":186,"column":82}},"99":{"start":{"line":187,"column":24},"end":{"line":187,"column":68}},"100":{"start":{"line":187,"column":58},"end":{"line":187,"column":68}},"101":{"start":{"line":189,"column":24},"end":{"line":189,"column":86}},"102":{"start":{"line":189,"column":49},"end":{"line":189,"column":84}},"103":{"start":{"line":192,"column":20},"end":{"line":192,"column":88}},"104":{"start":{"line":193,"column":20},"end":{"line":193,"column":32}},"105":{"start":{"line":197,"column":12},"end":{"line":199,"column":13}},"106":{"start":{"line":198,"column":16},"end":{"line":198,"column":22}},"107":{"start":{"line":202,"column":12},"end":{"line":202,"column":30}},"108":{"start":{"line":204,"column":12},"end":{"line":204,"column":45}},"109":{"start":{"line":205,"column":12},"end":{"line":205,"column":30}},"110":{"start":{"line":208,"column":8},"end":{"line":208,"column":18}},"111":{"start":{"line":209,"column":8},"end":{"line":209,"column":84}},"112":{"start":{"line":212,"column":4},"end":{"line":221,"column":5}},"113":{"start":{"line":213,"column":8},"end":{"line":213,"column":78}},"114":{"start":{"line":214,"column":8},"end":{"line":219,"column":11}},"115":{"start":{"line":220,"column":8},"end":{"line":220,"column":18}},"116":{"start":{"line":224,"column":22},"end":{"line":224,"column":79}},"117":{"start":{"line":224,"column":41},"end":{"line":224,"column":78}},"118":{"start":{"line":226,"column":26},"end":{"line":232,"column":7}},"119":{"start":{"line":226,"column":48},"end":{"line":232,"column":5}},"120":{"start":{"line":234,"column":4},"end":{"line":234,"column":56}},"121":{"start":{"line":237,"column":4},"end":{"line":240,"column":5}},"122":{"start":{"line":239,"column":8},"end":{"line":239,"column":28}},"123":{"start":{"line":243,"column":23},"end":{"line":243,"column":25}},"124":{"start":{"line":244,"column":4},"end":{"line":249,"column":5}},"125":{"start":{"line":245,"column":8},"end":{"line":245,"column":50}},"126":{"start":{"line":247,"column":8},"end":{"line":247,"column":70}},"127":{"start":{"line":248,"column":8},"end":{"line":248,"column":37}},"128":{"start":{"line":251,"column":4},"end":{"line":251,"column":24}},"129":{"start":{"line":259,"column":27},"end":{"line":287,"column":1}},"130":{"start":{"line":260,"column":4},"end":{"line":263,"column":5}},"131":{"start":{"line":261,"column":8},"end":{"line":261,"column":51}},"132":{"start":{"line":262,"column":8},"end":{"line":262,"column":20}},"133":{"start":{"line":265,"column":31},"end":{"line":265,"column":82}},"134":{"start":{"line":268,"column":30},"end":{"line":268,"column":62}},"135":{"start":{"line":269,"column":4},"end":{"line":277,"column":5}},"136":{"start":{"line":270,"column":8},"end":{"line":276,"column":9}},"137":{"start":{"line":271,"column":12},"end":{"line":271,"column":65}},"138":{"start":{"line":272,"column":12},"end":{"line":272,"column":67}},"139":{"start":{"line":274,"column":12},"end":{"line":274,"column":96}},"140":{"start":{"line":275,"column":12},"end":{"line":275,"column":25}},"141":{"start":{"line":279,"column":4},"end":{"line":286,"column":5}},"142":{"start":{"line":280,"column":8},"end":{"line":280,"column":95}},"143":{"start":{"line":281,"column":8},"end":{"line":281,"column":70}},"144":{"start":{"line":282,"column":8},"end":{"line":282,"column":20}},"145":{"start":{"line":284,"column":8},"end":{"line":284,"column":72}},"146":{"start":{"line":285,"column":8},"end":{"line":285,"column":21}},"147":{"start":{"line":297,"column":24},"end":{"line":539,"column":1}},"148":{"start":{"line":298,"column":22},"end":{"line":298,"column":42}},"149":{"start":{"line":300,"column":20},"end":{"line":300,"column":22}},"150":{"start":{"line":301,"column":27},"end":{"line":301,"column":29}},"151":{"start":{"line":304,"column":23},"end":{"line":304,"column":50}},"152":{"start":{"line":305,"column":21},"end":{"line":305,"column":45}},"153":{"start":{"line":308,"column":4},"end":{"line":327,"column":5}},"154":{"start":{"line":309,"column":8},"end":{"line":309,"column":61}},"155":{"start":{"line":312,"column":32},"end":{"line":319,"column":11}},"156":{"start":{"line":312,"column":54},"end":{"line":319,"column":9}},"157":{"start":{"line":322,"column":8},"end":{"line":324,"column":9}},"158":{"start":{"line":323,"column":12},"end":{"line":323,"column":58}},"159":{"start":{"line":326,"column":8},"end":{"line":326,"column":24}},"160":{"start":{"line":329,"column":4},"end":{"line":533,"column":5}},"161":{"start":{"line":331,"column":8},"end":{"line":337,"column":9}},"162":{"start":{"line":332,"column":30},"end":{"line":332,"column":54}},"163":{"start":{"line":333,"column":12},"end":{"line":336,"column":13}},"164":{"start":{"line":334,"column":16},"end":{"line":334,"column":61}},"165":{"start":{"line":335,"column":16},"end":{"line":335,"column":63}},"166":{"start":{"line":339,"column":8},"end":{"line":344,"column":11}},"167":{"start":{"line":346,"column":21},"end":{"line":346,"column":44}},"168":{"start":{"line":347,"column":8},"end":{"line":347,"column":58}},"169":{"start":{"line":348,"column":8},"end":{"line":348,"column":151}},"170":{"start":{"line":351,"column":34},"end":{"line":351,"column":39}},"171":{"start":{"line":353,"column":8},"end":{"line":373,"column":9}},"172":{"start":{"line":354,"column":12},"end":{"line":357,"column":15}},"173":{"start":{"line":359,"column":12},"end":{"line":359,"column":73}},"174":{"start":{"line":360,"column":12},"end":{"line":364,"column":15}},"175":{"start":{"line":366,"column":12},"end":{"line":369,"column":13}},"176":{"start":{"line":367,"column":16},"end":{"line":367,"column":38}},"177":{"start":{"line":368,"column":16},"end":{"line":368,"column":47}},"178":{"start":{"line":371,"column":12},"end":{"line":371,"column":47}},"179":{"start":{"line":372,"column":12},"end":{"line":372,"column":22}},"180":{"start":{"line":376,"column":33},"end":{"line":376,"column":55}},"181":{"start":{"line":377,"column":8},"end":{"line":379,"column":9}},"182":{"start":{"line":378,"column":12},"end":{"line":378,"column":59}},"183":{"start":{"line":382,"column":8},"end":{"line":382,"column":26}},"184":{"start":{"line":385,"column":30},"end":{"line":385,"column":68}},"185":{"start":{"line":386,"column":8},"end":{"line":401,"column":9}},"186":{"start":{"line":387,"column":12},"end":{"line":387,"column":57}},"187":{"start":{"line":388,"column":12},"end":{"line":392,"column":15}},"188":{"start":{"line":394,"column":12},"end":{"line":397,"column":13}},"189":{"start":{"line":395,"column":16},"end":{"line":395,"column":38}},"190":{"start":{"line":396,"column":16},"end":{"line":396,"column":47}},"191":{"start":{"line":399,"column":12},"end":{"line":399,"column":47}},"192":{"start":{"line":400,"column":12},"end":{"line":400,"column":22}},"193":{"start":{"line":404,"column":23},"end":{"line":404,"column":57}},"194":{"start":{"line":405,"column":8},"end":{"line":420,"column":9}},"195":{"start":{"line":406,"column":12},"end":{"line":406,"column":60}},"196":{"start":{"line":407,"column":12},"end":{"line":411,"column":15}},"197":{"start":{"line":413,"column":12},"end":{"line":416,"column":13}},"198":{"start":{"line":414,"column":16},"end":{"line":414,"column":38}},"199":{"start":{"line":415,"column":16},"end":{"line":415,"column":47}},"200":{"start":{"line":418,"column":12},"end":{"line":418,"column":47}},"201":{"start":{"line":419,"column":12},"end":{"line":419,"column":22}},"202":{"start":{"line":423,"column":8},"end":{"line":423,"column":26}},"203":{"start":{"line":426,"column":19},"end":{"line":426,"column":70}},"204":{"start":{"line":429,"column":8},"end":{"line":446,"column":9}},"205":{"start":{"line":430,"column":12},"end":{"line":430,"column":52}},"206":{"start":{"line":433,"column":12},"end":{"line":433,"column":30}},"207":{"start":{"line":434,"column":12},"end":{"line":434,"column":71}},"208":{"start":{"line":436,"column":12},"end":{"line":445,"column":13}},"209":{"start":{"line":438,"column":16},"end":{"line":441,"column":17}},"210":{"start":{"line":439,"column":20},"end":{"line":439,"column":42}},"211":{"start":{"line":440,"column":20},"end":{"line":440,"column":51}},"212":{"start":{"line":443,"column":16},"end":{"line":443,"column":51}},"213":{"start":{"line":444,"column":16},"end":{"line":444,"column":26}},"214":{"start":{"line":448,"column":8},"end":{"line":448,"column":30}},"215":{"start":{"line":451,"column":24},"end":{"line":451,"column":25}},"216":{"start":{"line":452,"column":8},"end":{"line":457,"column":9}},"217":{"start":{"line":453,"column":12},"end":{"line":453,"column":46}},"218":{"start":{"line":455,"column":12},"end":{"line":455,"column":81}},"219":{"start":{"line":459,"column":8},"end":{"line":502,"column":9}},"220":{"start":{"line":460,"column":12},"end":{"line":460,"column":68}},"221":{"start":{"line":462,"column":12},"end":{"line":462,"column":52}},"222":{"start":{"line":464,"column":12},"end":{"line":501,"column":13}},"223":{"start":{"line":464,"column":25},"end":{"line":464,"column":26}},"224":{"start":{"line":465,"column":35},"end":{"line":465,"column":36}},"225":{"start":{"line":466,"column":16},"end":{"line":466,"column":58}},"226":{"start":{"line":468,"column":16},"end":{"line":500,"column":17}},"227":{"start":{"line":469,"column":20},"end":{"line":485,"column":23}},"228":{"start":{"line":470,"column":24},"end":{"line":484,"column":25}},"229":{"start":{"line":471,"column":48},"end":{"line":471,"column":110}},"230":{"start":{"line":472,"column":47},"end":{"line":472,"column":141}},"231":{"start":{"line":472,"column":70},"end":{"line":472,"column":140}},"232":{"start":{"line":474,"column":28},"end":{"line":480,"column":29}},"233":{"start":{"line":475,"column":32},"end":{"line":475,"column":51}},"234":{"start":{"line":476,"column":32},"end":{"line":476,"column":44}},"235":{"start":{"line":478,"column":32},"end":{"line":478,"column":71}},"236":{"start":{"line":479,"column":32},"end":{"line":479,"column":45}},"237":{"start":{"line":482,"column":28},"end":{"line":482,"column":95}},"238":{"start":{"line":483,"column":28},"end":{"line":483,"column":41}},"239":{"start":{"line":487,"column":20},"end":{"line":487,"column":38}},"240":{"start":{"line":488,"column":20},"end":{"line":488,"column":43}},"241":{"start":{"line":490,"column":37},"end":{"line":490,"column":88}},"242":{"start":{"line":491,"column":20},"end":{"line":494,"column":21}},"243":{"start":{"line":492,"column":24},"end":{"line":492,"column":86}},"244":{"start":{"line":493,"column":24},"end":{"line":493,"column":30}},"245":{"start":{"line":496,"column":20},"end":{"line":496,"column":46}},"246":{"start":{"line":498,"column":20},"end":{"line":498,"column":93}},"247":{"start":{"line":499,"column":20},"end":{"line":499,"column":26}},"248":{"start":{"line":504,"column":8},"end":{"line":518,"column":9}},"249":{"start":{"line":505,"column":36},"end":{"line":512,"column":15}},"250":{"start":{"line":505,"column":57},"end":{"line":512,"column":13}},"251":{"start":{"line":515,"column":12},"end":{"line":517,"column":13}},"252":{"start":{"line":516,"column":16},"end":{"line":516,"column":62}},"253":{"start":{"line":521,"column":8},"end":{"line":521,"column":73}},"254":{"start":{"line":522,"column":8},"end":{"line":526,"column":11}},"255":{"start":{"line":527,"column":8},"end":{"line":527,"column":18}},"256":{"start":{"line":529,"column":8},"end":{"line":532,"column":9}},"257":{"start":{"line":530,"column":12},"end":{"line":530,"column":34}},"258":{"start":{"line":531,"column":12},"end":{"line":531,"column":43}},"259":{"start":{"line":536,"column":4},"end":{"line":536,"column":39}},"260":{"start":{"line":538,"column":4},"end":{"line":538,"column":19}},"261":{"start":{"line":541,"column":0},"end":{"line":550,"column":2}},"262":{"start":{"line":553,"column":0},"end":{"line":562,"column":1}},"263":{"start":{"line":555,"column":20},"end":{"line":555,"column":51}},"264":{"start":{"line":556,"column":4},"end":{"line":559,"column":5}},"265":{"start":{"line":557,"column":8},"end":{"line":557,"column":51}},"266":{"start":{"line":558,"column":8},"end":{"line":558,"column":53}},"267":{"start":{"line":561,"column":4},"end":{"line":561,"column":131}}},"fnMap":{"0":{"name":"(anonymous_0)","decl":{"start":{"line":2,"column":14},"end":{"line":2,"column":15}},"loc":{"start":{"line":2,"column":22},"end":{"line":2,"column":69}},"line":2},"1":{"name":"(anonymous_1)","decl":{"start":{"line":2,"column":34},"end":{"line":2,"column":35}},"loc":{"start":{"line":2,"column":45},"end":{"line":2,"column":68}},"line":2},"2":{"name":"(anonymous_2)","decl":{"start":{"line":12,"column":25},"end":{"line":12,"column":26}},"loc":{"start":{"line":12,"column":50},"end":{"line":50,"column":1}},"line":12},"3":{"name":"(anonymous_3)","decl":{"start":{"line":58,"column":14},"end":{"line":58,"column":15}},"loc":{"start":{"line":58,"column":29},"end":{"line":66,"column":1}},"line":58},"4":{"name":"(anonymous_4)","decl":{"start":{"line":61,"column":22},"end":{"line":61,"column":23}},"loc":{"start":{"line":61,"column":30},"end":{"line":65,"column":5}},"line":61},"5":{"name":"(anonymous_5)","decl":{"start":{"line":72,"column":19},"end":{"line":72,"column":20}},"loc":{"start":{"line":72,"column":35},"end":{"line":91,"column":1}},"line":72},"6":{"name":"(anonymous_6)","decl":{"start":{"line":74,"column":28},"end":{"line":74,"column":29}},"loc":{"start":{"line":74,"column":40},"end":{"line":85,"column":9}},"line":74},"7":{"name":"(anonymous_7)","decl":{"start":{"line":81,"column":34},"end":{"line":81,"column":35}},"loc":{"start":{"line":81,"column":45},"end":{"line":81,"column":77}},"line":81},"8":{"name":"(anonymous_8)","decl":{"start":{"line":99,"column":16},"end":{"line":99,"column":17}},"loc":{"start":{"line":99,"column":34},"end":{"line":141,"column":1}},"line":99},"9":{"name":"(anonymous_9)","decl":{"start":{"line":106,"column":45},"end":{"line":106,"column":46}},"loc":{"start":{"line":106,"column":57},"end":{"line":129,"column":9}},"line":106},"10":{"name":"(anonymous_10)","decl":{"start":{"line":124,"column":33},"end":{"line":124,"column":34}},"loc":{"start":{"line":124,"column":41},"end":{"line":124,"column":64}},"line":124},"11":{"name":"(anonymous_11)","decl":{"start":{"line":152,"column":25},"end":{"line":152,"column":26}},"loc":{"start":{"line":152,"column":77},"end":{"line":252,"column":1}},"line":152},"12":{"name":"(anonymous_12)","decl":{"start":{"line":169,"column":41},"end":{"line":169,"column":42}},"loc":{"start":{"line":169,"column":53},"end":{"line":195,"column":13}},"line":169},"13":{"name":"(anonymous_13)","decl":{"start":{"line":183,"column":36},"end":{"line":183,"column":37}},"loc":{"start":{"line":183,"column":43},"end":{"line":190,"column":21}},"line":183},"14":{"name":"(anonymous_14)","decl":{"start":{"line":189,"column":41},"end":{"line":189,"column":42}},"loc":{"start":{"line":189,"column":49},"end":{"line":189,"column":84}},"line":189},"15":{"name":"(anonymous_15)","decl":{"start":{"line":224,"column":34},"end":{"line":224,"column":35}},"loc":{"start":{"line":224,"column":41},"end":{"line":224,"column":78}},"line":224},"16":{"name":"(anonymous_16)","decl":{"start":{"line":226,"column":40},"end":{"line":226,"column":41}},"loc":{"start":{"line":226,"column":48},"end":{"line":232,"column":5}},"line":226},"17":{"name":"(anonymous_17)","decl":{"start":{"line":259,"column":27},"end":{"line":259,"column":28}},"loc":{"start":{"line":259,"column":47},"end":{"line":287,"column":1}},"line":259},"18":{"name":"(anonymous_18)","decl":{"start":{"line":297,"column":24},"end":{"line":297,"column":25}},"loc":{"start":{"line":297,"column":65},"end":{"line":539,"column":1}},"line":297},"19":{"name":"(anonymous_19)","decl":{"start":{"line":312,"column":45},"end":{"line":312,"column":46}},"loc":{"start":{"line":312,"column":54},"end":{"line":319,"column":9}},"line":312},"20":{"name":"(anonymous_20)","decl":{"start":{"line":469,"column":42},"end":{"line":469,"column":43}},"loc":{"start":{"line":469,"column":48},"end":{"line":485,"column":21}},"line":469},"21":{"name":"(anonymous_21)","decl":{"start":{"line":472,"column":64},"end":{"line":472,"column":65}},"loc":{"start":{"line":472,"column":70},"end":{"line":472,"column":140}},"line":472},"22":{"name":"(anonymous_22)","decl":{"start":{"line":505,"column":48},"end":{"line":505,"column":49}},"loc":{"start":{"line":505,"column":57},"end":{"line":512,"column":13}},"line":505}},"branchMap":{"0":{"loc":{"start":{"line":15,"column":4},"end":{"line":23,"column":5}},"type":"if","locations":[{"start":{"line":15,"column":4},"end":{"line":23,"column":5}},{"start":{},"end":{}}],"line":15},"1":{"loc":{"start":{"line":27,"column":4},"end":{"line":34,"column":5}},"type":"if","locations":[{"start":{"line":27,"column":4},"end":{"line":34,"column":5}},{"start":{},"end":{}}],"line":27},"2":{"loc":{"start":{"line":36,"column":4},"end":{"line":38,"column":5}},"type":"if","locations":[{"start":{"line":36,"column":4},"end":{"line":38,"column":5}},{"start":{},"end":{}}],"line":36},"3":{"loc":{"start":{"line":77,"column":33},"end":{"line":77,"column":67}},"type":"binary-expr","locations":[{"start":{"line":77,"column":33},"end":{"line":77,"column":59}},{"start":{"line":77,"column":63},"end":{"line":77,"column":67}}],"line":77},"4":{"loc":{"start":{"line":100,"column":4},"end":{"line":103,"column":5}},"type":"if","locations":[{"start":{"line":100,"column":4},"end":{"line":103,"column":5}},{"start":{},"end":{}}],"line":100},"5":{"loc":{"start":{"line":109,"column":16},"end":{"line":111,"column":17}},"type":"if","locations":[{"start":{"line":109,"column":16},"end":{"line":111,"column":17}},{"start":{},"end":{}}],"line":109},"6":{"loc":{"start":{"line":114,"column":16},"end":{"line":116,"column":17}},"type":"if","locations":[{"start":{"line":114,"column":16},"end":{"line":116,"column":17}},{"start":{},"end":{}}],"line":114},"7":{"loc":{"start":{"line":119,"column":16},"end":{"line":121,"column":17}},"type":"if","locations":[{"start":{"line":119,"column":16},"end":{"line":121,"column":17}},{"start":{},"end":{}}],"line":119},"8":{"loc":{"start":{"line":132,"column":8},"end":{"line":136,"column":9}},"type":"if","locations":[{"start":{"line":132,"column":8},"end":{"line":136,"column":9}},{"start":{"line":134,"column":15},"end":{"line":136,"column":9}}],"line":132},"9":{"loc":{"start":{"line":152,"column":61},"end":{"line":152,"column":72}},"type":"default-arg","locations":[{"start":{"line":152,"column":71},"end":{"line":152,"column":72}}],"line":152},"10":{"loc":{"start":{"line":157,"column":4},"end":{"line":165,"column":5}},"type":"if","locations":[{"start":{"line":157,"column":4},"end":{"line":165,"column":5}},{"start":{},"end":{}}],"line":157},"11":{"loc":{"start":{"line":172,"column":20},"end":{"line":175,"column":21}},"type":"if","locations":[{"start":{"line":172,"column":20},"end":{"line":175,"column":21}},{"start":{},"end":{}}],"line":172},"12":{"loc":{"start":{"line":177,"column":44},"end":{"line":177,"column":78}},"type":"binary-expr","locations":[{"start":{"line":177,"column":44},"end":{"line":177,"column":72}},{"start":{"line":177,"column":76},"end":{"line":177,"column":78}}],"line":177},"13":{"loc":{"start":{"line":178,"column":20},"end":{"line":181,"column":21}},"type":"if","locations":[{"start":{"line":178,"column":20},"end":{"line":181,"column":21}},{"start":{},"end":{}}],"line":178},"14":{"loc":{"start":{"line":178,"column":24},"end":{"line":178,"column":50}},"type":"binary-expr","locations":[{"start":{"line":178,"column":24},"end":{"line":178,"column":29}},{"start":{"line":178,"column":33},"end":{"line":178,"column":50}}],"line":178},"15":{"loc":{"start":{"line":184,"column":24},"end":{"line":184,"column":44}},"type":"if","locations":[{"start":{"line":184,"column":24},"end":{"line":184,"column":44}},{"start":{},"end":{}}],"line":184},"16":{"loc":{"start":{"line":186,"column":49},"end":{"line":186,"column":81}},"type":"binary-expr","locations":[{"start":{"line":186,"column":49},"end":{"line":186,"column":75}},{"start":{"line":186,"column":79},"end":{"line":186,"column":81}}],"line":186},"17":{"loc":{"start":{"line":187,"column":24},"end":{"line":187,"column":68}},"type":"if","locations":[{"start":{"line":187,"column":24},"end":{"line":187,"column":68}},{"start":{},"end":{}}],"line":187},"18":{"loc":{"start":{"line":187,"column":28},"end":{"line":187,"column":56}},"type":"binary-expr","locations":[{"start":{"line":187,"column":28},"end":{"line":187,"column":34}},{"start":{"line":187,"column":38},"end":{"line":187,"column":56}}],"line":187},"19":{"loc":{"start":{"line":189,"column":49},"end":{"line":189,"column":84}},"type":"cond-expr","locations":[{"start":{"line":189,"column":56},"end":{"line":189,"column":79}},{"start":{"line":189,"column":82},"end":{"line":189,"column":84}}],"line":189},"20":{"loc":{"start":{"line":197,"column":12},"end":{"line":199,"column":13}},"type":"if","locations":[{"start":{"line":197,"column":12},"end":{"line":199,"column":13}},{"start":{},"end":{}}],"line":197},"21":{"loc":{"start":{"line":197,"column":16},"end":{"line":197,"column":62}},"type":"binary-expr","locations":[{"start":{"line":197,"column":16},"end":{"line":197,"column":20}},{"start":{"line":197,"column":24},"end":{"line":197,"column":43}},{"start":{"line":197,"column":47},"end":{"line":197,"column":62}}],"line":197},"22":{"loc":{"start":{"line":212,"column":4},"end":{"line":221,"column":5}},"type":"if","locations":[{"start":{"line":212,"column":4},"end":{"line":221,"column":5}},{"start":{},"end":{}}],"line":212},"23":{"loc":{"start":{"line":212,"column":8},"end":{"line":212,"column":58}},"type":"binary-expr","locations":[{"start":{"line":212,"column":8},"end":{"line":212,"column":13}},{"start":{"line":212,"column":17},"end":{"line":212,"column":37}},{"start":{"line":212,"column":41},"end":{"line":212,"column":58}}],"line":212},"24":{"loc":{"start":{"line":216,"column":19},"end":{"line":216,"column":54}},"type":"binary-expr","locations":[{"start":{"line":216,"column":19},"end":{"line":216,"column":35}},{"start":{"line":216,"column":39},"end":{"line":216,"column":54}}],"line":216},"25":{"loc":{"start":{"line":224,"column":41},"end":{"line":224,"column":78}},"type":"binary-expr","locations":[{"start":{"line":224,"column":41},"end":{"line":224,"column":59}},{"start":{"line":224,"column":63},"end":{"line":224,"column":78}}],"line":224},"26":{"loc":{"start":{"line":227,"column":18},"end":{"line":227,"column":30}},"type":"binary-expr","locations":[{"start":{"line":227,"column":18},"end":{"line":227,"column":24}},{"start":{"line":227,"column":28},"end":{"line":227,"column":30}}],"line":227},"27":{"loc":{"start":{"line":228,"column":14},"end":{"line":228,"column":26}},"type":"binary-expr","locations":[{"start":{"line":228,"column":14},"end":{"line":228,"column":20}},{"start":{"line":228,"column":24},"end":{"line":228,"column":26}}],"line":228},"28":{"loc":{"start":{"line":229,"column":15},"end":{"line":229,"column":27}},"type":"binary-expr","locations":[{"start":{"line":229,"column":15},"end":{"line":229,"column":21}},{"start":{"line":229,"column":25},"end":{"line":229,"column":27}}],"line":229},"29":{"loc":{"start":{"line":230,"column":17},"end":{"line":230,"column":29}},"type":"binary-expr","locations":[{"start":{"line":230,"column":17},"end":{"line":230,"column":23}},{"start":{"line":230,"column":27},"end":{"line":230,"column":29}}],"line":230},"30":{"loc":{"start":{"line":231,"column":17},"end":{"line":231,"column":29}},"type":"binary-expr","locations":[{"start":{"line":231,"column":17},"end":{"line":231,"column":23}},{"start":{"line":231,"column":27},"end":{"line":231,"column":29}}],"line":231},"31":{"loc":{"start":{"line":237,"column":4},"end":{"line":240,"column":5}},"type":"if","locations":[{"start":{"line":237,"column":4},"end":{"line":240,"column":5}},{"start":{},"end":{}}],"line":237},"32":{"loc":{"start":{"line":260,"column":4},"end":{"line":263,"column":5}},"type":"if","locations":[{"start":{"line":260,"column":4},"end":{"line":263,"column":5}},{"start":{},"end":{}}],"line":260},"33":{"loc":{"start":{"line":260,"column":8},"end":{"line":260,"column":69}},"type":"binary-expr","locations":[{"start":{"line":260,"column":8},"end":{"line":260,"column":38}},{"start":{"line":260,"column":42},"end":{"line":260,"column":69}}],"line":260},"34":{"loc":{"start":{"line":269,"column":4},"end":{"line":277,"column":5}},"type":"if","locations":[{"start":{"line":269,"column":4},"end":{"line":277,"column":5}},{"start":{},"end":{}}],"line":269},"35":{"loc":{"start":{"line":297,"column":48},"end":{"line":297,"column":60}},"type":"default-arg","locations":[{"start":{"line":297,"column":58},"end":{"line":297,"column":60}}],"line":297},"36":{"loc":{"start":{"line":304,"column":23},"end":{"line":304,"column":50}},"type":"binary-expr","locations":[{"start":{"line":304,"column":23},"end":{"line":304,"column":41}},{"start":{"line":304,"column":45},"end":{"line":304,"column":50}}],"line":304},"37":{"loc":{"start":{"line":305,"column":21},"end":{"line":305,"column":45}},"type":"binary-expr","locations":[{"start":{"line":305,"column":21},"end":{"line":305,"column":37}},{"start":{"line":305,"column":41},"end":{"line":305,"column":45}}],"line":305},"38":{"loc":{"start":{"line":308,"column":4},"end":{"line":327,"column":5}},"type":"if","locations":[{"start":{"line":308,"column":4},"end":{"line":327,"column":5}},{"start":{},"end":{}}],"line":308},"39":{"loc":{"start":{"line":308,"column":8},"end":{"line":308,"column":30}},"type":"binary-expr","locations":[{"start":{"line":308,"column":8},"end":{"line":308,"column":18}},{"start":{"line":308,"column":22},"end":{"line":308,"column":30}}],"line":308},"40":{"loc":{"start":{"line":315,"column":18},"end":{"line":315,"column":33}},"type":"binary-expr","locations":[{"start":{"line":315,"column":18},"end":{"line":315,"column":27}},{"start":{"line":315,"column":31},"end":{"line":315,"column":33}}],"line":315},"41":{"loc":{"start":{"line":316,"column":19},"end":{"line":316,"column":35}},"type":"binary-expr","locations":[{"start":{"line":316,"column":19},"end":{"line":316,"column":29}},{"start":{"line":316,"column":33},"end":{"line":316,"column":35}}],"line":316},"42":{"loc":{"start":{"line":317,"column":21},"end":{"line":317,"column":39}},"type":"binary-expr","locations":[{"start":{"line":317,"column":21},"end":{"line":317,"column":33}},{"start":{"line":317,"column":37},"end":{"line":317,"column":39}}],"line":317},"43":{"loc":{"start":{"line":318,"column":21},"end":{"line":318,"column":39}},"type":"binary-expr","locations":[{"start":{"line":318,"column":21},"end":{"line":318,"column":33}},{"start":{"line":318,"column":37},"end":{"line":318,"column":39}}],"line":318},"44":{"loc":{"start":{"line":322,"column":8},"end":{"line":324,"column":9}},"type":"if","locations":[{"start":{"line":322,"column":8},"end":{"line":324,"column":9}},{"start":{},"end":{}}],"line":322},"45":{"loc":{"start":{"line":331,"column":8},"end":{"line":337,"column":9}},"type":"if","locations":[{"start":{"line":331,"column":8},"end":{"line":337,"column":9}},{"start":{},"end":{}}],"line":331},"46":{"loc":{"start":{"line":333,"column":12},"end":{"line":336,"column":13}},"type":"if","locations":[{"start":{"line":333,"column":12},"end":{"line":336,"column":13}},{"start":{},"end":{}}],"line":333},"47":{"loc":{"start":{"line":366,"column":12},"end":{"line":369,"column":13}},"type":"if","locations":[{"start":{"line":366,"column":12},"end":{"line":369,"column":13}},{"start":{},"end":{}}],"line":366},"48":{"loc":{"start":{"line":377,"column":8},"end":{"line":379,"column":9}},"type":"if","locations":[{"start":{"line":377,"column":8},"end":{"line":379,"column":9}},{"start":{},"end":{}}],"line":377},"49":{"loc":{"start":{"line":386,"column":8},"end":{"line":401,"column":9}},"type":"if","locations":[{"start":{"line":386,"column":8},"end":{"line":401,"column":9}},{"start":{},"end":{}}],"line":386},"50":{"loc":{"start":{"line":394,"column":12},"end":{"line":397,"column":13}},"type":"if","locations":[{"start":{"line":394,"column":12},"end":{"line":397,"column":13}},{"start":{},"end":{}}],"line":394},"51":{"loc":{"start":{"line":405,"column":8},"end":{"line":420,"column":9}},"type":"if","locations":[{"start":{"line":405,"column":8},"end":{"line":420,"column":9}},{"start":{},"end":{}}],"line":405},"52":{"loc":{"start":{"line":413,"column":12},"end":{"line":416,"column":13}},"type":"if","locations":[{"start":{"line":413,"column":12},"end":{"line":416,"column":13}},{"start":{},"end":{}}],"line":413},"53":{"loc":{"start":{"line":429,"column":8},"end":{"line":446,"column":9}},"type":"if","locations":[{"start":{"line":429,"column":8},"end":{"line":446,"column":9}},{"start":{},"end":{}}],"line":429},"54":{"loc":{"start":{"line":436,"column":12},"end":{"line":445,"column":13}},"type":"if","locations":[{"start":{"line":436,"column":12},"end":{"line":445,"column":13}},{"start":{},"end":{}}],"line":436},"55":{"loc":{"start":{"line":438,"column":16},"end":{"line":441,"column":17}},"type":"if","locations":[{"start":{"line":438,"column":16},"end":{"line":441,"column":17}},{"start":{},"end":{}}],"line":438},"56":{"loc":{"start":{"line":459,"column":8},"end":{"line":502,"column":9}},"type":"if","locations":[{"start":{"line":459,"column":8},"end":{"line":502,"column":9}},{"start":{"line":461,"column":15},"end":{"line":502,"column":9}}],"line":459},"57":{"loc":{"start":{"line":471,"column":59},"end":{"line":471,"column":109}},"type":"binary-expr","locations":[{"start":{"line":471,"column":59},"end":{"line":471,"column":103}},{"start":{"line":471,"column":107},"end":{"line":471,"column":109}}],"line":471},"58":{"loc":{"start":{"line":472,"column":70},"end":{"line":472,"column":140}},"type":"binary-expr","locations":[{"start":{"line":472,"column":70},"end":{"line":472,"column":72}},{"start":{"line":472,"column":76},"end":{"line":472,"column":90}},{"start":{"line":472,"column":94},"end":{"line":472,"column":140}}],"line":472},"59":{"loc":{"start":{"line":474,"column":28},"end":{"line":480,"column":29}},"type":"if","locations":[{"start":{"line":474,"column":28},"end":{"line":480,"column":29}},{"start":{"line":477,"column":35},"end":{"line":480,"column":29}}],"line":474},"60":{"loc":{"start":{"line":491,"column":20},"end":{"line":494,"column":21}},"type":"if","locations":[{"start":{"line":491,"column":20},"end":{"line":494,"column":21}},{"start":{},"end":{}}],"line":491},"61":{"loc":{"start":{"line":504,"column":8},"end":{"line":518,"column":9}},"type":"if","locations":[{"start":{"line":504,"column":8},"end":{"line":518,"column":9}},{"start":{},"end":{}}],"line":504},"62":{"loc":{"start":{"line":508,"column":22},"end":{"line":508,"column":37}},"type":"binary-expr","locations":[{"start":{"line":508,"column":22},"end":{"line":508,"column":31}},{"start":{"line":508,"column":35},"end":{"line":508,"column":37}}],"line":508},"63":{"loc":{"start":{"line":509,"column":23},"end":{"line":509,"column":39}},"type":"binary-expr","locations":[{"start":{"line":509,"column":23},"end":{"line":509,"column":33}},{"start":{"line":509,"column":37},"end":{"line":509,"column":39}}],"line":509},"64":{"loc":{"start":{"line":510,"column":25},"end":{"line":510,"column":43}},"type":"binary-expr","locations":[{"start":{"line":510,"column":25},"end":{"line":510,"column":37}},{"start":{"line":510,"column":41},"end":{"line":510,"column":43}}],"line":510},"65":{"loc":{"start":{"line":511,"column":25},"end":{"line":511,"column":43}},"type":"binary-expr","locations":[{"start":{"line":511,"column":25},"end":{"line":511,"column":37}},{"start":{"line":511,"column":41},"end":{"line":511,"column":43}}],"line":511},"66":{"loc":{"start":{"line":515,"column":12},"end":{"line":517,"column":13}},"type":"if","locations":[{"start":{"line":515,"column":12},"end":{"line":517,"column":13}},{"start":{},"end":{}}],"line":515},"67":{"loc":{"start":{"line":529,"column":8},"end":{"line":532,"column":9}},"type":"if","locations":[{"start":{"line":529,"column":8},"end":{"line":532,"column":9}},{"start":{},"end":{}}],"line":529},"68":{"loc":{"start":{"line":553,"column":0},"end":{"line":562,"column":1}},"type":"if","locations":[{"start":{"line":553,"column":0},"end":{"line":562,"column":1}},{"start":{},"end":{}}],"line":553},"69":{"loc":{"start":{"line":556,"column":4},"end":{"line":559,"column":5}},"type":"if","locations":[{"start":{"line":556,"column":4},"end":{"line":559,"column":5}},{"start":{},"end":{}}],"line":556}},"s":{"0":0,"1":0,"2":0,"3":0,"4":0,"5":0,"6":0,"7":0,"8":0,"9":0,"10":0,"11":0,"12":0,"13":0,"14":0,"15":0,"16":0,"17":0,"18":0,"19":0,"20":0,"21":0,"22":0,"23":0,"24":0,"25":0,"26":0,"27":0,"28":0,"29":0,"30":0,"31":0,"32":0,"33":0,"34":0,"35":0,"36":0,"37":0,"38":0,"39":0,"40":0,"41":0,"42":0,"43":0,"44":0,"45":0,"46":0,"47":0,"48":0,"49":0,"50":0,"51":0,"52":0,"53":0,"54":0,"55":0,"56":0,"57":0,"58":0,"59":0,"60":0,"61":0,"62":0,"63":0,"64":0,"65":0,"66":0,"67":0,"68":0,"69":0,"70":0,"71":0,"72":0,"73":0,"74":0,"75":0,"76":0,"77":0,"78":0,"79":0,"80":0,"81":0,"82":0,"83":0,"84":0,"85":0,"86":0,"87":0,"88":0,"89":0,"90":0,"91":0,"92":0,"93":0,"94":0,"95":0,"96":0,"97":0,"98":0,"99":0,"100":0,"101":0,"102":0,"103":0,"104":0,"105":0,"106":0,"107":0,"108":0,"109":0,"110":0,"111":0,"112":0,"113":0,"114":0,"115":0,"116":0,"117":0,"118":0,"119":0,"120":0,"121":0,"122":0,"123":0,"124":0,"125":0,"126":0,"127":0,"128":0,"129":0,"130":0,"131":0,"132":0,"133":0,"134":0,"135":0,"136":0,"137":0,"138":0,"139":0,"140":0,"141":0,"142":0,"143":0,"144":0,"145":0,"146":0,"147":0,"148":0,"149":0,"150":0,"151":0,"152":0,"153":0,"154":0,"155":0,"156":0,"157":0,"158":0,"159":0,"160":0,"161":0,"162":0,"163":0,"164":0,"165":0,"166":0,"167":0,"168":0,"169":0,"170":0,"171":0,"172":0,"173":0,"174":0,"175":0,"176":0,"177":0,"178":0,"179":0,"180":0,"181":0,"182":0,"183":0,"184":0,"185":0,"186":0,"187":0,"188":0,"189":0,"190":0,"191":0,"192":0,"193":0,"194":0,"195":0,"196":0,"197":0,"198":0,"199":0,"200":0,"201":0,"202":0,"203":0,"204":0,"205":0,"206":0,"207":0,"208":0,"209":0,"210":0,"211":0,"212":0,"213":0,"214":0,"215":0,"216":0,"217":0,"218":0,"219":0,"220":0,"221":0,"222":0,"223":0,"224":0,"225":0,"226":0,"227":0,"228":0,"229":0,"230":0,"231":0,"232":0,"233":0,"234":0,"235":0,"236":0,"237":0,"238":0,"239":0,"240":0,"241":0,"242":0,"243":0,"244":0,"245":0,"246":0,"247":0,"248":0,"249":0,"250":0,"251":0,"252":0,"253":0,"254":0,"255":0,"256":0,"257":0,"258":0,"259":0,"260":0,"261":0,"262":0,"263":0,"264":0,"265":0,"266":0,"267":0},"f":{"0":0,"1":0,"2":0,"3":0,"4":0,"5":0,"6":0,"7":0,"8":0,"9":0,"10":0,"11":0,"12":0,"13":0,"14":0,"15":0,"16":0,"17":0,"18":0,"19":0,"20":0,"21":0,"22":0},"b":{"0":[0,0],"1":[0,0],"2":[0,0],"3":[0,0],"4":[0,0],"5":[0,0],"6":[0,0],"7":[0,0],"8":[0,0],"9":[0],"10":[0,0],"11":[0,0],"12":[0,0],"13":[0,0],"14":[0,0],"15":[0,0],"16":[0,0],"17":[0,0],"18":[0,0],"19":[0,0],"20":[0,0],"21":[0,0,0],"22":[0,0],"23":[0,0,0],"24":[0,0],"25":[0,0],"26":[0,0],"27":[0,0],"28":[0,0],"29":[0,0],"30":[0,0],"31":[0,0],"32":[0,0],"33":[0,0],"34":[0,0],"35":[0],"36":[0,0],"37":[0,0],"38":[0,0],"39":[0,0],"40":[0,0],"41":[0,0],"42":[0,0],"43":[0,0],"44":[0,0],"45":[0,0],"46":[0,0],"47":[0,0],"48":[0,0],"49":[0,0],"50":[0,0],"51":[0,0],"52":[0,0],"53":[0,0],"54":[0,0],"55":[0,0],"56":[0,0],"57":[0,0],"58":[0,0,0],"59":[0,0],"60":[0,0],"61":[0,0],"62":[0,0],"63":[0,0],"64":[0,0],"65":[0,0],"66":[0,0],"67":[0,0],"68":[0,0],"69":[0,0]}}
,"C:\\Users\\busta\\Desktop\\GitHub\\comp2003-2024-group-10\\SourceCode\\src\\getShowStructure.js": {"path":"C:\\Users\\busta\\Desktop\\GitHub\\comp2003-2024-group-10\\SourceCode\\src\\getShowStructure.js","statementMap":{"0":{"start":{"line":1,"column":14},"end":{"line":1,"column":30}},"1":{"start":{"line":2,"column":16},"end":{"line":2,"column":38}},"2":{"start":{"line":3,"column":16},"end":{"line":3,"column":34}},"3":{"start":{"line":4,"column":10},"end":{"line":4,"column":28}},"4":{"start":{"line":5,"column":11},"end":{"line":5,"column":24}},"5":{"start":{"line":6,"column":13},"end":{"line":6,"column":28}},"6":{"start":{"line":7,"column":13},"end":{"line":7,"column":28}},"7":{"start":{"line":8,"column":15},"end":{"line":8,"column":41}},"8":{"start":{"line":13,"column":14},"end":{"line":13,"column":43}},"9":{"start":{"line":18,"column":35},"end":{"line":24,"column":1}},"10":{"start":{"line":19,"column":26},"end":{"line":19,"column":85}},"11":{"start":{"line":20,"column":4},"end":{"line":22,"column":5}},"12":{"start":{"line":21,"column":8},"end":{"line":21,"column":65}},"13":{"start":{"line":23,"column":4},"end":{"line":23,"column":63}},"14":{"start":{"line":32,"column":30},"end":{"line":51,"column":1}},"15":{"start":{"line":33,"column":30},"end":{"line":33,"column":32}},"16":{"start":{"line":35,"column":4},"end":{"line":48,"column":5}},"17":{"start":{"line":36,"column":6},"end":{"line":47,"column":7}},"18":{"start":{"line":38,"column":26},"end":{"line":38,"column":61}},"19":{"start":{"line":39,"column":8},"end":{"line":41,"column":9}},"20":{"start":{"line":40,"column":12},"end":{"line":40,"column":45}},"21":{"start":{"line":44,"column":8},"end":{"line":46,"column":9}},"22":{"start":{"line":45,"column":12},"end":{"line":45,"column":45}},"23":{"start":{"line":50,"column":4},"end":{"line":50,"column":29}},"24":{"start":{"line":53,"column":28},"end":{"line":91,"column":1}},"25":{"start":{"line":54,"column":2},"end":{"line":57,"column":3}},"26":{"start":{"line":55,"column":6},"end":{"line":55,"column":66}},"27":{"start":{"line":56,"column":6},"end":{"line":56,"column":18}},"28":{"start":{"line":59,"column":21},"end":{"line":59,"column":75}},"29":{"start":{"line":61,"column":2},"end":{"line":88,"column":3}},"30":{"start":{"line":62,"column":18},"end":{"line":62,"column":92}},"31":{"start":{"line":63,"column":22},"end":{"line":63,"column":100}},"32":{"start":{"line":64,"column":18},"end":{"line":64,"column":92}},"33":{"start":{"line":67,"column":6},"end":{"line":76,"column":7}},"34":{"start":{"line":69,"column":10},"end":{"line":69,"column":84}},"35":{"start":{"line":70,"column":10},"end":{"line":75,"column":12}},"36":{"start":{"line":78,"column":23},"end":{"line":78,"column":61}},"37":{"start":{"line":79,"column":6},"end":{"line":87,"column":7}},"38":{"start":{"line":80,"column":10},"end":{"line":80,"column":81}},"39":{"start":{"line":81,"column":10},"end":{"line":86,"column":12}},"40":{"start":{"line":90,"column":2},"end":{"line":90,"column":14}},"41":{"start":{"line":99,"column":27},"end":{"line":138,"column":1}},"42":{"start":{"line":100,"column":4},"end":{"line":103,"column":5}},"43":{"start":{"line":101,"column":8},"end":{"line":101,"column":53}},"44":{"start":{"line":102,"column":8},"end":{"line":102,"column":20}},"45":{"start":{"line":105,"column":4},"end":{"line":137,"column":5}},"46":{"start":{"line":106,"column":8},"end":{"line":106,"column":57}},"47":{"start":{"line":109,"column":25},"end":{"line":109,"column":65}},"48":{"start":{"line":111,"column":8},"end":{"line":114,"column":9}},"49":{"start":{"line":112,"column":12},"end":{"line":112,"column":57}},"50":{"start":{"line":113,"column":12},"end":{"line":113,"column":24}},"51":{"start":{"line":116,"column":18},"end":{"line":116,"column":45}},"52":{"start":{"line":119,"column":26},"end":{"line":119,"column":73}},"53":{"start":{"line":120,"column":8},"end":{"line":123,"column":9}},"54":{"start":{"line":121,"column":12},"end":{"line":121,"column":64}},"55":{"start":{"line":122,"column":12},"end":{"line":122,"column":24}},"56":{"start":{"line":125,"column":8},"end":{"line":129,"column":10}},"57":{"start":{"line":131,"column":8},"end":{"line":135,"column":9}},"58":{"start":{"line":132,"column":12},"end":{"line":132,"column":78}},"59":{"start":{"line":134,"column":12},"end":{"line":134,"column":70}},"60":{"start":{"line":136,"column":8},"end":{"line":136,"column":20}},"61":{"start":{"line":149,"column":30},"end":{"line":199,"column":1}},"62":{"start":{"line":150,"column":2},"end":{"line":153,"column":3}},"63":{"start":{"line":151,"column":4},"end":{"line":151,"column":75}},"64":{"start":{"line":152,"column":4},"end":{"line":152,"column":11}},"65":{"start":{"line":156,"column":17},"end":{"line":156,"column":73}},"66":{"start":{"line":157,"column":2},"end":{"line":157,"column":82}},"67":{"start":{"line":157,"column":38},"end":{"line":157,"column":80}},"68":{"start":{"line":159,"column":16},"end":{"line":159,"column":17}},"69":{"start":{"line":160,"column":21},"end":{"line":160,"column":22}},"70":{"start":{"line":162,"column":19},"end":{"line":167,"column":27}},"71":{"start":{"line":163,"column":4},"end":{"line":166,"column":44}},"72":{"start":{"line":167,"column":17},"end":{"line":167,"column":26}},"73":{"start":{"line":169,"column":2},"end":{"line":197,"column":3}},"74":{"start":{"line":170,"column":4},"end":{"line":170,"column":14}},"75":{"start":{"line":171,"column":4},"end":{"line":171,"column":56}},"76":{"start":{"line":173,"column":23},"end":{"line":173,"column":25}},"77":{"start":{"line":175,"column":4},"end":{"line":189,"column":5}},"78":{"start":{"line":176,"column":6},"end":{"line":188,"column":10}},"79":{"start":{"line":177,"column":8},"end":{"line":187,"column":9}},"80":{"start":{"line":178,"column":10},"end":{"line":178,"column":56}},"81":{"start":{"line":179,"column":10},"end":{"line":179,"column":68}},"82":{"start":{"line":179,"column":46},"end":{"line":179,"column":66}},"83":{"start":{"line":181,"column":10},"end":{"line":181,"column":71}},"84":{"start":{"line":182,"column":10},"end":{"line":186,"column":13}},"85":{"start":{"line":191,"column":4},"end":{"line":191,"column":34}},"86":{"start":{"line":192,"column":4},"end":{"line":192,"column":39}},"87":{"start":{"line":193,"column":4},"end":{"line":194,"column":33}},"88":{"start":{"line":193,"column":42},"end":{"line":193,"column":111}},"89":{"start":{"line":194,"column":22},"end":{"line":194,"column":31}},"90":{"start":{"line":196,"column":4},"end":{"line":196,"column":76}},"91":{"start":{"line":198,"column":2},"end":{"line":198,"column":109}},"92":{"start":{"line":203,"column":29},"end":{"line":337,"column":1}},"93":{"start":{"line":204,"column":2},"end":{"line":336,"column":3}},"94":{"start":{"line":205,"column":25},"end":{"line":205,"column":77}},"95":{"start":{"line":206,"column":23},"end":{"line":206,"column":71}},"96":{"start":{"line":207,"column":27},"end":{"line":207,"column":76}},"97":{"start":{"line":209,"column":4},"end":{"line":325,"column":5}},"98":{"start":{"line":210,"column":34},"end":{"line":210,"column":76}},"99":{"start":{"line":211,"column":33},"end":{"line":211,"column":84}},"100":{"start":{"line":215,"column":6},"end":{"line":220,"column":7}},"101":{"start":{"line":216,"column":8},"end":{"line":216,"column":58}},"102":{"start":{"line":218,"column":8},"end":{"line":218,"column":83}},"103":{"start":{"line":219,"column":8},"end":{"line":219,"column":81}},"104":{"start":{"line":223,"column":6},"end":{"line":225,"column":7}},"105":{"start":{"line":224,"column":8},"end":{"line":224,"column":64}},"106":{"start":{"line":228,"column":23},"end":{"line":228,"column":50}},"107":{"start":{"line":229,"column":20},"end":{"line":229,"column":59}},"108":{"start":{"line":230,"column":19},"end":{"line":230,"column":50}},"109":{"start":{"line":232,"column":6},"end":{"line":234,"column":7}},"110":{"start":{"line":233,"column":8},"end":{"line":233,"column":61}},"111":{"start":{"line":236,"column":22},"end":{"line":236,"column":24}},"112":{"start":{"line":237,"column":29},"end":{"line":237,"column":31}},"113":{"start":{"line":238,"column":19},"end":{"line":238,"column":21}},"114":{"start":{"line":240,"column":6},"end":{"line":286,"column":7}},"115":{"start":{"line":241,"column":23},"end":{"line":241,"column":41}},"116":{"start":{"line":242,"column":25},"end":{"line":242,"column":41}},"117":{"start":{"line":243,"column":23},"end":{"line":243,"column":37}},"118":{"start":{"line":245,"column":8},"end":{"line":248,"column":9}},"119":{"start":{"line":246,"column":10},"end":{"line":246,"column":74}},"120":{"start":{"line":247,"column":10},"end":{"line":247,"column":19}},"121":{"start":{"line":251,"column":27},"end":{"line":251,"column":33}},"122":{"start":{"line":252,"column":27},"end":{"line":252,"column":79}},"123":{"start":{"line":253,"column":37},"end":{"line":253,"column":64}},"124":{"start":{"line":255,"column":8},"end":{"line":264,"column":9}},"125":{"start":{"line":257,"column":12},"end":{"line":262,"column":15}},"126":{"start":{"line":257,"column":38},"end":{"line":261,"column":16}},"127":{"start":{"line":259,"column":16},"end":{"line":259,"column":77}},"128":{"start":{"line":260,"column":16},"end":{"line":260,"column":44}},"129":{"start":{"line":263,"column":12},"end":{"line":263,"column":21}},"130":{"start":{"line":266,"column":20},"end":{"line":266,"column":33}},"131":{"start":{"line":268,"column":8},"end":{"line":285,"column":12}},"132":{"start":{"line":269,"column":10},"end":{"line":284,"column":11}},"133":{"start":{"line":270,"column":27},"end":{"line":270,"column":76}},"134":{"start":{"line":271,"column":12},"end":{"line":280,"column":13}},"135":{"start":{"line":272,"column":14},"end":{"line":277,"column":17}},"136":{"start":{"line":279,"column":14},"end":{"line":279,"column":39}},"137":{"start":{"line":282,"column":12},"end":{"line":282,"column":71}},"138":{"start":{"line":283,"column":12},"end":{"line":283,"column":37}},"139":{"start":{"line":288,"column":6},"end":{"line":288,"column":30}},"140":{"start":{"line":289,"column":6},"end":{"line":289,"column":41}},"141":{"start":{"line":292,"column":6},"end":{"line":292,"column":69}},"142":{"start":{"line":293,"column":6},"end":{"line":293,"column":64}},"143":{"start":{"line":295,"column":6},"end":{"line":295,"column":77}},"144":{"start":{"line":296,"column":6},"end":{"line":299,"column":7}},"145":{"start":{"line":297,"column":8},"end":{"line":297,"column":76}},"146":{"start":{"line":298,"column":8},"end":{"line":298,"column":65}},"147":{"start":{"line":298,"column":40},"end":{"line":298,"column":63}},"148":{"start":{"line":301,"column":6},"end":{"line":305,"column":7}},"149":{"start":{"line":302,"column":8},"end":{"line":302,"column":96}},"150":{"start":{"line":304,"column":8},"end":{"line":304,"column":79}},"151":{"start":{"line":307,"column":6},"end":{"line":314,"column":8}},"152":{"start":{"line":316,"column":6},"end":{"line":316,"column":74}},"153":{"start":{"line":317,"column":6},"end":{"line":324,"column":8}},"154":{"start":{"line":327,"column":4},"end":{"line":327,"column":81}},"155":{"start":{"line":328,"column":4},"end":{"line":335,"column":6}},"156":{"start":{"line":341,"column":0},"end":{"line":347,"column":1}},"157":{"start":{"line":342,"column":2},"end":{"line":346,"column":58}},"158":{"start":{"line":344,"column":6},"end":{"line":344,"column":26}},"159":{"start":{"line":346,"column":20},"end":{"line":346,"column":56}},"160":{"start":{"line":349,"column":0},"end":{"line":349,"column":42}}},"fnMap":{"0":{"name":"(anonymous_0)","decl":{"start":{"line":18,"column":35},"end":{"line":18,"column":36}},"loc":{"start":{"line":18,"column":41},"end":{"line":24,"column":1}},"line":18},"1":{"name":"(anonymous_1)","decl":{"start":{"line":32,"column":30},"end":{"line":32,"column":31}},"loc":{"start":{"line":32,"column":83},"end":{"line":51,"column":1}},"line":32},"2":{"name":"(anonymous_2)","decl":{"start":{"line":53,"column":28},"end":{"line":53,"column":29}},"loc":{"start":{"line":53,"column":60},"end":{"line":91,"column":1}},"line":53},"3":{"name":"(anonymous_3)","decl":{"start":{"line":99,"column":27},"end":{"line":99,"column":28}},"loc":{"start":{"line":99,"column":62},"end":{"line":138,"column":1}},"line":99},"4":{"name":"(anonymous_4)","decl":{"start":{"line":149,"column":30},"end":{"line":149,"column":31}},"loc":{"start":{"line":149,"column":99},"end":{"line":199,"column":1}},"line":149},"5":{"name":"(anonymous_5)","decl":{"start":{"line":157,"column":29},"end":{"line":157,"column":30}},"loc":{"start":{"line":157,"column":38},"end":{"line":157,"column":80}},"line":157},"6":{"name":"(anonymous_6)","decl":{"start":{"line":162,"column":35},"end":{"line":162,"column":36}},"loc":{"start":{"line":163,"column":4},"end":{"line":166,"column":44}},"line":163},"7":{"name":"(anonymous_7)","decl":{"start":{"line":167,"column":8},"end":{"line":167,"column":9}},"loc":{"start":{"line":167,"column":17},"end":{"line":167,"column":26}},"line":167},"8":{"name":"(anonymous_8)","decl":{"start":{"line":176,"column":33},"end":{"line":176,"column":34}},"loc":{"start":{"line":176,"column":45},"end":{"line":188,"column":7}},"line":176},"9":{"name":"(anonymous_9)","decl":{"start":{"line":179,"column":37},"end":{"line":179,"column":38}},"loc":{"start":{"line":179,"column":46},"end":{"line":179,"column":66}},"line":179},"10":{"name":"(anonymous_10)","decl":{"start":{"line":193,"column":33},"end":{"line":193,"column":34}},"loc":{"start":{"line":193,"column":42},"end":{"line":193,"column":111}},"line":193},"11":{"name":"(anonymous_11)","decl":{"start":{"line":194,"column":13},"end":{"line":194,"column":14}},"loc":{"start":{"line":194,"column":22},"end":{"line":194,"column":31}},"line":194},"12":{"name":"(anonymous_12)","decl":{"start":{"line":203,"column":29},"end":{"line":203,"column":30}},"loc":{"start":{"line":203,"column":41},"end":{"line":337,"column":1}},"line":203},"13":{"name":"(anonymous_13)","decl":{"start":{"line":257,"column":32},"end":{"line":257,"column":33}},"loc":{"start":{"line":257,"column":38},"end":{"line":261,"column":16}},"line":257},"14":{"name":"(anonymous_14)","decl":{"start":{"line":258,"column":21},"end":{"line":258,"column":22}},"loc":{"start":{"line":258,"column":32},"end":{"line":261,"column":15}},"line":258},"15":{"name":"(anonymous_15)","decl":{"start":{"line":268,"column":28},"end":{"line":268,"column":29}},"loc":{"start":{"line":268,"column":39},"end":{"line":285,"column":9}},"line":268},"16":{"name":"(anonymous_16)","decl":{"start":{"line":298,"column":31},"end":{"line":298,"column":32}},"loc":{"start":{"line":298,"column":40},"end":{"line":298,"column":63}},"line":298},"17":{"name":"(anonymous_17)","decl":{"start":{"line":343,"column":10},"end":{"line":343,"column":11}},"loc":{"start":{"line":343,"column":22},"end":{"line":345,"column":5}},"line":343},"18":{"name":"(anonymous_18)","decl":{"start":{"line":346,"column":11},"end":{"line":346,"column":12}},"loc":{"start":{"line":346,"column":20},"end":{"line":346,"column":56}},"line":346}},"branchMap":{"0":{"loc":{"start":{"line":20,"column":4},"end":{"line":22,"column":5}},"type":"if","locations":[{"start":{"line":20,"column":4},"end":{"line":22,"column":5}},{"start":{},"end":{}}],"line":20},"1":{"loc":{"start":{"line":32,"column":54},"end":{"line":32,"column":78}},"type":"default-arg","locations":[{"start":{"line":32,"column":74},"end":{"line":32,"column":78}}],"line":32},"2":{"loc":{"start":{"line":36,"column":6},"end":{"line":47,"column":7}},"type":"if","locations":[{"start":{"line":36,"column":6},"end":{"line":47,"column":7}},{"start":{"line":42,"column":11},"end":{"line":47,"column":7}}],"line":36},"3":{"loc":{"start":{"line":39,"column":8},"end":{"line":41,"column":9}},"type":"if","locations":[{"start":{"line":39,"column":8},"end":{"line":41,"column":9}},{"start":{},"end":{}}],"line":39},"4":{"loc":{"start":{"line":44,"column":8},"end":{"line":46,"column":9}},"type":"if","locations":[{"start":{"line":44,"column":8},"end":{"line":46,"column":9}},{"start":{},"end":{}}],"line":44},"5":{"loc":{"start":{"line":54,"column":2},"end":{"line":57,"column":3}},"type":"if","locations":[{"start":{"line":54,"column":2},"end":{"line":57,"column":3}},{"start":{},"end":{}}],"line":54},"6":{"loc":{"start":{"line":54,"column":6},"end":{"line":54,"column":58}},"type":"binary-expr","locations":[{"start":{"line":54,"column":6},"end":{"line":54,"column":25}},{"start":{"line":54,"column":29},"end":{"line":54,"column":58}}],"line":54},"7":{"loc":{"start":{"line":62,"column":43},"end":{"line":62,"column":72}},"type":"binary-expr","locations":[{"start":{"line":62,"column":43},"end":{"line":62,"column":66}},{"start":{"line":62,"column":70},"end":{"line":62,"column":72}}],"line":62},"8":{"loc":{"start":{"line":63,"column":47},"end":{"line":63,"column":80}},"type":"binary-expr","locations":[{"start":{"line":63,"column":47},"end":{"line":63,"column":74}},{"start":{"line":63,"column":78},"end":{"line":63,"column":80}}],"line":63},"9":{"loc":{"start":{"line":64,"column":43},"end":{"line":64,"column":72}},"type":"binary-expr","locations":[{"start":{"line":64,"column":43},"end":{"line":64,"column":66}},{"start":{"line":64,"column":70},"end":{"line":64,"column":72}}],"line":64},"10":{"loc":{"start":{"line":67,"column":6},"end":{"line":76,"column":7}},"type":"if","locations":[{"start":{"line":67,"column":6},"end":{"line":76,"column":7}},{"start":{},"end":{}}],"line":67},"11":{"loc":{"start":{"line":67,"column":10},"end":{"line":67,"column":70}},"type":"binary-expr","locations":[{"start":{"line":67,"column":10},"end":{"line":67,"column":26}},{"start":{"line":67,"column":30},"end":{"line":67,"column":50}},{"start":{"line":67,"column":54},"end":{"line":67,"column":70}}],"line":67},"12":{"loc":{"start":{"line":79,"column":6},"end":{"line":87,"column":7}},"type":"if","locations":[{"start":{"line":79,"column":6},"end":{"line":87,"column":7}},{"start":{},"end":{}}],"line":79},"13":{"loc":{"start":{"line":79,"column":10},"end":{"line":79,"column":51}},"type":"binary-expr","locations":[{"start":{"line":79,"column":10},"end":{"line":79,"column":13}},{"start":{"line":79,"column":17},"end":{"line":79,"column":51}}],"line":79},"14":{"loc":{"start":{"line":100,"column":4},"end":{"line":103,"column":5}},"type":"if","locations":[{"start":{"line":100,"column":4},"end":{"line":103,"column":5}},{"start":{},"end":{}}],"line":100},"15":{"loc":{"start":{"line":100,"column":8},"end":{"line":100,"column":39}},"type":"binary-expr","locations":[{"start":{"line":100,"column":8},"end":{"line":100,"column":12}},{"start":{"line":100,"column":16},"end":{"line":100,"column":39}}],"line":100},"16":{"loc":{"start":{"line":111,"column":8},"end":{"line":114,"column":9}},"type":"if","locations":[{"start":{"line":111,"column":8},"end":{"line":114,"column":9}},{"start":{},"end":{}}],"line":111},"17":{"loc":{"start":{"line":120,"column":8},"end":{"line":123,"column":9}},"type":"if","locations":[{"start":{"line":120,"column
[...]
ine":155,"column":41}},"72":{"start":{"line":158,"column":19},"end":{"line":189,"column":1}},"73":{"start":{"line":159,"column":19},"end":{"line":159,"column":39}},"74":{"start":{"line":160,"column":12},"end":{"line":160,"column":39}},"75":{"start":{"line":162,"column":16},"end":{"line":162,"column":18}},"76":{"start":{"line":163,"column":2},"end":{"line":185,"column":5}},"77":{"start":{"line":164,"column":18},"end":{"line":164,"column":23}},"78":{"start":{"line":165,"column":17},"end":{"line":165,"column":65}},"79":{"start":{"line":167,"column":19},"end":{"line":169,"column":26}},"80":{"start":{"line":170,"column":24},"end":{"line":170,"column":50}},"81":{"start":{"line":171,"column":17},"end":{"line":171,"column":41}},"82":{"start":{"line":173,"column":4},"end":{"line":180,"column":5}},"83":{"start":{"line":174,"column":17},"end":{"line":174,"column":44}},"84":{"start":{"line":175,"column":21},"end":{"line":175,"column":37}},"85":{"start":{"line":176,"column":21},"end":{"line":176,"column":48}},"86":{"start":{"line":177,"column":6},"end":{"line":179,"column":7}},"87":{"start":{"line":178,"column":8},"end":{"line":178,"column":43}},"88":{"start":{"line":182,"column":4},"end":{"line":184,"column":5}},"89":{"start":{"line":183,"column":6},"end":{"line":183,"column":43}},"90":{"start":{"line":188,"column":2},"end":{"line":188,"column":19}},"91":{"start":{"line":192,"column":19},"end":{"line":200,"column":1}},"92":{"start":{"line":193,"column":2},"end":{"line":199,"column":3}},"93":{"start":{"line":194,"column":4},"end":{"line":194,"column":51}},"94":{"start":{"line":195,"column":9},"end":{"line":199,"column":3}},"95":{"start":{"line":196,"column":4},"end":{"line":196,"column":43}},"96":{"start":{"line":198,"column":4},"end":{"line":198,"column":53}},"97":{"start":{"line":202,"column":0},"end":{"line":202,"column":32}},"98":{"start":{"line":203,"column":0},"end":{"line":203,"column":39}},"99":{"start":{"line":204,"column":0},"end":{"line":204,"column":53}},"100":{"start":{"line":205,"column":0},"end":{"line":205,"column":37}},"101":{"start":{"line":206,"column":0},"end":{"line":206,"column":45}}},"fnMap":{"0":{"name":"(anonymous_0)","decl":{"start":{"line":15,"column":22},"end":{"line":15,"column":23}},"loc":{"start":{"line":15,"column":54},"end":{"line":48,"column":3}},"line":15},"1":{"name":"(anonymous_1)","decl":{"start":{"line":30,"column":32},"end":{"line":30,"column":33}},"loc":{"start":{"line":30,"column":43},"end":{"line":45,"column":5}},"line":30},"2":{"name":"(anonymous_2)","decl":{"start":{"line":56,"column":26},"end":{"line":56,"column":27}},"loc":{"start":{"line":56,"column":52},"end":{"line":84,"column":1}},"line":56},"3":{"name":"(anonymous_3)","decl":{"start":{"line":66,"column":30},"end":{"line":66,"column":31}},"loc":{"start":{"line":66,"column":41},"end":{"line":81,"column":3}},"line":66},"4":{"name":"(anonymous_4)","decl":{"start":{"line":92,"column":18},"end":{"line":92,"column":19}},"loc":{"start":{"line":92,"column":44},"end":{"line":120,"column":1}},"line":92},"5":{"name":"(anonymous_5)","decl":{"start":{"line":102,"column":30},"end":{"line":102,"column":31}},"loc":{"start":{"line":102,"column":41},"end":{"line":117,"column":3}},"line":102},"6":{"name":"(anonymous_6)","decl":{"start":{"line":128,"column":18},"end":{"line":128,"column":19}},"loc":{"start":{"line":128,"column":44},"end":{"line":156,"column":1}},"line":128},"7":{"name":"(anonymous_7)","decl":{"start":{"line":138,"column":30},"end":{"line":138,"column":31}},"loc":{"start":{"line":138,"column":41},"end":{"line":153,"column":3}},"line":138},"8":{"name":"(anonymous_8)","decl":{"start":{"line":158,"column":19},"end":{"line":158,"column":20}},"loc":{"start":{"line":158,"column":45},"end":{"line":189,"column":1}},"line":158},"9":{"name":"(anonymous_9)","decl":{"start":{"line":163,"column":30},"end":{"line":163,"column":31}},"loc":{"start":{"line":163,"column":41},"end":{"line":185,"column":3}},"line":163},"10":{"name":"(anonymous_10)","decl":{"start":{"line":192,"column":19},"end":{"line":192,"column":20}},"loc":{"start":{"line":192,"column":51},"end":{"line":200,"column":1}},"line":192}},"branchMap":{"0":{"loc":{"start":{"line":22,"column":4},"end":{"line":27,"column":5}},"type":"if","locations":[{"start":{"line":22,"column":4},"end":{"line":27,"column":5}},{"start":{},"end":{}}],"line":22},"1":{"loc":{"start":{"line":24,"column":21},"end":{"line":26,"column":14}},"type":"cond-expr","locations":[{"start":{"line":25,"column":10},"end":{"line":25,"column":58}},{"start":{"line":26,"column":10},"end":{"line":26,"column":14}}],"line":24},"2":{"loc":{"start":{"line":33,"column":20},"end":{"line":33,"column":69}},"type":"binary-expr","locations":[{"start":{"line":33,"column":20},"end":{"line":33,"column":61}},{"start":{"line":33,"column":65},"end":{"line":33,"column":69}}],"line":33},"3":{"loc":{"start":{"line":34,"column":19},"end":{"line":34,"column":67}},"type":"binary-expr","locations":[{"start":{"line":34,"column":19},"end":{"line":34,"column":59}},{"start":{"line":34,"column":63},"end":{"line":34,"column":67}}],"line":34},"4":{"loc":{"start":{"line":35,"column":23},"end":{"line":37,"column":22}},"type":"cond-expr","locations":[{"start":{"line":36,"column":10},"end":{"line":36,"column":54}},{"start":{"line":37,"column":10},"end":{"line":37,"column":22}}],"line":35},"5":{"loc":{"start":{"line":40,"column":23},"end":{"line":40,"column":87}},"type":"cond-expr","locations":[{"start":{"line":40,"column":57},"end":{"line":40,"column":61}},{"start":{"line":40,"column":64},"end":{"line":40,"column":87}}],"line":40},"6":{"loc":{"start":{"line":40,"column":23},"end":{"line":40,"column":54}},"type":"binary-expr","locations":[{"start":{"line":40,"column":23},"end":{"line":40,"column":27}},{"start":{"line":40,"column":31},"end":{"line":40,"column":54}}],"line":40},"7":{"loc":{"start":{"line":42,"column":6},"end":{"line":44,"column":7}},"type":"if","locations":[{"start":{"line":42,"column":6},"end":{"line":44,"column":7}},{"start":{},"end":{}}],"line":42},"8":{"loc":{"start":{"line":42,"column":10},"end":{"line":42,"column":35}},"type":"binary-expr","locations":[{"start":{"line":42,"column":10},"end":{"line":42,"column":15}},{"start":{"line":42,"column":19},"end":{"line":42,"column":23}},{"start":{"line":42,"column":27},"end":{"line":42,"column":35}}],"line":42},"9":{"loc":{"start":{"line":61,"column":22},"end":{"line":63,"column":27}},"type":"cond-expr","locations":[{"start":{"line":62,"column":6},"end":{"line":62,"column":58}},{"start":{"line":63,"column":6},"end":{"line":63,"column":27}}],"line":61},"10":{"loc":{"start":{"line":71,"column":21},"end":{"line":73,"column":19}},"type":"cond-expr","locations":[{"start":{"line":72,"column":8},"end":{"line":72,"column":52}},{"start":{"line":73,"column":8},"end":{"line":73,"column":19}}],"line":71},"11":{"loc":{"start":{"line":76,"column":21},"end":{"line":76,"column":85}},"type":"cond-expr","locations":[{"start":{"line":76,"column":55},"end":{"line":76,"column":59}},{"start":{"line":76,"column":62},"end":{"line":76,"column":85}}],"line":76},"12":{"loc":{"start":{"line":76,"column":21},"end":{"line":76,"column":52}},"type":"binary-expr","locations":[{"start":{"line":76,"column":21},"end":{"line":76,"column":25}},{"start":{"line":76,"column":29},"end":{"line":76,"column":52}}],"line":76},"13":{"loc":{"start":{"line":78,"column":4},"end":{"line":80,"column":5}},"type":"if","locations":[{"start":{"line":78,"column":4},"end":{"line":80,"column":5}},{"start":{},"end":{}}],"line":78},"14":{"loc":{"start":{"line":78,"column":8},"end":{"line":78,"column":33}},"type":"binary-expr","locations":[{"start":{"line":78,"column":8},"end":{"line":78,"column":13}},{"start":{"line":78,"column":17},"end":{"line":78,"column":21}},{"start":{"line":78,"column":25},"end":{"line":78,"column":33}}],"line":78},"15":{"loc":{"start":{"line":97,"column":22},"end":{"line":99,"column":23}},"type":"cond-expr","locations":[{"start":{"line":98,"column":6},"end":{"line":98,"column":78}},{"start":{"line":99,"column":6},"end":{"line":99,"column":23}}],"line":97},"16":{"loc":{"start":{"line":105,"column":18},"end":{"line":105,"column":67}},"type":"binary-expr","locations":[{"start":{"line":105,"column":18},"end":{"line":105,"column":59}},{"start":{"line":105,"column":63},"end":{"line":105,"column":67}}],"line":105},"17":{"loc":{"start":{"line":106,"column":17},"end":{"line":106,"column":65}},"type":"binary-expr","locations":[{"start":{"line":106,"column":17},"end":{"line":106,"column":57}},{"start":{"line":106,"column":61},"end":{"line":106,"column":65}}],"line":106},"18":{"loc":{"start":{"line":107,"column":21},"end":{"line":109,"column":19}},"type":"cond-expr","locations":[{"start":{"line":108,"column":8},"end":{"line":108,"column":52}},{"start":{"line":109,"column":8},"end":{"line":109,"column":19}}],"line":107},"19":{"loc":{"start":{"line":112,"column":21},"end":{"line":112,"column":85}},"type":"cond-expr","locations":[{"start":{"line":112,"column":55},"end":{"line":112,"column":59}},{"start":{"line":112,"column":62},"end":{"line":112,"column":85}}],"line":112},"20":{"loc":{"start":{"line":112,"column":21},"end":{"line":112,"column":52}},"type":"binary-expr","locations":[{"start":{"line":112,"column":21},"end":{"line":112,"column":25}},{"start":{"line":112,"column":29},"end":{"line":112,"column":52}}],"line":112},"21":{"loc":{"start":{"line":114,"column":4},"end":{"line":116,"column":5}},"type":"if","locations":[{"start":{"line":114,"column":4},"end":{"line":116,"column":5}},{"start":{},"end":{}}],"line":114},"22":{"loc":{"start":{"line":114,"column":8},"end":{"line":114,"column":33}},"type":"binary-expr","locations":[{"start":{"line":114,"column":8},"end":{"line":114,"column":13}},{"start":{"line":114,"column":17},"end":{"line":114,"column":21}},{"start":{"line":114,"column":25},"end":{"line":114,"column":33}}],"line":114},"23":{"loc":{"start":{"line":133,"column":22},"end":{"line":135,"column":23}},"type":"cond-expr","locations":[{"start":{"line":134,"column":6},"end":{"line":134,"column":78}},{"start":{"line":135,"column":6},"end":{"line":135,"column":23}}],"line":133},"24":{"loc":{"start":{"line":141,"column":18},"end":{"line":141,"column":67}},"type":"binary-expr","locations":[{"start":{"line":141,"column":18},"end":{"line":141,"column":59}},{"start":{"line":141,"column":63},"end":{"line":141,"column":67}}],"line":141},"25":{"loc":{"start":{"line":142,"column":17},"end":{"line":142,"column":65}},"type":"binary-expr","locations":[{"start":{"line":142,"column":17},"end":{"line":142,"column":57}},{"start":{"line":142,"column":61},"end":{"line":142,"column":65}}],"line":142},"26":{"loc":{"start":{"line":143,"column":21},"end":{"line":145,"column":19}},"type":"cond-expr","locations":[{"start":{"line":144,"column":8},"end":{"line":144,"column":52}},{"start":{"line":145,"column":8},"end":{"line":145,"column":19}}],"line":143},"27":{"loc":{"start":{"line":148,"column":21},"end":{"line":148,"column":85}},"type":"cond-expr","locations":[{"start":{"line":148,"column":55},"end":{"line":148,"column":59}},{"start":{"line":148,"column":62},"end":{"line":148,"column":85}}],"line":148},"28":{"loc":{"start":{"line":148,"column":21},"end":{"line":148,"column":52}},"type":"binary-expr","locations":[{"start":{"line":148,"column":21},"end":{"line":148,"column":25}},{"start":{"line":148,"column":29},"end":{"line":148,"column":52}}],"line":148},"29":{"loc":{"start":{"line":150,"column":4},"end":{"line":152,"column":5}},"type":"if","locations":[{"start":{"line":150,"column":4},"end":{"line":152,"column":5}},{"start":{},"end":{}}],"line":150},"30":{"loc":{"start":{"line":150,"column":8},"end":{"line":150,"column":33}},"type":"binary-expr","locations":[{"start":{"line":150,"column":8},"end":{"line":150,"column":13}},{"start":{"line":150,"column":17},"end":{"line":150,"column":21}},{"start":{"line":150,"column":25},"end":{"line":150,"column":33}}],"line":150},"31":{"loc":{"start":{"line":165,"column":17},"end":{"line":165,"column":65}},"type":"binary-expr","locations":[{"start":{"line":165,"column":17},"end":{"line":165,"column":57}},{"start":{"line":165,"column":61},"end":{"line":165,"column":65}}],"line":165},"32":{"loc":{"start":{"line":167,"column":19},"end":{"line":169,"column":26}},"type":"cond-expr","locations":[{"start":{"line":168,"column":8},"end":{"line":168,"column":52}},{"start":{"line":169,"column":8},"end":{"line":169,"column":26}}],"line":167},"33":{"loc":{"start":{"line":173,"column":4},"end":{"line":180,"column":5}},"type":"if","locations":[{"start":{"line":173,"column":4},"end":{"line":180,"column":5}},{"start":{},"end":{}}],"line":173},"34":{"loc":{"start":{"line":177,"column":6},"end":{"line":179,"column":7}},"type":"if","locations":[{"start":{"line":177,"column":6},"end":{"line":179,"column":7}},{"start":{},"end":{}}],"line":177},"35":{"loc":{"start":{"line":177,"column":10},"end":{"line":177,"column":26}},"type":"binary-expr","locations":[{"start":{"line":177,"column":10},"end":{"line":177,"column":16}},{"start":{"line":177,"column":20},"end":{"line":177,"column":26}}],"line":177},"36":{"loc":{"start":{"line":182,"column":4},"end":{"line":184,"column":5}},"type":"if","locations":[{"start":{"line":182,"column":4},"end":{"line":184,"column":5}},{"start":{},"end":{}}],"line":182},"37":{"loc":{"start":{"line":182,"column":8},"end":{"line":182,"column":20}},"type":"binary-expr","locations":[{"start":{"line":182,"column":8},"end":{"line":182,"column":12}},{"start":{"line":182,"column":16},"end":{"line":182,"column":20}}],"line":182},"38":{"loc":{"start":{"line":193,"column":2},"end":{"line":199,"column":3}},"type":"if","locations":[{"start":{"line":193,"column":2},"end":{"line":199,"column":3}},{"start":{"line":195,"column":9},"end":{"line":199,"column":3}}],"line":193},"39":{"loc":{"start":{"line":195,"column":9},"end":{"line":199,"column":3}},"type":"if","locations":[{"start":{"line":195,"column":9},"end":{"line":199,"column":3}},{"start":{"line":197,"column":9},"end":{"line":199,"column":3}}],"line":195}},"s":{"0":0,"1":0,"2":0,"3":0,"4":0,"5":0,"6":0,"7":0,"8":0,"9":0,"10":0,"11":0,"12":0,"13":0,"14":0,"15":0,"16":0,"17":0,"18":0,"19":0,"20":0,"21":0,"22":0,"23":0,"24":0,"25":0,"26":0,"27":0,"28":0,"29":0,"30":0,"31":0,"32":0,"33":0,"34":0,"35":0,"36":0,"37":0,"38":0,"39":0,"40":0,"41":0,"42":0,"43":0,"44":0,"45":0,"46":0,"47":0,"48":0,"49":0,"50":0,"51":0,"52":0,"53":0,"54":0,"55":0,"56":0,"57":0,"58":0,"59":0,"60":0,"61":0,"62":0,"63":0,"64":0,"65":0,"66":0,"67":0,"68":0,"69":0,"70":0,"71":0,"72":0,"73":0,"74":0,"75":0,"76":0,"77":0,"78":0,"79":0,"80":0,"81":0,"82":0,"83":0,"84":0,"85":0,"86":0,"87":0,"88":0,"89":0,"90":0,"91":0,"92":0,"93":0,"94":0,"95":0,"96":0,"97":0,"98":0,"99":0,"100":0,"101":0},"f":{"0":0,"1":0,"2":0,"3":0,"4":0,"5":0,"6":0,"7":0,"8":0,"9":0,"10":0},"b":{"0":[0,0],"1":[0,0],"2":[0,0],"3":[0,0],"4":[0,0],"5":[0,0],"6":[0,0],"7":[0,0],"8":[0,0,0],"9":[0,0],"10":[0,0],"11":[0,0],"12":[0,0],"13":[0,0],"14":[0,0,0],"15":[0,0],"16":[0,0],"17":[0,0],"18":[0,0],"19":[0,0],"20":[0,0],"21":[0,0],"22":[0,0,0],"23":[0,0],"24":[0,0],"25":[0,0],"26":[0,0],"27":[0,0],"28":[0,0],"29":[0,0],"30":[0,0,0],"31":[0,0],"32":[0,0],"33":[0,0],"34":[0,0],"35":[0,0],"36":[0,0],"37":[0,0],"38":[0,0],"39":[0,0]}}
,"C:\\Users\\busta\\Desktop\\GitHub\\comp2003-2024-group-10\\SourceCode\\src\\utils.js": {"path":"C:\\Users\\busta\\Desktop\\GitHub\\comp2003-2024-group-10\\SourceCode\\src\\utils.js","statementMap":{"0":{"start":{"line":1,"column":11},"end":{"line":1,"column":24}},"1":{"start":{"line":4,"column":25},"end":{"line":15,"column":1}},"2":{"start":{"line":5,"column":15},"end":{"line":5,"column":25}},"3":{"start":{"line":6,"column":15},"end":{"line":6,"column":33}},"4":{"start":{"line":7,"column":16},"end":{"line":7,"column":65}},"5":{"start":{"line":8,"column":14},"end":{"line":8,"column":56}},"6":{"start":{"line":9,"column":15},"end":{"line":9,"column":58}},"7":{"start":{"line":10,"column":17},"end":{"line":10,"column":62}},"8":{"start":{"line":11,"column":17},"end":{"line":11,"column":62}},"9":{"start":{"line":14,"column":2},"end":{"line":14,"column":84}},"10":{"start":{"line":18,"column":17},"end":{"line":56,"column":1}},"11":{"start":{"line":19,"column":2},"end":{"line":55,"column":3}},"12":{"start":{"line":21,"column":4},"end":{"line":27,"column":5}},"13":{"start":{"line":22,"column":6},"end":{"line":22,"column":73}},"14":{"start":{"line":23,"column":6},"end":{"line":23,"column":16}},"15":{"start":{"line":24,"column":11},"end":{"line":27,"column":5}},"16":{"start":{"line":26,"column":6},"end":{"line":26,"column":61}},"17":{"start":{"line":29,"column":21},"end":{"line":29,"column":50}},"18":{"start":{"line":31,"column":19},"end":{"line":31,"column":80}},"19":{"start":{"line":34,"column":4},"end":{"line":42,"column":5}},"20":{"start":{"line":35,"column":6},"end":{"line":38,"column":7}},"21":{"start":{"line":36,"column":8},"end":{"line":36,"column":50}},"22":{"start":{"line":37,"column":8},"end":{"line":37,"column":52}},"23":{"start":{"line":40,"column":6},"end":{"line":40,"column":77}},"24":{"start":{"line":41,"column":6},"end":{"line":41,"column":18}},"25":{"start":{"line":45,"column":4},"end":{"line":51,"column":5}},"26":{"start":{"line":46,"column":6},"end":{"line":46,"column":54}},"27":{"start":{"line":47,"column":6},"end":{"line":47,"column":39}},"28":{"start":{"line":49,"column":6},"end":{"line":49,"column":75}},"29":{"start":{"line":50,"column":6},"end":{"line":50,"column":18}},"30":{"start":{"line":53,"column":4},"end":{"line":53,"column":66}},"31":{"start":{"line":54,"column":4},"end":{"line":54,"column":16}},"32":{"start":{"line":59,"column":0},"end":{"line":62,"column":2}}},"fnMap":{"0":{"name":"(anonymous_0)","decl":{"start":{"line":4,"column":25},"end":{"line":4,"column":26}},"loc":{"start":{"line":4,"column":62},"end":{"line":15,"column":1}},"line":4},"1":{"name":"(anonymous_1)","decl":{"start":{"line":18,"column":17},"end":{"line":18,"column":18}},"loc":{"start":{"line":18,"column":27},"end":{"line":56,"column":1}},"line":18}},"branchMap":{"0":{"loc":{"start":{"line":4,"column":26},"end":{"line":4,"column":37}},"type":"default-arg","locations":[{"start":{"line":4,"column":35},"end":{"line":4,"column":37}}],"line":4},"1":{"loc":{"start":{"line":4,"column":39},"end":{"line":4,"column":57}},"type":"default-arg","locations":[{"start":{"line":4,"column":51},"end":{"line":4,"column":57}}],"line":4},"2":{"loc":{"start":{"line":21,"column":4},"end":{"line":27,"column":5}},"type":"if","locations":[{"start":{"line":21,"column":4},"end":{"line":27,"column":5}},{"start":{"line":24,"column":11},"end":{"line":27,"column":5}}],"line":21},"3":{"loc":{"start":{"line":21,"column":8},"end":{"line":21,"column":43}},"type":"binary-expr","locations":[{"start":{"line":21,"column":8},"end":{"line":21,"column":21}},{"start":{"line":21,"column":25},"end":{"line":21,"column":43}}],"line":21},"4":{"loc":{"start":{"line":24,"column":11},"end":{"line":27,"column":5}},"type":"if","locations":[{"start":{"line":24,"column":11},"end":{"line":27,"column":5}},{"start":{},"end":{}}],"line":24},"5":{"loc":{"start":{"line":31,"column":19},"end":{"line":31,"column":80}},"type":"cond-expr","locations":[{"start":{"line":31,"column":53},"end":{"line":31,"column":64}},{"start":{"line":31,"column":67},"end":{"line":31,"column":80}}],"line":31},"6":{"loc":{"start":{"line":35,"column":6},"end":{"line":38,"column":7}},"type":"if","locations":[{"start":{"line":35,"column":6},"end":{"line":38,"column":7}},{"start":{},"end":{}}],"line":35}},"s":{"0":1,"1":1,"2":12,"3":12,"4":12,"5":12,"6":12,"7":12,"8":12,"9":12,"10":1,"11":7,"12":7,"13":2,"14":2,"15":5,"16":1,"17":7,"18":7,"19":7,"20":7,"21":2,"22":1,"23":1,"24":1,"25":6,"26":6,"27":5,"28":1,"29":1,"30":0,"31":0,"32":1},"f":{"0":12,"1":7},"b":{"0":[4],"1":[4],"2":[2,5],"3":[7,6],"4":[1,4],"5":[7,0],"6":[2,5]},"_coverageSchema":"1a1c01bbd47fc00a2c39e90264f33305004495a9","hash":"4f39a079c3191430d0b2669d6a3ee931726e6bbb"}
}
