{"C:\\Users\\busta\\Desktop\\GitHub\\comp2003-2024-group-10\\SourceCode\\src\\concordeScrapeall.js": {"path":"C:\\Users\\busta\\Desktop\\GitHub\\comp2003-2024-group-10\\SourceCode\\src\\concordeScrapeall.js","statementMap":{"0":{"start":{"line":2,"column":18},"end":{"line":2,"column":38}},"1":{"start":{"line":3,"column":15},"end":{"line":3,"column":70}},"2":{"start":{"line":3,"column":23},"end":{"line":3,"column":70}},"3":{"start":{"line":3,"column":46},"end":{"line":3,"column":69}},"4":{"start":{"line":4,"column":11},"end":{"line":4,"column":24}},"5":{"start":{"line":5,"column":13},"end":{"line":5,"column":28}},"6":{"start":{"line":6,"column":24},"end":{"line":6,"column":52}},"7":{"start":{"line":7,"column":10},"end":{"line":7,"column":28}},"8":{"start":{"line":8,"column":22},"end":{"line":8,"column":24}},"9":{"start":{"line":14,"column":25},"end":{"line":32,"column":1}},"10":{"start":{"line":15,"column":23},"end":{"line":15,"column":25}},"11":{"start":{"line":17,"column":4},"end":{"line":24,"column":5}},"12":{"start":{"line":18,"column":8},"end":{"line":23,"column":9}},"13":{"start":{"line":19,"column":32},"end":{"line":19,"column":68}},"14":{"start":{"line":20,"column":12},"end":{"line":20,"column":51}},"15":{"start":{"line":22,"column":12},"end":{"line":22,"column":73}},"16":{"start":{"line":25,"column":4},"end":{"line":27,"column":5}},"17":{"start":{"line":26,"column":8},"end":{"line":26,"column":26}},"18":{"start":{"line":28,"column":4},"end":{"line":28,"column":34}},"19":{"start":{"line":30,"column":4},"end":{"line":30,"column":81}},"20":{"start":{"line":31,"column":4},"end":{"line":31,"column":47}},"21":{"start":{"line":41,"column":16},"end":{"line":63,"column":1}},"22":{"start":{"line":42,"column":19},"end":{"line":60,"column":6}},"23":{"start":{"line":43,"column":22},"end":{"line":43,"column":68}},"24":{"start":{"line":44,"column":8},"end":{"line":46,"column":9}},"25":{"start":{"line":45,"column":12},"end":{"line":45,"column":38}},"26":{"start":{"line":48,"column":23},"end":{"line":48,"column":53}},"27":{"start":{"line":49,"column":8},"end":{"line":51,"column":9}},"28":{"start":{"line":50,"column":12},"end":{"line":50,"column":25}},"29":{"start":{"line":53,"column":21},"end":{"line":53,"column":47}},"30":{"start":{"line":54,"column":8},"end":{"line":56,"column":9}},"31":{"start":{"line":55,"column":12},"end":{"line":55,"column":25}},"32":{"start":{"line":58,"column":22},"end":{"line":58,"column":61}},"33":{"start":{"line":59,"column":8},"end":{"line":59,"column":58}},"34":{"start":{"line":59,"column":33},"end":{"line":59,"column":56}},"35":{"start":{"line":62,"column":4},"end":{"line":62,"column":29}},"36":{"start":{"line":71,"column":25},"end":{"line":124,"column":1}},"37":{"start":{"line":73,"column":27},"end":{"line":73,"column":31}},"38":{"start":{"line":75,"column":4},"end":{"line":100,"column":5}},"39":{"start":{"line":76,"column":8},"end":{"line":95,"column":9}},"40":{"start":{"line":77,"column":12},"end":{"line":88,"column":15}},"41":{"start":{"line":78,"column":30},"end":{"line":78,"column":76}},"42":{"start":{"line":79,"column":16},"end":{"line":81,"column":17}},"43":{"start":{"line":80,"column":20},"end":{"line":80,"column":32}},"44":{"start":{"line":83,"column":29},"end":{"line":83,"column":69}},"45":{"start":{"line":84,"column":16},"end":{"line":87,"column":19}},"46":{"start":{"line":85,"column":34},"end":{"line":85,"column":72}},"47":{"start":{"line":86,"column":20},"end":{"line":86,"column":70}},"48":{"start":{"line":86,"column":45},"end":{"line":86,"column":68}},"49":{"start":{"line":90,"column":12},"end":{"line":92,"column":13}},"50":{"start":{"line":91,"column":16},"end":{"line":91,"column":22}},"51":{"start":{"line":94,"column":12},"end":{"line":94,"column":45}},"52":{"start":{"line":97,"column":8},"end":{"line":97,"column":18}},"53":{"start":{"line":98,"column":8},"end":{"line":98,"column":88}},"54":{"start":{"line":99,"column":8},"end":{"line":99,"column":64}},"55":{"start":{"line":99,"column":37},"end":{"line":99,"column":62}},"56":{"start":{"line":102,"column":4},"end":{"line":110,"column":5}},"57":{"start":{"line":103,"column":8},"end":{"line":103,"column":79}},"58":{"start":{"line":104,"column":8},"end":{"line":108,"column":11}},"59":{"start":{"line":109,"column":8},"end":{"line":109,"column":18}},"60":{"start":{"line":112,"column":26},"end":{"line":118,"column":7}},"61":{"start":{"line":112,"column":43},"end":{"line":118,"column":5}},"62":{"start":{"line":120,"column":4},"end":{"line":120,"column":47}},"63":{"start":{"line":121,"column":4},"end":{"line":121,"column":24}},"64":{"start":{"line":123,"column":4},"end":{"line":123,"column":25}},"65":{"start":{"line":132,"column":27},"end":{"line":140,"column":1}},"66":{"start":{"line":133,"column":31},"end":{"line":133,"column":82}},"67":{"start":{"line":134,"column":4},"end":{"line":139,"column":5}},"68":{"start":{"line":135,"column":8},"end":{"line":135,"column":94}},"69":{"start":{"line":136,"column":8},"end":{"line":136,"column":70}},"70":{"start":{"line":138,"column":8},"end":{"line":138,"column":51}},"71":{"start":{"line":143,"column":16},"end":{"line":154,"column":1}},"72":{"start":{"line":145,"column":4},"end":{"line":145,"column":34}},"73":{"start":{"line":146,"column":4},"end":{"line":146,"column":23}},"74":{"start":{"line":147,"column":21},"end":{"line":147,"column":36}},"75":{"start":{"line":148,"column":20},"end":{"line":148,"column":38}},"76":{"start":{"line":149,"column":20},"end":{"line":149,"column":39}},"77":{"start":{"line":150,"column":4},"end":{"line":150,"column":45}},"78":{"start":{"line":151,"column":4},"end":{"line":153,"column":5}},"79":{"start":{"line":152,"column":8},"end":{"line":152,"column":39}},"80":{"start":{"line":163,"column":24},"end":{"line":265,"column":1}},"81":{"start":{"line":164,"column":22},"end":{"line":164,"column":42}},"82":{"start":{"line":166,"column":20},"end":{"line":166,"column":22}},"83":{"start":{"line":167,"column":4},"end":{"line":262,"column":5}},"84":{"start":{"line":169,"column":8},"end":{"line":173,"column":11}},"85":{"start":{"line":175,"column":21},"end":{"line":175,"column":44}},"86":{"start":{"line":176,"column":8},"end":{"line":176,"column":58}},"87":{"start":{"line":177,"column":8},"end":{"line":177,"column":151}},"88":{"start":{"line":178,"column":8},"end":{"line":178,"column":64}},"89":{"start":{"line":181,"column":8},"end":{"line":181,"column":28}},"90":{"start":{"line":182,"column":8},"end":{"line":182,"column":28}},"91":{"start":{"line":185,"column":19},"end":{"line":185,"column":52}},"92":{"start":{"line":187,"column":8},"end":{"line":187,"column":30}},"93":{"start":{"line":190,"column":8},"end":{"line":190,"column":39}},"94":{"start":{"line":191,"column":8},"end":{"line":239,"column":9}},"95":{"start":{"line":192,"column":12},"end":{"line":192,"column":68}},"96":{"start":{"line":193,"column":12},"end":{"line":193,"column":19}},"97":{"start":{"line":195,"column":20},"end":{"line":195,"column":21}},"98":{"start":{"line":196,"column":12},"end":{"line":196,"column":62}},"99":{"start":{"line":197,"column":29},"end":{"line":197,"column":30}},"100":{"start":{"line":198,"column":12},"end":{"line":238,"column":13}},"101":{"start":{"line":199,"column":16},"end":{"line":199,"column":20}},"102":{"start":{"line":200,"column":16},"end":{"line":200,"column":31}},"103":{"start":{"line":201,"column":16},"end":{"line":201,"column":58}},"104":{"start":{"line":203,"column":16},"end":{"line":207,"column":18}},"105":{"start":{"line":206,"column":47},"end":{"line":206,"column":81}},"106":{"start":{"line":210,"column":16},"end":{"line":210,"column":57}},"107":{"start":{"line":211,"column":16},"end":{"line":214,"column":17}},"108":{"start":{"line":212,"column":20},"end":{"line":212,"column":64}},"109":{"start":{"line":213,"column":20},"end":{"line":213,"column":27}},"110":{"start":{"line":216,"column":16},"end":{"line":216,"column":81}},"111":{"start":{"line":217,"column":16},"end":{"line":217,"column":38}},"112":{"start":{"line":219,"column":16},"end":{"line":228,"column":19}},"113":{"start":{"line":220,"column":46},"end":{"line":220,"column":90}},"114":{"start":{"line":221,"column":39},"end":{"line":221,"column":86}},"115":{"start":{"line":222,"column":20},"end":{"line":225,"column":21}},"116":{"start":{"line":223,"column":24},"end":{"line":223,"column":43}},"117":{"start":{"line":224,"column":24},"end":{"line":224,"column":36}},"118":{"start":{"line":226,"column":20},"end":{"line":226,"column":59}},"119":{"start":{"line":227,"column":20},"end":{"line":227,"column":30}},"120":{"start":{"line":230,"column":16},"end":{"line":237,"column":17}},"121":{"start":{"line":231,"column":20},"end":{"line":234,"column":109}},"122":{"start":{"line":232,"column":41},"end":{"line":232,"column":99}},"123":{"start":{"line":233,"column":24},"end":{"line":233,"column":73}},"124":{"start":{"line":234,"column":55},"end":{"line":234,"column":107}},"125":{"start":{"line":236,"column":20},"end":{"line":236,"column":58}},"126":{"start":{"line":241,"column":32},"end":{"line":248,"column":11}},"127":{"start":{"line":241,"column":53},"end":{"line":248,"column":9}},"128":{"start":{"line":251,"column":8},"end":{"line":251,"column":54}},"129":{"start":{"line":256,"column":8},"end":{"line":256,"column":73}},"130":{"start":{"line":258,"column":8},"end":{"line":261,"column":9}},"131":{"start":{"line":259,"column":12},"end":{"line":259,"column":34}},"132":{"start":{"line":260,"column":12},"end":{"line":260,"column":43}},"133":{"start":{"line":264,"column":4},"end":{"line":264,"column":38}},"134":{"start":{"line":267,"column":0},"end":{"line":269,"column":2}},"135":{"start":{"line":273,"column":0},"end":{"line":273,"column":122}}},"fnMap":{"0":{"name":"(anonymous_0)","decl":{"start":{"line":3,"column":15},"end":{"line":3,"column":16}},"loc":{"start":{"line":3,"column":23},"end":{"line":3,"column":70}},"line":3},"1":{"name":"(anonymous_1)","decl":{"start":{"line":3,"column":35},"end":{"line":3,"column":36}},"loc":{"start":{"line":3,"column":46},"end":{"line":3,"column":69}},"line":3},"2":{"name":"(anonymous_2)","decl":{"start":{"line":14,"column":25},"end":{"line":14,"column":26}},"loc":{"start":{"line":14,"column":50},"end":{"line":32,"column":1}},"line":14},"3":{"name":"(anonymous_3)","decl":{"start":{"line":41,"column":16},"end":{"line":41,"column":17}},"loc":{"start":{"line":41,"column":32},"end":{"line":63,"column":1}},"line":41},"4":{"name":"(anonymous_4)","decl":{"start":{"line":42,"column":39},"end":{"line":42,"column":40}},"loc":{"start":{"line":42,"column":45},"end":{"line":60,"column":5}},"line":42},"5":{"name":"(anonymous_5)","decl":{"start":{"line":59,"column":25},"end":{"line":59,"column":26}},"loc":{"start":{"line":59,"column":33},"end":{"line":59,"column":56}},"line":59},"6":{"name":"(anonymous_6)","decl":{"start":{"line":71,"column":25},"end":{"line":71,"column":26}},"loc":{"start":{"line":71,"column":59},"end":{"line":124,"column":1}},"line":71},"7":{"name":"(anonymous_7)","decl":{"start":{"line":77,"column":39},"end":{"line":77,"column":40}},"loc":{"start":{"line":77,"column":45},"end":{"line":88,"column":13}},"line":77},"8":{"name":"(anonymous_8)","decl":{"start":{"line":84,"column":32},"end":{"line":84,"column":33}},"loc":{"start":{"line":84,"column":39},"end":{"line":87,"column":17}},"line":84},"9":{"name":"(anonymous_9)","decl":{"start":{"line":86,"column":37},"end":{"line":86,"column":38}},"loc":{"start":{"line":86,"column":45},"end":{"line":86,"column":68}},"line":86},"10":{"name":"(anonymous_10)","decl":{"start":{"line":99,"column":26},"end":{"line":99,"column":27}},"loc":{"start":{"line":99,"column":37},"end":{"line":99,"column":62}},"line":99},"11":{"name":"(anonymous_11)","decl":{"start":{"line":112,"column":35},"end":{"line":112,"column":36}},"loc":{"start":{"line":112,"column":43},"end":{"line":118,"column":5}},"line":112},"12":{"name":"(anonymous_12)","decl":{"start":{"line":132,"column":27},"end":{"line":132,"column":28}},"loc":{"start":{"line":132,"column":46},"end":{"line":140,"column":1}},"line":132},"13":{"name":"(anonymous_13)","decl":{"start":{"line":143,"column":16},"end":{"line":143,"column":17}},"loc":{"start":{"line":143,"column":32},"end":{"line":154,"column":1}},"line":143},"14":{"name":"(anonymous_14)","decl":{"start":{"line":163,"column":24},"end":{"line":163,"column":25}},"loc":{"start":{"line":163,"column":51},"end":{"line":265,"column":1}},"line":163},"15":{"name":"(anonymous_15)","decl":{"start":{"line":206,"column":41},"end":{"line":206,"column":42}},"loc":{"start":{"line":206,"column":47},"end":{"line":206,"column":81}},"line":206},"16":{"name":"(anonymous_16)","decl":{"start":{"line":219,"column":49},"end":{"line":219,"column":50}},"loc":{"start":{"line":219,"column":55},"end":{"line":228,"column":17}},"line":219},"17":{"name":"(anonymous_17)","decl":{"start":{"line":231,"column":47},"end":{"line":231,"column":48}},"loc":{"start":{"line":231,"column":53},"end":{"line":234,"column":21}},"line":231},"18":{"name":"(anonymous_18)","decl":{"start":{"line":234,"column":49},"end":{"line":234,"column":50}},"loc":{"start":{"line":234,"column":55},"end":{"line":234,"column":107}},"line":234},"19":{"name":"(anonymous_19)","decl":{"start":{"line":241,"column":44},"end":{"line":241,"column":45}},"loc":{"start":{"line":241,"column":53},"end":{"line":248,"column":9}},"line":241}},"branchMap":{"0":{"loc":{"start":{"line":17,"column":4},"end":{"line":24,"column":5}},"type":"if","locations":[{"start":{"line":17,"column":4},"end":{"line":24,"column":5}},{"start":{},"end":{}}],"line":17},"1":{"loc":{"start":{"line":25,"column":4},"end":{"line":27,"column":5}},"type":"if","locations":[{"start":{"line":25,"column":4},"end":{"line":27,"column":5}},{"start":{},"end":{}}],"line":25},"2":{"loc":{"start":{"line":44,"column":8},"end":{"line":46,"column":9}},"type":"if","locations":[{"start":{"line":44,"column":8},"end":{"line":46,"column":9}},{"start":{},"end":{}}],"line":44},"3":{"loc":{"start":{"line":49,"column":8},"end":{"line":51,"column":9}},"type":"if","locations":[{"start":{"line":49,"column":8},"end":{"line":51,"column":9}},{"start":{},"end":{}}],"line":49},"4":{"loc":{"start":{"line":54,"column":8},"end":{"line":56,"column":9}},"type":"if","locations":[{"start":{"line":54,"column":8},"end":{"line":56,"column":9}},{"start":{},"end":{}}],"line":54},"5":{"loc":{"start":{"line":71,"column":43},"end":{"line":71,"column":54}},"type":"default-arg","locations":[{"start":{"line":71,"column":53},"end":{"line":71,"column":54}}],"line":71},"6":{"loc":{"start":{"line":79,"column":16},"end":{"line":81,"column":17}},"type":"if","locations":[{"start":{"line":79,"column":16},"end":{"line":81,"column":17}},{"start":{},"end":{}}],"line":79},"7":{"loc":{"start":{"line":90,"column":12},"end":{"line":92,"column":13}},"type":"if","locations":[{"start":{"line":90,"column":12},"end":{"line":92,"column":13}},{"start":{},"end":{}}],"line":90},"8":{"loc":{"start":{"line":102,"column":4},"end":{"line":110,"column":5}},"type":"if","locations":[{"start":{"line":102,"column":4},"end":{"line":110,"column":5}},{"start":{},"end":{}}],"line":102},"9":{"loc":{"start":{"line":134,"column":4},"end":{"line":139,"column":5}},"type":"if","locations":[{"start":{"line":134,"column":4},"end":{"line":139,"column":5}},{"start":{"line":137,"column":11},"end":{"line":139,"column":5}}],"line":134},"10":{"loc":{"start":{"line":191,"column":8},"end":{"line":239,"column":9}},"type":"if","locations":[{"start":{"line":191,"column":8},"end":{"line":239,"column":9}},{"start":{"line":194,"column":13},"end":{"line":239,"column":9}}],"line":191},"11":{"loc":{"start":{"line":198,"column":19},"end":{"line":198,"column":46}},"type":"binary-expr","locations":[{"start":{"line":198,"column":19},"end":{"line":198,"column":36}},{"start":{"line":198,"column":40},"end":{"line":198,"column":46}}],"line":198},"12":{"loc":{"start":{"line":211,"column":16},"end":{"line":214,"column":17}},"type":"if","locations":[{"start":{"line":211,"column":16},"end":{"line":214,"column":17}},{"start":{},"end":{}}],"line":211},"13":{"loc":{"start":{"line":222,"column":20},"end":{"line":225,"column":21}},"type":"if","locations":[{"start":{"line":222,"column":20},"end":{"line":225,"column":21}},{"start":{},"end":{}}],"line":222},"14":{"loc":{"start":{"line":230,"column":16},"end":{"line":237,"column":17}},"type":"if","locations":[{"start":{"line":230,"column":16},"end":{"line":237,"column":17}},{"start":{"line":235,"column":23},"end":{"line":237,"column":17}}],"line":230},"15":{"loc":{"start":{"line":233,"column":31},"end":{"line":233,"column":72}},"type":"binary-expr","locations":[{"start":{"line":233,"column":31},"end":{"line":233,"column":39}},{"start":{"line":233,"column":43},"end":{"line":233,"column":72}}],"line":233},"16":{"loc":{"start":{"line":258,"column":8},"end":{"line":261,"column":9}},"type":"if","locations":[{"start":{"line":258,"column":8},"end":{"line":261,"column":9}},{"start":{},"end":{}}],"line":258}},"s":{"0":0,"1":0,"2":0,"3":0,"4":0,"5":0,"6":0,"7":0,"8":0,"9":0,"10":0,"11":0,"12":0,"13":0,"14":0,"15":0,"16":0,"17":0,"18":0,"19":0,"20":0,"21":0,"22":0,"23":0,"24":0,"25":0,"26":0,"27":0,"28":0,"29":0,"30":0,"31":0,"32":0,"33":0,"34":0,"35":0,"36":0,"37":0,"38":0,"39":0,"40":0,"41":0,"42":0,"43":0,"44":0,"45":0,"46":0,"47":0,"48":0,"49":0,"50":0,"51":0,"52":0,"53":0,"54":0,"55":0,"56":0,"57":0,"58":0,"59":0,"60":0,"61":0,"62":0,"63":0,"64":0,"65":0,"66":0,"67":0,"68":0,"69":0,"70":0,"71":0,"72":0,"73":0,"74":0,"75":0,"76":0,"77":0,"78":0,"79":0,"80":0,"81":0,"82":0,"83":0,"84":0,"85":0,"86":0,"87":0,"88":0,"89":0,"90":0,"91":0,"92":0,"93":0,"94":0,"95":0,"96":0,"97":0,"98":0,"99":0,"100":0,"101":0,"102":0,"103":0,"104":0,"105":0,"106":0,"107":0,"108":0,"109":0,"110":0,"111":0,"112":0,"113":0,"114":0,"115":0,"116":0,"117":0,"118":0,"119":0,"120":0,"121":0,"122":0,"123":0,"124":0,"125":0,"126":0,"127":0,"128":0,"129":0,"130":0,"131":0,"132":0,"133":0,"134":0,"135":0},"f":{"0":0,"1":0,"2":0,"3":0,"4":0,"5":0,"6":0,"7":0,"8":0,"9":0,"10":0,"11":0,"12":0,"13":0,"14":0,"15":0,"16":0,"17":0,"18":0,"19":0},"b":{"0":[0,0],"1":[0,0],"2":[0,0],"3":[0,0],"4":[0,0],"5":[0],"6":[0,0],"7":[0,0],"8":[0,0],"9":[0,0],"10":[0,0],"11":[0,0],"12":[0,0],"13":[0,0],"14":[0,0],"15":[0,0],"16":[0,0]}}
,"C:\\Users\\busta\\Desktop\\GitHub\\comp2003-2024-group-10\\SourceCode\\src\\concordeTheatricalsBespoke.js": {"path":"C:\\Users\\busta\\Desktop\\GitHub\\comp2003-2024-group-10\\SourceCode\\src\\concordeTheatricalsBespoke.js","statementMap":{"0":{"start":{"line":1,"column":18},"end":{"line":1,"column":38}},"1":{"start":{"line":2,"column":15},"end":{"line":2,"column":70}},"2":{"start":{"line":2,"column":23},"end":{"line":2,"column":70}},"3":{"start":{"line":2,"column":46},"end":{"line":2,"column":69}},"4":{"start":{"line":3,"column":11},"end":{"line":3,"column":24}},"5":{"start":{"line":4,"column":13},"end":{"line":4,"column":28}},"6":{"start":{"line":5,"column":24},"end":{"line":5,"column":52}},"7":{"start":{"line":6,"column":22},"end":{"line":6,"column":24}},"8":{"start":{"line":13,"column":25},"end":{"line":31,"column":1}},"9":{"start":{"line":14,"column":23},"end":{"line":14,"column":25}},"10":{"start":{"line":16,"column":4},"end":{"line":23,"column":5}},"11":{"start":{"line":17,"column":8},"end":{"line":22,"column":9}},"12":{"start":{"line":18,"column":32},"end":{"line":18,"column":68}},"13":{"start":{"line":19,"column":12},"end":{"line":19,"column":51}},"14":{"start":{"line":21,"column":12},"end":{"line":21,"column":73}},"15":{"start":{"line":24,"column":4},"end":{"line":26,"column":5}},"16":{"start":{"line":25,"column":8},"end":{"line":25,"column":26}},"17":{"start":{"line":27,"column":4},"end":{"line":27,"column":34}},"18":{"start":{"line":29,"column":4},"end":{"line":29,"column":81}},"19":{"start":{"line":30,"column":4},"end":{"line":30,"column":47}},"20":{"start":{"line":39,"column":14},"end":{"line":47,"column":1}},"21":{"start":{"line":40,"column":21},"end":{"line":40,"column":1593}},"22":{"start":{"line":42,"column":4},"end":{"line":46,"column":7}},"23":{"start":{"line":43,"column":22},"end":{"line":43,"column":54}},"24":{"start":{"line":44,"column":22},"end":{"line":44,"column":41}},"25":{"start":{"line":45,"column":8},"end":{"line":45,"column":22}},"26":{"start":{"line":53,"column":19},"end":{"line":66,"column":1}},"27":{"start":{"line":54,"column":4},"end":{"line":65,"column":7}},"28":{"start":{"line":55,"column":27},"end":{"line":55,"column":30}},"29":{"start":{"line":56,"column":28},"end":{"line":56,"column":30}},"30":{"start":{"line":57,"column":29},"end":{"line":57,"column":55}},"31":{"start":{"line":59,"column":8},"end":{"line":62,"column":9}},"32":{"start":{"line":59,"column":21},"end":{"line":59,"column":22}},"33":{"start":{"line":60,"column":12},"end":{"line":60,"column":43}},"34":{"start":{"line":61,"column":12},"end":{"line":61,"column":75}},"35":{"start":{"line":61,"column":41},"end":{"line":61,"column":73}},"36":{"start":{"line":64,"column":8},"end":{"line":64,"column":34}},"37":{"start":{"line":74,"column":16},"end":{"line":109,"column":1}},"38":{"start":{"line":75,"column":4},"end":{"line":78,"column":5}},"39":{"start":{"line":76,"column":8},"end":{"line":76,"column":50}},"40":{"start":{"line":77,"column":8},"end":{"line":77,"column":17}},"41":{"start":{"line":80,"column":4},"end":{"line":108,"column":5}},"42":{"start":{"line":81,"column":23},"end":{"line":97,"column":10}},"43":{"start":{"line":82,"column":26},"end":{"line":82,"column":72}},"44":{"start":{"line":83,"column":12},"end":{"line":85,"column":13}},"45":{"start":{"line":84,"column":16},"end":{"line":84,"column":52}},"46":{"start":{"line":86,"column":27},"end":{"line":86,"column":57}},"47":{"start":{"line":87,"column":12},"end":{"line":89,"column":13}},"48":{"start":{"line":88,"column":16},"end":{"line":88,"column":29}},"49":{"start":{"line":91,"column":25},"end":{"line":91,"column":51}},"50":{"start":{"line":92,"column":12},"end":{"line":94,"column":13}},"51":{"start":{"line":93,"column":16},"end":{"line":93,"column":29}},"52":{"start":{"line":95,"column":26},"end":{"line":95,"column":65}},"53":{"start":{"line":96,"column":12},"end":{"line":96,"column":62}},"54":{"start":{"line":96,"column":37},"end":{"line":96,"column":60}},"55":{"start":{"line":100,"column":8},"end":{"line":104,"column":9}},"56":{"start":{"line":101,"column":12},"end":{"line":101,"column":37}},"57":{"start":{"line":103,"column":12},"end":{"line":103,"column":21}},"58":{"start":{"line":106,"column":8},"end":{"line":106,"column":60}},"59":{"start":{"line":107,"column":8},"end":{"line":107,"column":17}},"60":{"start":{"line":119,"column":25},"end":{"line":209,"column":1}},"61":{"start":{"line":121,"column":27},"end":{"line":121,"column":31}},"62":{"start":{"line":124,"column":4},"end":{"line":132,"column":5}},"63":{"start":{"line":125,"column":8},"end":{"line":125,"column":60}},"64":{"start":{"line":126,"column":8},"end":{"line":130,"column":11}},"65":{"start":{"line":131,"column":8},"end":{"line":131,"column":18}},"66":{"start":{"line":134,"column":4},"end":{"line":169,"column":5}},"67":{"start":{"line":135,"column":8},"end":{"line":164,"column":9}},"68":{"start":{"line":136,"column":12},"end":{"line":157,"column":15}},"69":{"start":{"line":137,"column":30},"end":{"line":137,"column":76}},"70":{"start":{"line":138,"column":16},"end":{"line":141,"column":17}},"71":{"start":{"line":139,"column":20},"end":{"line":139,"column":61}},"72":{"start":{"line":140,"column":20},"end":{"line":140,"column":32}},"73":{"start":{"line":143,"column":29},"end":{"line":143,"column":75}},"74":{"start":{"line":144,"column":16},"end":{"line":147,"column":17}},"75":{"start":{"line":145,"column":20},"end":{"line":145,"column":58}},"76":{"start":{"line":146,"column":20},"end":{"line":146,"column":30}},"77":{"start":{"line":149,"column":16},"end":{"line":156,"column":19}},"78":{"start":{"line":150,"column":20},"end":{"line":150,"column":40}},"79":{"start":{"line":150,"column":30},"end":{"line":150,"column":40}},"80":{"start":{"line":152,"column":34},"end":{"line":152,"column":78}},"81":{"start":{"line":153,"column":20},"end":{"line":153,"column":64}},"82":{"start":{"line":153,"column":54},"end":{"line":153,"column":64}},"83":{"start":{"line":155,"column":20},"end":{"line":155,"column":82}},"84":{"start":{"line":155,"column":45},"end":{"line":155,"column":80}},"85":{"start":{"line":159,"column":12},"end":{"line":161,"column":13}},"86":{"start":{"line":160,"column":16},"end":{"line":160,"column":22}},"87":{"start":{"line":163,"column":12},"end":{"line":163,"column":45}},"88":{"start":{"line":166,"column":8},"end":{"line":166,"column":18}},"89":{"start":{"line":167,"column":8},"end":{"line":167,"column":88}},"90":{"start":{"line":168,"column":8},"end":{"line":168,"column":26}},"91":{"start":{"line":171,"column":4},"end":{"line":179,"column":5}},"92":{"start":{"line":172,"column":8},"end":{"line":172,"column":79}},"93":{"start":{"line":173,"column":8},"end":{"line":177,"column":11}},"94":{"start":{"line":178,"column":8},"end":{"line":178,"column":18}},"95":{"start":{"line":182,"column":4},"end":{"line":185,"column":5}},"96":{"start":{"line":183,"column":8},"end":{"line":183,"column":52}},"97":{"start":{"line":184,"column":8},"end":{"line":184,"column":18}},"98":{"start":{"line":188,"column":22},"end":{"line":188,"column":79}},"99":{"start":{"line":188,"column":41},"end":{"line":188,"column":78}},"100":{"start":{"line":190,"column":26},"end":{"line":196,"column":7}},"101":{"start":{"line":190,"column":48},"end":{"line":196,"column":5}},"102":{"start":{"line":198,"column":4},"end":{"line":198,"column":56}},"103":{"start":{"line":201,"column":4},"end":{"line":203,"column":5}},"104":{"start":{"line":202,"column":8},"end":{"line":202,"column":28}},"105":{"start":{"line":206,"column":25},"end":{"line":206,"column":51}},"106":{"start":{"line":208,"column":4},"end":{"line":208,"column":24}},"107":{"start":{"line":217,"column":27},"end":{"line":225,"column":1}},"108":{"start":{"line":218,"column":31},"end":{"line":218,"column":82}},"109":{"start":{"line":219,"column":4},"end":{"line":224,"column":5}},"110":{"start":{"line":220,"column":8},"end":{"line":220,"column":94}},"111":{"start":{"line":221,"column":8},"end":{"line":221,"column":70}},"112":{"start":{"line":223,"column":8},"end":{"line":223,"column":51}},"113":{"start":{"line":234,"column":24},"end":{"line":377,"column":1}},"114":{"start":{"line":235,"column":22},"end":{"line":235,"column":42}},"115":{"start":{"line":237,"column":20},"end":{"line":237,"column":22}},"116":{"start":{"line":238,"column":4},"end":{"line":371,"column":5}},"117":{"start":{"line":239,"column":8},"end":{"line":243,"column":11}},"118":{"start":{"line":245,"column":21},"end":{"line":245,"column":44}},"119":{"start":{"line":246,"column":8},"end":{"line":246,"column":58}},"120":{"start":{"line":247,"column":8},"end":{"line":247,"column":151}},"121":{"start":{"line":249,"column":8},"end":{"line":259,"column":9}},"122":{"start":{"line":250,"column":12},"end":{"line":250,"column":72}},"123":{"start":{"line":252,"column":12},"end":{"line":252,"column":74}},"124":{"start":{"line":253,"column":12},"end":{"line":257,"column":15}},"125":{"start":{"line":258,"column":12},"end":{"line":258,"column":22}},"126":{"start":{"line":261,"column":8},"end":{"line":261,"column":31}},"127":{"start":{"line":263,"column":8},"end":{"line":263,"column":26}},"128":{"start":{"line":266,"column":30},"end":{"line":266,"column":68}},"129":{"start":{"line":267,"column":8},"end":{"line":275,"column":9}},"130":{"start":{"line":268,"column":12},"end":{"line":268,"column":58}},"131":{"start":{"line":269,"column":12},"end":{"line":273,"column":15}},"132":{"start":{"line":274,"column":12},"end":{"line":274,"column":22}},"133":{"start":{"line":277,"column":23},"end":{"line":277,"column":57}},"134":{"start":{"line":279,"column":8},"end":{"line":287,"column":9}},"135":{"start":{"line":280,"column":12},"end":{"line":280,"column":61}},"136":{"start":{"line":281,"column":12},"end":{"line":285,"column":15}},"137":{"start":{"line":286,"column":12},"end":{"line":286,"column":22}},"138":{"start":{"line":290,"column":19},"end":{"line":290,"column":54}},"139":{"start":{"line":291,"column":8},"end":{"line":294,"column":9}},"140":{"start":{"line":292,"column":12},"end":{"line":292,"column":56}},"141":{"start":{"line":293,"column":12},"end":{"line":293,"column":22}},"142":{"start":{"line":296,"column":8},"end":{"line":296,"column":30}},"143":{"start":{"line":299,"column":24},"end":{"line":299,"column":25}},"144":{"start":{"line":300,"column":8},"end":{"line":305,"column":9}},"145":{"start":{"line":301,"column":12},"end":{"line":301,"column":46}},"146":{"start":{"line":303,"column":12},"end":{"line":303,"column":81}},"147":{"start":{"line":307,"column":8},"end":{"line":343,"column":9}},"148":{"start":{"line":308,"column":12},"end":{"line":308,"column":68}},"149":{"start":{"line":310,"column":12},"end":{"line":310,"column":52}},"150":{"start":{"line":312,"column":12},"end":{"line":342,"column":13}},"151":{"start":{"line":312,"column":25},"end":{"line":312,"column":26}},"152":{"start":{"line":313,"column":35},"end":{"line":313,"column":36}},"153":{"start":{"line":314,"column":16},"end":{"line":314,"column":58}},"154":{"start":{"line":316,"column":16},"end":{"line":341,"column":17}},"155":{"start":{"line":317,"column":20},"end":{"line":326,"column":23}},"156":{"start":{"line":318,"column":44},"end":{"line":318,"column":106}},"157":{"start":{"line":319,"column":43},"end":{"line":319,"column":137}},"158":{"start":{"line":319,"column":66},"end":{"line":319,"column":136}},"159":{"start":{"line":321,"column":24},"end":{"line":325,"column":25}},"160":{"start":{"line":322,"column":28},"end":{"line":322,"column":47}},"161":{"start":{"line":324,"column":28},"end":{"line":324,"column":67}},"162":{"start":{"line":328,"column":20},"end":{"line":328,"column":38}},"163":{"start":{"line":329,"column":20},"end":{"line":329,"column":43}},"164":{"start":{"line":331,"column":20},"end":{"line":331,"column":63}},"165":{"start":{"line":332,"column":20},"end":{"line":335,"column":21}},"166":{"start":{"line":333,"column":24},"end":{"line":333,"column":68}},"167":{"start":{"line":334,"column":24},"end":{"line":334,"column":30}},"168":{"start":{"line":337,"column":20},"end":{"line":337,"column":42}},"169":{"start":{"line":339,"column":20},"end":{"line":339,"column":93}},"170":{"start":{"line":340,"column":20},"end":{"line":340,"column":26}},"171":{"start":{"line":345,"column":8},"end":{"line":357,"column":9}},"172":{"start":{"line":346,"column":36},"end":{"line":353,"column":15}},"173":{"start":{"line":346,"column":57},"end":{"line":353,"column":13}},"174":{"start":{"line":356,"column":12},"end":{"line":356,"column":58}},"175":{"start":{"line":360,"column":8},"end":{"line":360,"column":73}},"176":{"start":{"line":361,"column":8},"end":{"line":365,"column":11}},"177":{"start":{"line":367,"column":8},"end":{"line":370,"column":9}},"178":{"start":{"line":368,"column":12},"end":{"line":368,"column":34}},"179":{"start":{"line":369,"column":12},"end":{"line":369,"column":43}},"180":{"start":{"line":374,"column":4},"end":{"line":374,"column":38}},"181":{"start":{"line":376,"column":4},"end":{"line":376,"column":19}},"182":{"start":{"line":379,"column":0},"end":{"line":381,"column":2}},"183":{"start":{"line":384,"column":0},"end":{"line":384,"column":127}}},"fnMap":{"0":{"name":"(anonymous_0)","decl":{"start":{"line":2,"column":15},"end":{"line":2,"column":16}},"loc":{"start":{"line":2,"column":23},"end":{"line":2,"column":70}},"line":2},"1":{"name":"(anonymous_1)","decl":{"start":{"line":2,"column":35},"end":{"line":2,"column":36}},"loc":{"start":{"line":2,"column":46},"end":{"line":2,"column":69}},"line":2},"2":{"name":"(anonymous_2)","decl":{"start":{"line":13,"column":25},"end":{"line":13,"column":26}},"loc":{"start":{"line":13,"column":50},"end":{"line":31,"column":1}},"line":13},"3":{"name":"(anonymous_3)","decl":{"start":{"line":39,"column":14},"end":{"line":39,"column":15}},"loc":{"start":{"line":39,"column":29},"end":{"line":47,"column":1}},"line":39},"4":{"name":"(anonymous_4)","decl":{"start":{"line":42,"column":22},"end":{"line":42,"column":23}},"loc":{"start":{"line":42,"column":30},"end":{"line":46,"column":5}},"line":42},"5":{"name":"(anonymous_5)","decl":{"start":{"line":53,"column":19},"end":{"line":53,"column":20}},"loc":{"start":{"line":53,"column":35},"end":{"line":66,"column":1}},"line":53},"6":{"name":"(anonymous_6)","decl":{"start":{"line":54,"column":24},"end":{"line":54,"column":25}},"loc":{"start":{"line":54,"column":36},"end":{"line":65,"column":5}},"line":54},"7":{"name":"(anonymous_7)","decl":{"start":{"line":61,"column":30},"end":{"line":61,"column":31}},"loc":{"start":{"line":61,"column":41},"end":{"line":61,"column":73}},"line":61},"8":{"name":"(anonymous_8)","decl":{"start":{"line":74,"column":16},"end":{"line":74,"column":17}},"loc":{"start":{"line":74,"column":34},"end":{"line":109,"column":1}},"line":74},"9":{"name":"(anonymous_9)","decl":{"start":{"line":81,"column":45},"end":{"line":81,"column":46}},"loc":{"start":{"line":81,"column":57},"end":{"line":97,"column":9}},"line":81},"10":{"name":"(anonymous_10)","decl":{"start":{"line":96,"column":29},"end":{"line":96,"column":30}},"loc":{"start":{"line":96,"column":37},"end":{"line":96,"column":60}},"line":96},"11":{"name":"(anonymous_11)","decl":{"start":{"line":119,"column":25},"end":{"line":119,"column":26}},"loc":{"start":{"line":119,"column":61},"end":{"line":209,"column":1}},"line":119},"12":{"name":"(anonymous_12)","decl":{"start":{"line":136,"column":41},"end":{"line":136,"column":42}},"loc":{"start":{"line":136,"column":53},"end":{"line":157,"column":13}},"line":136},"13":{"name":"(anonymous_13)","decl":{"start":{"line":149,"column":32},"end":{"line":149,"column":33}},"loc":{"start":{"line":149,"column":39},"end":{"line":156,"column":17}},"line":149},"14":{"name":"(anonymous_14)","decl":{"start":{"line":155,"column":37},"end":{"line":155,"column":38}},"loc":{"start":{"line":155,"column":45},"end":{"line":155,"column":80}},"line":155},"15":{"name":"(anonymous_15)","decl":{"start":{"line":188,"column":34},"end":{"line":188,"column":35}},"loc":{"start":{"line":188,"column":41},"end":{"line":188,"column":78}},"line":188},"16":{"name":"(anonymous_16)","decl":{"start":{"line":190,"column":40},"end":{"line":190,"column":41}},"loc":{"start":{"line":190,"column":48},"end":{"line":196,"column":5}},"line":190},"17":{"name":"(anonymous_17)","decl":{"start":{"line":217,"column":27},"end":{"line":217,"column":28}},"loc":{"start":{"line":217,"column":46},"end":{"line":225,"column":1}},"line":217},"18":{"name":"(anonymous_18)","decl":{"start":{"line":234,"column":24},"end":{"line":234,"column":25}},"loc":{"start":{"line":234,"column":51},"end":{"line":377,"column":1}},"line":234},"19":{"name":"(anonymous_19)","decl":{"start":{"line":317,"column":42},"end":{"line":317,"column":43}},"loc":{"start":{"line":317,"column":48},"end":{"line":326,"column":21}},"line":317},"20":{"name":"(anonymous_20)","decl":{"start":{"line":319,"column":60},"end":{"line":319,"column":61}},"loc":{"start":{"line":319,"column":66},"end":{"line":319,"column":136}},"line":319},"21":{"name":"(anonymous_21)","decl":{"start":{"line":346,"column":48},"end":{"line":346,"column":49}},"loc":{"start":{"line":346,"column":57},"end":{"line":353,"column":13}},"line":346}},"branchMap":{"0":{"loc":{"start":{"line":16,"column":4},"end":{"line":23,"column":5}},"type":"if","locations":[{"start":{"line":16,"column":4},"end":{"line":23,"column":5}},{"start":{},"end":{}}],"line":16},"1":{"loc":{"start":{"line":24,"column":4},"end":{"line":26,"column":5}},"type":"if","locations":[{"start":{"line":24,"column":4},"end":{"line":26,"column":5}},{"start":{},"end":{}}],"line":24},"2":{"loc":{"start":{"line":75,"column":4},"end":{"line":78,"column":5}},"type":"if","locations":[{"start":{"line":75,"column":4},"end":{"line":78,"column":5}},{"start":{},"end":{}}],"line":75},"3":{"loc":{"start":{"line":83,"column":12},"end":{"line":85,"column":13}},"type":"if","locations":[{"start":{"line":83,"column":12},"end":{"line":85,"column":13}},{"start":{},"end":{}}],"line":83},"4":{"loc":{"start":{"line":87,"column":12},"end":{"line":89,"column":13}},"type":"if","locations":[{"start":{"line":87,"column":12},"end":{"line":89,"column":13}},{"start":{},"end":{}}],"line":87},"5":{"loc":{"start":{"line":92,"column":12},"end":{"line":94,"column":13}},"type":"if","locations":[{"start":{"line":92,"column":12},"end":{"line":94,"column":13}},{"start":{},"end":{}}],"line":92},"6":{"loc":{"start":{"line":100,"column":8},"end":{"line":104,"column":9}},"type":"if","locations":[{"start":{"line":100,"column":8},"end":{"line":104,"column":9}},{"start":{"line":102,"column":15},"end":{"line":104,"column":9}}],"line":100},"7":{"loc":{"start":{"line":119,"column":45},"end":{"line":119,"column":56}},"type":"default-arg","locations":[{"start":{"line":119,"column":55},"end":{"line":119,"column":56}}],"line":119},"8":{"loc":{"start":{"line":124,"column":4},"end":{"line":132,"column":5}},"type":"if","locations":[{"start":{"line":124,"column":4},"end":{"line":132,"column":5}},{"start":{},"end":{}}],"line":124},"9":{"loc":{"start":{"line":138,"column":16},"end":{"line":141,"column":17}},"type":"if","locations":[{"start":{"line":138,"column":16},"end":{"line":141,"column":17}},{"start":{},"end":{}}],"line":138},"10":{"loc":{"start":{"line":143,"column":40},"end":{"line":143,"column":74}},"type":"binary-expr","locations":[{"start":{"line":143,"column":40},"end":{"line":143,"column":68}},{"start":{"line":143,"column":72},"end":{"line":143,"column":74}}],"line":143},"11":{"loc":{"start":{"line":144,"column":16},"end":{"line":147,"column":17}},"type":"if","locations":[{"start":{"line":144,"column":16},"end":{"line":147,"column":17}},{"start":{},"end":{}}],"line":144},"12":{"loc":{"start":{"line":144,"column":20},"end":{"line":144,"column":46}},"type":"binary-expr","locations":[{"start":{"line":144,"column":20},"end":{"line":144,"column":25}},{"start":{"line":144,"column":29},"end":{"line":144,"column":46}}],"line":144},"13":{"loc":{"start":{"line":150,"column":20},"end":{"line":150,"column":40}},"type":"if","locations":[{"start":{"line":150,"column":20},"end":{"line":150,"column":40}},{"start":{},"end":{}}],"line":150},"14":{"loc":{"start":{"line":152,"column":45},"end":{"line":152,"column":77}},"type":"binary-expr","locations":[{"start":{"line":152,"column":45},"end":{"line":152,"column":71}},{"start":{"line":152,"column":75},"end":{"line":152,"column":77}}],"line":152},"15":{"loc":{"start":{"line":153,"column":20},"end":{"line":153,"column":64}},"type":"if","locations":[{"start":{"line":153,"column":20},"end":{"line":153,"column":64}},{"start":{},"end":{}}],"line":153},"16":{"loc":{"start":{"line":153,"column":24},"end":{"line":153,"column":52}},"type":"binary-expr","locations":[{"start":{"line":153,"column":24},"end":{"line":153,"column":30}},{"start":{"line":153,"column":34},"end":{"line":153,"column":52}}],"line":153},"17":{"loc":{"start":{"line":155,"column":45},"end":{"line":155,"column":80}},"type":"cond-expr","locations":[{"start":{"line":155,"column":52},"end":{"line":155,"column":75}},{"start":{"line":155,"column":78},"end":{"line":155,"column":80}}],"line":155},"18":{"loc":{"start":{"line":159,"column":12},"end":{"line":161,"column":13}},"type":"if","locations":[{"start":{"line":159,"column":12},"end":{"line":161,"column":13}},{"start":{},"end":{}}],"line":159},"19":{"loc":{"start":{"line":171,"column":4},"end":{"line":179,"column":5}},"type":"if","locations":[{"start":{"line":171,"column":4},"end":{"line":179,"column":5}},{"start":{},"end":{}}],"line":171},"20":{"loc":{"start":{"line":175,"column":19},"end":{"line":175,"column":54}},"type":"binary-expr","locations":[{"start":{"line":175,"column":19},"end":{"line":175,"column":35}},{"start":{"line":175,"column":39},"end":{"line":175,"column":54}}],"line":175},"21":{"loc":{"start":{"line":182,"column":4},"end":{"line":185,"column":5}},"type":"if","locations":[{"start":{"line":182,"column":4},"end":{"line":185,"column":5}},{"start":{},"end":{}}],"line":182},"22":{"loc":{"start":{"line":188,"column":41},"end":{"line":188,"column":78}},"type":"binary-expr","locations":[{"start":{"line":188,"column":41},"end":{"line":188,"column":59}},{"start":{"line":188,"column":63},"end":{"line":188,"column":78}}],"line":188},"23":{"loc":{"start":{"line":191,"column":18},"end":{"line":191,"column":30}},"type":"binary-expr","locations":[{"start":{"line":191,"column":18},"end":{"line":191,"column":24}},{"start":{"line":191,"column":28},"end":{"line":191,"column":30}}],"line":191},"24":{"loc":{"start":{"line":192,"column":14},"end":{"line":192,"column":26}},"type":"binary-expr","locations":[{"start":{"line":192,"column":14},"end":{"line":192,"column":20}},{"start":{"line":192,"column":24},"end":{"line":192,"column":26}}],"line":192},"25":{"loc":{"start":{"line":193,"column":15},"end":{"line":193,"column":27}},"type":"binary-expr","locations":[{"start":{"line":193,"column":15},"end":{"line":193,"column":21}},{"start":{"line":193,"column":25},"end":{"line":193,"column":27}}],"line":193},"26":{"loc":{"start":{"line":194,"column":17},"end":{"line":194,"column":29}},"type":"binary-expr","locations":[{"start":{"line":194,"column":17},"end":{"line":194,"column":23}},{"start":{"line":194,"column":27},"end":{"line":194,"column":29}}],"line":194},"27":{"loc":{"start":{"line":195,"column":17},"end":{"line":195,"column":29}},"type":"binary-expr","locations":[{"start":{"line":195,"column":17},"end":{"line":195,"column":23}},{"start":{"line":195,"column":27},"end":{"line":195,"column":29}}],"line":195},"28":{"loc":{"start":{"line":201,"column":4},"end":{"line":203,"column":5}},"type":"if","locations":[{"start":{"line":201,"column":4},"end":{"line":203,"column":5}},{"start":{},"end":{}}],"line":201},"29":{"loc":{"start":{"line":219,"column":4},"end":{"line":224,"column":5}},"type":"if","locations":[{"start":{"line":219,"column":4},"end":{"line":224,"column":5}},{"start":{"line":222,"column":11},"end":{"line":224,"column":5}}],"line":219},"30":{"loc":{"start":{"line":267,"column":8},"end":{"line":275,"column":9}},"type":"if","locations":[{"start":{"line":267,"column":8},"end":{"line":275,"column":9}},{"start":{},"end":{}}],"line":267},"31":{"loc":{"start":{"line":279,"column":8},"end":{"line":287,"column":9}},"type":"if","locations":[{"start":{"line":279,"column":8},"end":{"line":287,"column":9}},{"start":{},"end":{}}],"line":279},"32":{"loc":{"start":{"line":291,"column":8},"end":{"line":294,"column":9}},"type":"if","locations":[{"start":{"line":291,"column":8},"end":{"line":294,"column":9}},{"start":{},"end":{}}],"line":291},"33":{"loc":{"start":{"line":307,"column":8},"end":{"line":343,"column":9}},"type":"if","locations":[{"start":{"line":307,"column":8},"end":{"line":343,"column":9}},{"start":{"line":309,"column":15},"end":{"line":343,"column":9}}],"line":307},"34":{"loc":{"start":{"line":318,"column":55},"end":{"line":318,"column":105}},"type":"binary-expr","locations":[{"start":{"line":318,"column":55},"end":{"line":318,"column":99}},{"start":{"line":318,"column":103},"end":{"line":318,"column":105}}],"line":318},"35":{"loc":{"start":{"line":319,"column":66},"end":{"line":319,"column":136}},"type":"binary-expr","locations":[{"start":{"line":319,"column":66},"end":{"line":319,"column":68}},{"start":{"line":319,"column":72},"end":{"line":319,"column":86}},{"start":{"line":319,"column":90},"end":{"line":319,"column":136}}],"line":319},"36":{"loc":{"start":{"line":321,"column":24},"end":{"line":325,"column":25}},"type":"if","locations":[{"start":{"line":321,"column":24},"end":{"line":325,"column":25}},{"start":{"line":323,"column":31},"end":{"line":325,"column":25}}],"line":321},"37":{"loc":{"start":{"line":332,"column":20},"end":{"line":335,"column":21}},"type":"if","locations":[{"start":{"line":332,"column":20},"end":{"line":335,"column":21}},{"start":{},"end":{}}],"line":332},"38":{"loc":{"start":{"line":345,"column":8},"end":{"line":357,"column":9}},"type":"if","locations":[{"start":{"line":345,"column":8},"end":{"line":357,"column":9}},{"start":{},"end":{}}],"line":345},"39":{"loc":{"start":{"line":349,"column":22},"end":{"line":349,"column":37}},"type":"binary-expr","locations":[{"start":{"line":349,"column":22},"end":{"line":349,"column":31}},{"start":{"line":349,"column":35},"end":{"line":349,"column":37}}],"line":349},"40":{"loc":{"start":{"line":350,"column":23},"end":{"line":350,"column":39}},"type":"binary-expr","locations":[{"start":{"line":350,"column":23},"end":{"line":350,"column":33}},{"start":{"line":350,"column":37},"end":{"line":350,"column":39}}],"line":350},"41":{"loc":{"start":{"line":351,"column":25},"end":{"line":351,"column":43}},"type":"binary-expr","locations":[{"start":{"line":351,"column":25},"end":{"line":351,"column":37}},{"start":{"line":351,"column":41},"end":{"line":351,"column":43}}],"line":351},"42":{"loc":{"start":{"line":352,"column":25},"end":{"line":352,"column":43}},"type":"binary-expr","locations":[{"start":{"line":352,"column":25},"end":{"line":352,"column":37}},{"start":{"line":352,"column":41},"end":{"line":352,"column":43}}],"line":352},"43":{"loc":{"start":{"line":367,"column":8},"end":{"line":370,"column":9}},"type":"if","locations":[{"start":{"line":367,"column":8},"end":{"line":370,"column":9}},{"start":{},"end":{}}],"line":367}},"s":{"0":1,"1":1,"2":16,"3":16,"4":1,"5":1,"6":1,"7":1,"8":1,"9":1,"10":1,"11":1,"12":1,"13":1,"14":0,"15":1,"16":0,"17":1,"18":1,"19":1,"20":1,"21":4,"22":4,"23":2,"24":2,"25":2,"26":1,"27":6,"28":0,"29":0,"30":0,"31":0,"32":0,"33":0,"34":0,"35":0,"36":0,"37":1,"38":6,"39":0,"40":0,"41":6,"42":6,"43":0,"44":0,"45":0,"46":0,"47":0,"48":0,"49":0,"50":0,"51":0,"52":0,"53":0,"54":0,"55":6,"56":0,"57":6,"58":0,"59":0,"60":1,"61":6,"62":6,"63":0,"64":0,"65":0,"66":6,"67":14,"68":14,"69":0,"70":0,"71":0,"72":0,"73":0,"74":0,"75":0,"76":0,"77":0,"78":0,"79":0,"80":0,"81":0,"82":0,"83":0,"84":0,"85":14,"86":4,"87":0,"88":10,"89":10,"90":10,"91":6,"92":2,"93":2,"94":2,"95":4,"96":0,"97":0,"98":4,"99":6,"100":4,"101":6,"102":4,"103":4,"104":4,"105":4,"106":4,"107":1,"108":6,"109":6,"110":5,"111":5,"112":1,"113":1,"114":7,"115":7,"116":7,"117":7,"118":7,"119":7,"120":7,"121":7,"122":7,"123":1,"124":1,"125":1,"126":6,"127":6,"128":6,"129":6,"130":0,"131":0,"132":0,"133":6,"134":6,"135":0,"136":0,"137":0,"138":6,"139":6,"140":0,"141":0,"142":6,"143":6,"144":6,"145":6,"146":0,"147":6,"148":6,"149":0,"150":0,"151":0,"152":0,"153":0,"154":0,"155":0,"156":0,"157":0,"158":0,"159":0,"160":0,"161":0,"162":0,"163":0,"164":0,"165":0,"166":0,"167":0,"168":0,"169":0,"170":0,"171":6,"172":1,"173":1,"174":1,"175":0,"176":0,"177":7,"178":7,"179":7,"180":6,"181":6,"182":1,"183":1},"f":{"0":16,"1":16,"2":1,"3":4,"4":2,"5":6,"6":0,"7":0,"8":6,"9":0,"10":0,"11":6,"12":0,"13":0,"14":0,"15":6,"16":6,"17":6,"18":7,"19":0,"20":0,"21":1},"b":{"0":[1,0],"1":[0,1],"2":[0,6],"3":[0,0],"4":[0,0],"5":[0,0],"6":[0,6],"7":[6],"8":[0,6],"9":[0,0],"10":[0,0],"11":[0,0],"12":[0,0],"13":[0,0],"14":[0,0],"15":[0,0],"16":[0,0],"17":[0,0],"18":[4,10],"19":[2,4],"20":[2,2],"21":[0,4],"22":[6,6],"23":[6,0],"24":[6,0],"25":[6,0],"26":[6,0],"27":[6,0],"28":[4,0],"29":[5,1],"30":[0,6],"31":[0,6],"32":[0,6],"33":[6,0],"34":[0,0],"35":[0,0,0],"36":[0,0],"37":[0,0],"38":[1,5],"39":[1,0],"40":[1,0],"41":[1,0],"42":[1,0],"43":[7,0]},"_coverageSchema":"1a1c01bbd47fc00a2c39e90264f33305004495a9","hash":"de83f34fb7a66eb59913a8e11c51227f98f964b6"}
,"C:\\Users\\busta\\Desktop\\GitHub\\comp2003-2024-group-10\\SourceCode\\src\\getShowStructure.js": {"path":"C:\\Users\\busta\\Desktop\\GitHub\\comp2003-2024-group-10\\SourceCode\\src\\getShowStructure.js","statementMap":{"0":{"start":{"line":1,"column":14},"end":{"line":1,"column":30}},"1":{"start":{"line":2,"column":16},"end":{"line":2,"column":38}},"2":{"start":{"line":3,"column":16},"end":{"line":3,"column":34}},"3":{"start":{"line":4,"column":10},"end":{"line":4,"column":28}},"4":{"start":{"line":5,"column":11},"end":{"line":5,"column":24}},"5":{"start":{"line":6,"column":13},"end":{"line":6,"column":28}},"6":{"start":{"line":7,"column":13},"end":{"line":7,"column":28}},"7":{"start":{"line":8,"column":15},"end":{"line":8,"column":41}},"8":{"start":{"line":13,"column":14},"end":{"line":13,"column":43}},"9":{"start":{"line":18,"column":35},"end":{"line":24,"column":1}},"10":{"start":{"line":19,"column":26},"end":{"line":19,"column":85}},"11":{"start":{"line":20,"column":4},"end":{"line":22,"column":5}},"12":{"start":{"line":21,"column":8},"end":{"line":21,"column":65}},"13":{"start":{"line":23,"column":4},"end":{"line":23,"column":63}},"14":{"start":{"line":32,"column":30},"end":{"line":51,"column":1}},"15":{"start":{"line":33,"column":30},"end":{"line":33,"column":32}},"16":{"start":{"line":35,"column":4},"end":{"line":48,"column":5}},"17":{"start":{"line":36,"column":6},"end":{"line":47,"column":7}},"18":{"start":{"line":38,"column":26},"end":{"line":38,"column":61}},"19":{"start":{"line":39,"column":8},"end":{"line":41,"column":9}},"20":{"start":{"line":40,"column":12},"end":{"line":40,"column":45}},"21":{"start":{"line":44,"column":8},"end":{"line":46,"column":9}},"22":{"start":{"line":45,"column":12},"end":{"line":45,"column":45}},"23":{"start":{"line":50,"column":4},"end":{"line":50,"column":29}},"24":{"start":{"line":53,"column":28},"end":{"line":91,"column":1}},"25":{"start":{"line":54,"column":2},"end":{"line":57,"column":3}},"26":{"start":{"line":55,"column":6},"end":{"line":55,"column":66}},"27":{"start":{"line":56,"column":6},"end":{"line":56,"column":18}},"28":{"start":{"line":59,"column":21},"end":{"line":59,"column":75}},"29":{"start":{"line":61,"column":2},"end":{"line":88,"column":3}},"30":{"start":{"line":62,"column":18},"end":{"line":62,"column":92}},"31":{"start":{"line":63,"column":22},"end":{"line":63,"column":100}},"32":{"start":{"line":64,"column":18},"end":{"line":64,"column":92}},"33":{"start":{"line":67,"column":6},"end":{"line":76,"column":7}},"34":{"start":{"line":69,"column":10},"end":{"line":69,"column":84}},"35":{"start":{"line":70,"column":10},"end":{"line":75,"column":12}},"36":{"start":{"line":78,"column":23},"end":{"line":78,"column":61}},"37":{"start":{"line":79,"column":6},"end":{"line":87,"column":7}},"38":{"start":{"line":80,"column":10},"end":{"line":80,"column":81}},"39":{"start":{"line":81,"column":10},"end":{"line":86,"column":12}},"40":{"start":{"line":90,"column":2},"end":{"line":90,"column":14}},"41":{"start":{"line":99,"column":27},"end":{"line":121,"column":1}},"42":{"start":{"line":100,"column":4},"end":{"line":120,"column":5}},"43":{"start":{"line":101,"column":8},"end":{"line":101,"column":57}},"44":{"start":{"line":102,"column":25},"end":{"line":102,"column":45}},"45":{"start":{"line":103,"column":18},"end":{"line":103,"column":45}},"46":{"start":{"line":106,"column":26},"end":{"line":106,"column":73}},"47":{"start":{"line":107,"column":8},"end":{"line":110,"column":9}},"48":{"start":{"line":108,"column":12},"end":{"line":108,"column":64}},"49":{"start":{"line":109,"column":12},"end":{"line":109,"column":24}},"50":{"start":{"line":112,"column":8},"end":{"line":116,"column":10}},"51":{"start":{"line":118,"column":8},"end":{"line":118,"column":66}},"52":{"start":{"line":119,"column":8},"end":{"line":119,"column":20}},"53":{"start":{"line":132,"column":30},"end":{"line":182,"column":1}},"54":{"start":{"line":133,"column":2},"end":{"line":136,"column":3}},"55":{"start":{"line":134,"column":4},"end":{"line":134,"column":75}},"56":{"start":{"line":135,"column":4},"end":{"line":135,"column":11}},"57":{"start":{"line":139,"column":17},"end":{"line":139,"column":73}},"58":{"start":{"line":140,"column":2},"end":{"line":140,"column":82}},"59":{"start":{"line":140,"column":38},"end":{"line":140,"column":80}},"60":{"start":{"line":142,"column":16},"end":{"line":142,"column":17}},"61":{"start":{"line":143,"column":21},"end":{"line":143,"column":22}},"62":{"start":{"line":145,"column":19},"end":{"line":150,"column":27}},"63":{"start":{"line":146,"column":4},"end":{"line":149,"column":44}},"64":{"start":{"line":150,"column":17},"end":{"line":150,"column":26}},"65":{"start":{"line":152,"column":2},"end":{"line":180,"column":3}},"66":{"start":{"line":153,"column":4},"end":{"line":153,"column":14}},"67":{"start":{"line":154,"column":4},"end":{"line":154,"column":56}},"68":{"start":{"line":156,"column":23},"end":{"line":156,"column":25}},"69":{"start":{"line":158,"column":4},"end":{"line":172,"column":5}},"70":{"start":{"line":159,"column":6},"end":{"line":171,"column":10}},"71":{"start":{"line":160,"column":8},"end":{"line":170,"column":9}},"72":{"start":{"line":161,"column":10},"end":{"line":161,"column":56}},"73":{"start":{"line":162,"column":10},"end":{"line":162,"column":68}},"74":{"start":{"line":162,"column":46},"end":{"line":162,"column":66}},"75":{"start":{"line":164,"column":10},"end":{"line":164,"column":71}},"76":{"start":{"line":165,"column":10},"end":{"line":169,"column":13}},"77":{"start":{"line":174,"column":4},"end":{"line":174,"column":34}},"78":{"start":{"line":175,"column":4},"end":{"line":175,"column":39}},"79":{"start":{"line":176,"column":4},"end":{"line":177,"column":33}},"80":{"start":{"line":176,"column":42},"end":{"line":176,"column":111}},"81":{"start":{"line":177,"column":22},"end":{"line":177,"column":31}},"82":{"start":{"line":179,"column":4},"end":{"line":179,"column":76}},"83":{"start":{"line":181,"column":2},"end":{"line":181,"column":109}},"84":{"start":{"line":186,"column":29},"end":{"line":320,"column":1}},"85":{"start":{"line":187,"column":2},"end":{"line":319,"column":3}},"86":{"start":{"line":188,"column":25},"end":{"line":188,"column":77}},"87":{"start":{"line":189,"column":23},"end":{"line":189,"column":71}},"88":{"start":{"line":190,"column":27},"end":{"line":190,"column":76}},"89":{"start":{"line":192,"column":4},"end":{"line":308,"column":5}},"90":{"start":{"line":193,"column":34},"end":{"line":193,"column":76}},"91":{"start":{"line":194,"column":33},"end":{"line":194,"column":84}},"92":{"start":{"line":198,"column":6},"end":{"line":203,"column":7}},"93":{"start":{"line":199,"column":8},"end":{"line":199,"column":58}},"94":{"start":{"line":201,"column":8},"end":{"line":201,"column":83}},"95":{"start":{"line":202,"column":8},"end":{"line":202,"column":81}},"96":{"start":{"line":206,"column":6},"end":{"line":208,"column":7}},"97":{"start":{"line":207,"column":8},"end":{"line":207,"column":64}},"98":{"start":{"line":211,"column":23},"end":{"line":211,"column":50}},"99":{"start":{"line":212,"column":20},"end":{"line":212,"column":59}},"100":{"start":{"line":213,"column":19},"end":{"line":213,"column":50}},"101":{"start":{"line":215,"column":6},"end":{"line":217,"column":7}},"102":{"start":{"line":216,"column":8},"end":{"line":216,"column":61}},"103":{"start":{"line":219,"column":22},"end":{"line":219,"column":24}},"104":{"start":{"line":220,"column":29},"end":{"line":220,"column":31}},"105":{"start":{"line":221,"column":19},"end":{"line":221,"column":21}},"106":{"start":{"line":223,"column":6},"end":{"line":269,"column":7}},"107":{"start":{"line":224,"column":23},"end":{"line":224,"column":41}},"108":{"start":{"line":225,"column":25},"end":{"line":225,"column":41}},"109":{"start":{"line":226,"column":23},"end":{"line":226,"column":37}},"110":{"start":{"line":228,"column":8},"end":{"line":231,"column":9}},"111":{"start":{"line":229,"column":10},"end":{"line":229,"column":74}},"112":{"start":{"line":230,"column":10},"end":{"line":230,"column":19}},"113":{"start":{"line":234,"column":27},"end":{"line":234,"column":33}},"114":{"start":{"line":235,"column":27},"end":{"line":235,"column":79}},"115":{"start":{"line":236,"column":37},"end":{"line":236,"column":64}},"116":{"start":{"line":238,"column":8},"end":{"line":247,"column":9}},"117":{"start":{"line":240,"column":12},"end":{"line":245,"column":15}},"118":{"start":{"line":240,"column":38},"end":{"line":244,"column":16}},"119":{"start":{"line":242,"column":16},"end":{"line":242,"column":77}},"120":{"start":{"line":243,"column":16},"end":{"line":243,"column":44}},"121":{"start":{"line":246,"column":12},"end":{"line":246,"column":21}},"122":{"start":{"line":249,"column":20},"end":{"line":249,"column":33}},"123":{"start":{"line":251,"column":8},"end":{"line":268,"column":12}},"124":{"start":{"line":252,"column":10},"end":{"line":267,"column":11}},"125":{"start":{"line":253,"column":27},"end":{"line":253,"column":76}},"126":{"start":{"line":254,"column":12},"end":{"line":263,"column":13}},"127":{"start":{"line":255,"column":14},"end":{"line":260,"column":17}},"128":{"start":{"line":262,"column":14},"end":{"line":262,"column":39}},"129":{"start":{"line":265,"column":12},"end":{"line":265,"column":71}},"130":{"start":{"line":266,"column":12},"end":{"line":266,"column":37}},"131":{"start":{"line":271,"column":6},"end":{"line":271,"column":30}},"132":{"start":{"line":272,"column":6},"end":{"line":272,"column":41}},"133":{"start":{"line":275,"column":6},"end":{"line":275,"column":69}},"134":{"start":{"line":276,"column":6},"end":{"line":276,"column":64}},"135":{"start":{"line":278,"column":6},"end":{"line":278,"column":77}},"136":{"start":{"line":279,"column":6},"end":{"line":282,"column":7}},"137":{"start":{"line":280,"column":8},"end":{"line":280,"column":76}},"138":{"start":{"line":281,"column":8},"end":{"line":281,"column":65}},"139":{"start":{"line":281,"column":40},"end":{"line":281,"column":63}},"140":{"start":{"line":284,"column":6},"end":{"line":288,"column":7}},"141":{"start":{"line":285,"column":8},"end":{"line":285,"column":96}},"142":{"start":{"line":287,"column":8},"end":{"line":287,"column":79}},"143":{"start":{"line":290,"column":6},"end":{"line":297,"column":8}},"144":{"start":{"line":299,"column":6},"end":{"line":299,"column":74}},"145":{"start":{"line":300,"column":6},"end":{"line":307,"column":8}},"146":{"start":{"line":310,"column":4},"end":{"line":310,"column":81}},"147":{"start":{"line":311,"column":4},"end":{"line":318,"column":6}},"148":{"start":{"line":324,"column":0},"end":{"line":330,"column":1}},"149":{"start":{"line":325,"column":2},"end":{"line":329,"column":58}},"150":{"start":{"line":327,"column":6},"end":{"line":327,"column":26}},"151":{"start":{"line":329,"column":20},"end":{"line":329,"column":56}},"152":{"start":{"line":332,"column":0},"end":{"line":332,"column":42}}},"fnMap":{"0":{"name":"(anonymous_0)","decl":{"start":{"line":18,"column":35},"end":{"line":18,"column":36}},"loc":{"start":{"line":18,"column":41},"end":{"line":24,"column":1}},"line":18},"1":{"name":"(anonymous_1)","decl":{"start":{"line":32,"column":30},"end":{"line":32,"column":31}},"loc":{"start":{"line":32,"column":83},"end":{"line":51,"column":1}},"line":32},"2":{"name":"(anonymous_2)","decl":{"start":{"line":53,"column":28},"end":{"line":53,"column":29}},"loc":{"start":{"line":53,"column":60},"end":{"line":91,"column":1}},"line":53},"3":{"name":"(anonymous_3)","decl":{"start":{"line":99,"column":27},"end":{"line":99,"column":28}},"loc":{"start":{"line":99,"column":62},"end":{"line":121,"column":1}},"line":99},"4":{"name":"(anonymous_4)","decl":{"start":{"line":132,"column":30},"end":{"line":132,"column":31}},"loc":{"start":{"line":132,"column":99},"end":{"line":182,"column":1}},"line":132},"5":{"name":"(anonymous_5)","decl":{"start":{"line":140,"column":29},"end":{"line":140,"column":30}},"loc":{"start":{"line":140,"column":38},"end":{"line":140,"column":80}},"line":140},"6":{"name":"(anonymous_6)","decl":{"start":{"line":145,"column":35},"end":{"line":145,"column":36}},"loc":{"start":{"line":146,"column":4},"end":{"line":149,"column":44}},"line":146},"7":{"name":"(anonymous_7)","decl":{"start":{"line":150,"column":8},"end":{"line":150,"column":9}},"loc":{"start":{"line":150,"column":17},"end":{"line":150,"column":26}},"line":150},"8":{"name":"(anonymous_8)","decl":{"start":{"line":159,"column":33},"end":{"line":159,"column":34}},"loc":{"start":{"line":159,"column":45},"end":{"line":171,"column":7}},"line":159},"9":{"name":"(anonymous_9)","decl":{"start":{"line":162,"column":37},"end":{"line":162,"column":38}},"loc":{"start":{"line":162,"column":46},"end":{"line":162,"column":66}},"line":162},"10":{"name":"(anonymous_10)","decl":{"start":{"line":176,"column":33},"end":{"line":176,"column":34}},"loc":{"start":{"line":176,"column":42},"end":{"line":176,"column":111}},"line":176},"11":{"name":"(anonymous_11)","decl":{"start":{"line":177,"column":13},"end":{"line":177,"column":14}},"loc":{"start":{"line":177,"column":22},"end":{"line":177,"column":31}},"line":177},"12":{"name":"(anonymous_12)","decl":{"start":{"line":186,"column":29},"end":{"line":186,"column":30}},"loc":{"start":{"line":186,"column":41},"end":{"line":320,"column":1}},"line":186},"13":{"name":"(anonymous_13)","decl":{"start":{"line":240,"column":32},"end":{"line":240,"column":33}},"loc":{"start":{"line":240,"column":38},"end":{"line":244,"column":16}},"line":240},"14":{"name":"(anonymous_14)","decl":{"start":{"line":241,"column":21},"end":{"line":241,"column":22}},"loc":{"start":{"line":241,"column":32},"end":{"line":244,"column":15}},"line":241},"15":{"name":"(anonymous_15)","decl":{"start":{"line":251,"column":28},"end":{"line":251,"column":29}},"loc":{"start":{"line":251,"column":39},"end":{"line":268,"column":9}},"line":251},"16":{"name":"(anonymous_16)","decl":{"start":{"line":281,"column":31},"end":{"line":281,"column":32}},"loc":{"start":{"line":281,"column":40},"end":{"line":281,"column":63}},"line":281},"17":{"name":"(anonymous_17)","decl":{"start":{"line":326,"column":10},"end":{"line":326,"column":11}},"loc":{"start":{"line":326,"column":22},"end":{"line":328,"column":5}},"line":326},"18":{"name":"(anonymous_18)","decl":{"start":{"line":329,"column":11},"end":{"line":329,"column":12}},"loc":{"start":{"line":329,"column":20},"end":{"line":329,"column":56}},"line":329}},"branchMap":{"0":{"loc":{"start":{"line":20,"column":4},"end":{"line":22,"column":5}},"type":"if","locations":[{"start":{"line":20,"column":4},"end":{"line":22,"column":5}},{"start":{},"end":{}}],"line":20},"1":{"loc":{"start":{"line":32,"column":54},"end":{"line":32,"column":78}},"type":"default-arg","locations":[{"start":{"line":32,"column":74},"end":{"line":32,"column":78}}],"line":32},"2":{"loc":{"start":{"line":36,"column":6},"end":{"line":47,"column":7}},"type":"if","locations":[{"start":{"line":36,"column":6},"end":{"line":47,"column":7}},{"start":{"line":42,"column":11},"end":{"line":47,"column":7}}],"line":36},"3":{"loc":{"start":{"line":39,"column":8},"end":{"line":41,"column":9}},"type":"if","locations":[{"start":{"line":39,"column":8},"end":{"line":41,"column":9}},{"start":{},"end":{}}],"line":39},"4":{"loc":{"start":{"line":44,"column":8},"end":{"line":46,"column":9}},"type":"if","locations":[{"start":{"line":44,"column":8},"end":{"line":46,"column":9}},{"start":{},"end":{}}],"line":44},"5":{"loc":{"start":{"line":54,"column":2},"end":{"line":57,"column":3}},"type":"if","locations":[{"start":{"line":54,"column":2},"end":{"line":57,"column":3}},{"start":{},"end":{}}],"line":54},"6":{"loc":{"start":{"line":54,"column":6},"end":{"line":54,"column":58}},"type":"binary-expr","locations":[{"start":{"line":54,"column":6},"end":{"line":54,"column":25}},{"start":{"line":54,"column":29},"end":{"line":54,"column":58}}],"line":54},"7":{"loc":{"start":{"line":62,"column":43},"end":{"line":62,"column":72}},"type":"binary-expr","locations":[{"start":{"line":62,"column":43},"end":{"line":62,"column":66}},{"start":{"line":62,"column":70},"end":{"line":62,"column":72}}],"line":62},"8":{"loc":{"start":{"line":63,"column":47},"end":{"line":63,"column":80}},"type":"binary-expr","locations":[{"start":{"line":63,"column":47},"end":{"line":63,"column":74}},{"start":{"line":63,"column":78},"end":{"line":63,"column":80}}],"line":63},"9":{"loc":{"start":{"line":64,"column":43},"end":{"line":64,"column":72}},"type":"binary-expr","locations":[{"start":{"line":64,"column":43},"end":{"line":64,"column":66}},{"start":{"line":64,"column":70},"end":{"line":64,"column":72}}],"line":64},"10":{"loc":{"start":{"line":67,"column":6},"end":{"line":76,"column":7}},"type":"if","locations":[{"start":{"line":67,"column":6},"end":{"line":76,"column":7}},{"start":{},"end":{}}],"line":67},"11":{"loc":{"start":{"line":67,"column":10},"end":{"line":67,"column":70}},"type":"binary-expr","locations":[{"start":{"line":67,"column":10},"end":{"line":67,"column":26}},{"start":{"line":67,"column":30},"end":{"line":67,"column":50}},{"start":{"line":67,"column":54},"end":{"line":67,"column":70}}],"line":67},"12":{"loc":{"start":{"line":79,"column":6},"end":{"line":87,"column":7}},"type":"if","locations":[{"start":{"line":79,"column":6},"end":{"line":87,"column":7}},{"start":{},"end":{}}],"line":79},"13":{"loc":{"start":{"line":79,"column":10},"end":{"line":79,"column":51}},"type":"binary-expr","locations":[{"start":{"line":79,"column":10},"end":{"line":79,"column":13}},{"start":{"line":79,"column":17},"end":{"line":79,"column":51}}],"line":79},"14":{"loc":{"start":{"line":107,"column":8},"end":{"line":110,"column":9}},"type":"if","locations":[{"start":{"line":107,"column":8},"end":{"line":110,"column":9}},{"start":{},"end":{}}],"line":107},"15":{"loc":{"start":{"line":133,"column":2},"end":{"line":136,"column":3}},"type":"if","locations":[{"start":{"line":133,"column":2},"end":{"line":136,"column":3}},{"start":{},"end":{}}],"line":133},"16":{"loc":{"start":{"line":140,"column":38},"end":{"line":140,"column":80}},"type":"binary-expr","locations":[{"start":{"line":140,"column":38},"end":{"line":140,"column":47}},{"start":{"line":140,"column":51},"end":{"line":140,"column":80}}],"line":140},"17":{"loc":{"start":{"line":146,"column":4},"end":{"line":149,"column":44}},"type":"binary-expr","locations":[{"start":{"line":146,"column":4},"end":{"line":146,"column":13}},{"start":{"line":147,"column":4},"end":{"line":147,"column":33}},{"start":{"line":148,"column":4},"end":{"line":148,"column":29}},{"start":{"line":149,"column":4},"end":{"line":149,"column":44}}],"line":146},"18":{"loc":{"start":{"line":152,"column":9},"end":{"line":152,"column":54}},"type":"binary-expr","locations":[{"start":{"line":152,"column":9},"end":{"line":152,"column":30}},{"start":{"line":152,"column":34},"end":{"line":152,"column":54}}],"line":152},"19":{"loc":{"start":{"line":176,"column":42},"end":{"line":176,"column":111}},"type":"binary-expr","locations":[{"start":{"line":176,"column":42},"end":{"line":176,"column":67}},{"start":{"line":176,"column":71},"end":{"line":176,"column":111}}],"line":176},"20":{"loc":{"start":{"line":206,"column":6},"end":{"line":208,"column":7}},"type":"if","locations":[{"start":{"line":206,"column":6},"end":{"line":208,"column":7}},{"start":{},"end":{}}],"line":206},"21":{"loc":{"start":{"line":215,"column":6},"end":{"line":217,"column":7}},"type":"if","locations":[{"start":{"line":215,"column":6},"end":{"line":217,"column":7}},{"start":{},"end":{}}],"line":215},"22":{"loc":{"start":{"line":215,"column":10},"end":{"line":215,"column":51}},"type":"binary-expr","locations":[{"start":{"line":215,"column":10},"end":{"line":215,"column":30}},{"start":{"line":215,"column":34},"end":{"line":215,"column":51}}],"line":215},"23":{"loc":{"start":{"line":228,"column":8},"end":{"line":231,"column":9}},"type":"if","locations":[{"start":{"line":228,"column":8},"end":{"line":231,"column":9}},{"start":{},"end":{}}],"line":228},"24":{"loc":{"start":{"line":228,"column":12},"end":{"line":228,"column":53}},"type":"binary-expr","locations":[{"start":{"line":228,"column":12},"end":{"line":228,"column":19}},{"start":{"line":228,"column":23},"end":{"line":228,"column":53}}],"line":228},"25":{"loc":{"start":{"line":238,"column":8},"end":{"line":247,"column":9}},"type":"if","locations":[{"start":{"line":238,"column":8},"end":{"line":247,"column":9}},{"start":{},"end":{}}],"line":238},"26":{"loc":{"start":{"line":254,"column":12},"end":{"line":263,"column":13}},"type":"if","locations":[{"start":{"line":254,"column":12},"end":{"line":263,"column":13}},{"start":{"line":261,"column":19},"end":{"line":263,"column":13}}],"line":254},"27":{"loc":{"start":{"line":279,"column":6},"end":{"line":282,"column":7}},"type":"if","locations":[{"start":{"line":279,"column":6},"end":{"line":282,"column":7}},{"start":{},"end":{}}],"line":279},"28":{"loc":{"start":{"line":324,"column":0},"end":{"line":330,"column":1}},"type":"if","locations":[{"start":{"line":324,"column":0},"end":{"line":330,"column":1}},{"start":{},"end":{}}],"line":324}},"s":{"0":1,"1":1,"2":1,"3":1,"4":1,"5":1,"6":1,"7":1,"8":1,"9":1,"10":7,"11":7,"12":1,"13":6,"14":1,"15":13,"16":13,"17":24,"18":18,"19":18,"20":0,"21":6,"22":3,"23":13,"24":1,"25":4,"26":0,"27":0,"28":4,"29":4,"30":3,"31":3,"32":3,"33":3,"34":0,"35":0,"36":3,"37":3,"38":0,"39":0,"40":4,"41":1,"42":5,"43":5,"44":5,"45":4,"46":4,"47":4,"48":4,"49":4,"50":0,"51":1,"52":1,"53":1,"54":6,"55":0,"56":0,"57":6,"58":6,"59":1,"60":6,"61":6,"62":6,"63":1,"64":1,"65":6,"66":1,"67":1,"68":1,"69":1,"70":1,"71":1,"72":1,"73":1,"74":1,"75":0,"76":0,"77":1,"78":1,"79":1,"80":0,"81":0,"82":1,"83":6,"84":1,"85":7,"86":7,"87":7,"88":7,"89":7,"90":7,"91":7,"92":7,"93":7,"94":1,"95":1,"96":7,"97":0,"98":7,"99":7,"100":7,"101":7,"102":1,"103":6,"104":6,"105":6,"106":6,"107":14,"108":14,"109":14,"110":14,"111":5,"112":5,"113":9,"114":9,"115":9,"116":9,"117":4,"118":4,"119":0,"120":0,"121":4,"122":5,"123":5,"124":5,"125":5,"126":5,"127":0,"128":5,"129":0,"130":0,"131":6,"132":6,"133":6,"134":6,"135":6,"136":6,"137":6,"138":6,"139":10,"140":6,"141":6,"142":0,"143":6,"144":1,"145":1,"146":0,"147":0,"148":1,"149":0,"150":0,"151":0,"152":1},"f":{"0":7,"1":13,"2":4,"3":5,"4":6,"5":1,"6":1,"7":1,"8":1,"9":1,"10":0,"11":0,"12":7,"13":4,"14":0,"15":5,"16":10,"17":0,"18":0},"b":{"0":[1,6],"1":[4],"2":[18,6],"3":[0,18],"4":[3,3],"5":[0,4],"6":[4,4],"7":[3,0],"8":[3,0],"9":[3,0],"10":[0,3],"11":[3,0,0],"12":[0,3],"13":[3,3],"14":[4,0],"15":[0,6],"16":[1,1],"17":[1,1,1,1],"18":[7,1],"19":[0,0],"20":[0,7],"21":[1,6],"22":[7,7],"23":[5,9],"24":[14,13],"25":[4,5],"26":[0,5],"27":[6,0],"28":[0,1]},"_coverageSchema":"1a1c01bbd47fc00a2c39e90264f33305004495a9","hash":"d19089e52d2bbc5a762a4115b8ff1d1e6532eb14"}
,"C:\\Users\\busta\\Desktop\\GitHub\\comp2003-2024-group-10\\SourceCode\\src\\getStartEndDate.js": {"path":"C:\\Users\\busta\\Desktop\\GitHub\\comp2003-2024-group-10\\SourceCode\\src\\getStartEndDate.js","statementMap":{"0":{"start":{"line":5,"column":24},"end":{"line":69,"column":1}},"1":{"start":{"line":6,"column":4},"end":{"line":6,"column":56}},"2":{"start":{"line":6,"column":18},"end":{"line":6,"column":56}},"3":{"start":{"line":8,"column":20},"end":{"line":8,"column":22}},"4":{"start":{"line":9,"column":18},"end":{"line":9,"column":20}},"5":{"start":{"line":11,"column":23},"end":{"line":19,"column":5}},"6":{"start":{"line":12,"column":35},"end":{"line":12,"column":47}},"7":{"start":{"line":13,"column":24},"end":{"line":13,"column":59}},"8":{"start":{"line":14,"column":8},"end":{"line":18,"column":11}},"9":{"start":{"line":22,"column":16},"end":{"line":22,"column":80}},"10":{"start":{"line":23,"column":4},"end":{"line":25,"column":5}},"11":{"start":{"line":24,"column":8},"end":{"line":24,"column":81}},"12":{"start":{"line":28,"column":4},"end":{"line":28,"column":61}},"13":{"start":{"line":29,"column":4},"end":{"line":31,"column":5}},"14":{"start":{"line":30,"column":8},"end":{"line":30,"column":58}},"15":{"start":{"line":34,"column":4},"end":{"line":34,"column":73}},"16":{"start":{"line":35,"column":4},"end":{"line":37,"column":5}},"17":{"start":{"line":36,"column":8},"end":{"line":36,"column":58}},"18":{"start":{"line":40,"column":4},"end":{"line":40,"column":60}},"19":{"start":{"line":41,"column":4},"end":{"line":43,"column":5}},"20":{"start":{"line":42,"column":8},"end":{"line":42,"column":52}},"21":{"start":{"line":46,"column":4},"end":{"line":46,"column":91}},"22":{"start":{"line":47,"column":4},"end":{"line":49,"column":5}},"23":{"start":{"line":48,"column":8},"end":{"line":48,"column":58}},"24":{"start":{"line":52,"column":4},"end":{"line":52,"column":91}},"25":{"start":{"line":53,"column":4},"end":{"line":55,"column":5}},"26":{"start":{"line":54,"column":8},"end":{"line":54,"column":58}},"27":{"start":{"line":58,"column":4},"end":{"line":58,"column":59}},"28":{"start":{"line":59,"column":4},"end":{"line":61,"column":5}},"29":{"start":{"line":60,"column":8},"end":{"line":60,"column":52}},"30":{"start":{"line":64,"column":4},"end":{"line":66,"column":5}},"31":{"start":{"line":65,"column":8},"end":{"line":65,"column":46}},"32":{"start":{"line":68,"column":4},"end":{"line":68,"column":47}},"33":{"start":{"line":71,"column":0},"end":{"line":71,"column":33}}},"fnMap":{"0":{"name":"(anonymous_0)","decl":{"start":{"line":5,"column":24},"end":{"line":5,"column":25}},"loc":{"start":{"line":5,"column":37},"end":{"line":69,"column":1}},"line":5},"1":{"name":"(anonymous_1)","decl":{"start":{"line":11,"column":23},"end":{"line":11,"column":24}},"loc":{"start":{"line":11,"column":30},"end":{"line":19,"column":5}},"line":11}},"branchMap":{"0":{"loc":{"start":{"line":6,"column":4},"end":{"line":6,"column":56}},"type":"if","locations":[{"start":{"line":6,"column":4},"end":{"line":6,"column":56}},{"start":{},"end":{}}],"line":6},"1":{"loc":{"start":{"line":23,"column":4},"end":{"line":25,"column":5}},"type":"if","locations":[{"start":{"line":23,"column":4},"end":{"line":25,"column":5}},{"start":{},"end":{}}],"line":23},"2":{"loc":{"start":{"line":29,"column":4},"end":{"line":31,"column":5}},"type":"if","locations":[{"start":{"line":29,"column":4},"end":{"line":31,"column":5}},{"start":{},"end":{}}],"line":29},"3":{"loc":{"start":{"line":35,"column":4},"end":{"line":37,"column":5}},"type":"if","locations":[{"start":{"line":35,"column":4},"end":{"line":37,"column":5}},{"start":{},"end":{}}],"line":35},"4":{"loc":{"start":{"line":41,"column":4},"end":{"line":43,"column":5}},"type":"if","locations":[{"start":{"line":41,"column":4},"end":{"line":43,"column":5}},{"start":{},"end":{}}],"line":41},"5":{"loc":{"start":{"line":47,"column":4},"end":{"line":49,"column":5}},"type":"if","locations":[{"start":{"line":47,"column":4},"end":{"line":49,"column":5}},{"start":{},"end":{}}],"line":47},"6":{"loc":{"start":{"line":53,"column":4},"end":{"line":55,"column":5}},"type":"if","locations":[{"start":{"line":53,"column":4},"end":{"line":55,"column":5}},{"start":{},"end":{}}],"line":53},"7":{"loc":{"start":{"line":59,"column":4},"end":{"line":61,"column":5}},"type":"if","locations":[{"start":{"line":59,"column":4},"end":{"line":61,"column":5}},{"start":{},"end":{}}],"line":59},"8":{"loc":{"start":{"line":64,"column":4},"end":{"line":66,"column":5}},"type":"if","locations":[{"start":{"line":64,"column":4},"end":{"line":66,"column":5}},{"start":{},"end":{}}],"line":64}},"s":{"0":3,"1":10,"2":2,"3":8,"4":8,"5":8,"6":2,"7":2,"8":2,"9":8,"10":8,"11":1,"12":7,"13":7,"14":1,"15":6,"16":6,"17":1,"18":5,"19":5,"20":1,"21":4,"22":4,"23":2,"24":2,"25":2,"26":0,"27":2,"28":2,"29":1,"30":1,"31":1,"32":0,"33":3},"f":{"0":10,"1":2},"b":{"0":[2,8],"1":[1,7],"2":[1,6],"3":[1,5],"4":[1,4],"5":[2,2],"6":[0,2],"7":[1,1],"8":[1,0]},"_coverageSchema":"1a1c01bbd47fc00a2c39e90264f33305004495a9","hash":"e89db3f3f8d902a4d0106b175e9914edcd118fce"}
,"C:\\Users\\busta\\Desktop\\GitHub\\comp2003-2024-group-10\\SourceCode\\src\\getStructure.js": {"path":"C:\\Users\\busta\\Desktop\\GitHub\\comp2003-2024-group-10\\SourceCode\\src\\getStructure.js","statementMap":{"0":{"start":{"line":1,"column":14},"end":{"line":1,"column":30}},"1":{"start":{"line":2,"column":16},"end":{"line":2,"column":34}},"2":{"start":{"line":3,"column":11},"end":{"line":3,"column":24}},"3":{"start":{"line":4,"column":13},"end":{"line":4,"column":28}},"4":{"start":{"line":5,"column":13},"end":{"line":5,"column":28}},"5":{"start":{"line":11,"column":31},"end":{"line":49,"column":1}},"6":{"start":{"line":12,"column":24},"end":{"line":12,"column":79}},"7":{"start":{"line":13,"column":2},"end":{"line":48,"column":3}},"8":{"start":{"line":14,"column":4},"end":{"line":22,"column":5}},"9":{"start":{"line":15,"column":6},"end":{"line":15,"column":61}},"10":{"start":{"line":16,"column":6},"end":{"line":21,"column":8}},"11":{"start":{"line":24,"column":22},"end":{"line":24,"column":73}},"12":{"start":{"line":26,"column":25},"end":{"line":26,"column":63}},"13":{"start":{"line":27,"column":4},"end":{"line":37,"column":5}},"14":{"start":{"line":28,"column":6},"end":{"line":36,"column":7}},"15":{"start":{"line":29,"column":8},"end":{"line":29,"column":78}},"16":{"start":{"line":30,"column":8},"end":{"line":35,"column":10}},"17":{"start":{"line":39,"column":4},"end":{"line":39,"column":21}},"18":{"start":{"line":41,"column":4},"end":{"line":41,"column":73}},"19":{"start":{"line":42,"column":4},"end":{"line":47,"column":6}},"20":{"start":{"line":57,"column":30},"end":{"line":65,"column":1}},"21":{"start":{"line":58,"column":2},"end":{"line":64,"column":5}},"22":{"start":{"line":59,"column":4},"end":{"line":63,"column":5}},"23":{"start":{"line":60,"column":6},"end":{"line":60,"column":36}},"24":{"start":{"line":62,"column":6},"end":{"line":62,"column":19}},"25":{"start":{"line":73,"column":29},"end":{"line":87,"column":1}},"26":{"start":{"line":74,"column":21},"end":{"line":74,"column":75}},"27":{"start":{"line":75,"column":2},"end":{"line":75,"column":43}},"28":{"start":{"line":75,"column":31},"end":{"line":75,"column":43}},"29":{"start":{"line":77,"column":17},"end":{"line":77,"column":67}},"30":{"start":{"line":78,"column":16},"end":{"line":78,"column":65}},"31":{"start":{"line":79,"column":16},"end":{"line":79,"column":65}},"32":{"start":{"line":81,"column":2},"end":{"line":86,"column":4}},"33":{"start":{"line":94,"column":19},"end":{"line":101,"column":1}},"34":{"start":{"line":95,"column":2},"end":{"line":100,"column":3}},"35":{"start":{"line":96,"column":4},"end":{"line":96,"column":23}},"36":{"start":{"line":97,"column":4},"end":{"line":97,"column":16}},"37":{"start":{"line":99,"column":4},"end":{"line":99,"column":17}},"38":{"start":{"line":108,"column":27},"end":{"line":120,"column":1}},"39":{"start":{"line":109,"column":2},"end":{"line":109,"column":40}},"40":{"start":{"line":109,"column":28},"end":{"line":109,"column":40}},"41":{"start":{"line":111,"column":25},"end":{"line":111,"column":51}},"42":{"start":{"line":112,"column":2},"end":{"line":118,"column":3}},"43":{"start":{"line":113,"column":20},"end":{"line":113,"column":47}},"44":{"start":{"line":114,"column":4},"end":{"line":117,"column":22}},"45":{"start":{"line":115,"column":6},"end":{"line":115,"column":32}},"46":{"start":{"line":116,"column":6},"end":{"line":116,"column":21}},"47":{"start":{"line":119,"column":2},"end":{"line":119,"column":17}},"48":{"start":{"line":130,"column":23},"end":{"line":150,"column":1}},"49":{"start":{"line":131,"column":14},"end":{"line":131,"column":47}},"50":{"start":{"line":132,"column":2},"end":{"line":132,"column":24}},"51":{"start":{"line":132,"column":12},"end":{"line":132,"column":24}},"52":{"start":{"line":134,"column":2},"end":{"line":149,"column":3}},"53":{"start":{"line":135,"column":21},"end":{"line":135,"column":61}},"54":{"start":{"line":136,"column":14},"end":{"line":136,"column":41}},"55":{"start":{"line":138,"column":22},"end":{"line":138,"column":65}},"56":{"start":{"line":139,"column":4},"end":{"line":139,"column":32}},"57":{"start":{"line":139,"column":20},"end":{"line":139,"column":32}},"58":{"start":{"line":141,"column":4},"end":{"line":146,"column":6}},"59":{"start":{"line":148,"column":4},"end":{"line":148,"column":16}},"60":{"start":{"line":156,"column":32},"end":{"line":177,"column":1}},"61":{"start":{"l
[...]
,"C:\\Users\\busta\\Desktop\\GitHub\\comp2003-2024-group-10\\SourceCode\\src\\endpoints\\exportFailedStructures.js": {"path":"C:\\Users\\busta\\Desktop\\GitHub\\comp2003-2024-group-10\\SourceCode\\src\\endpoints\\exportFailedStructures.js","statementMap":{"0":{"start":{"line":1,"column":16},"end":{"line":1,"column":34}},"1":{"start":{"line":2,"column":13},"end":{"line":2,"column":28}},"2":{"start":{"line":3,"column":11},"end":{"line":3,"column":24}},"3":{"start":{"line":5,"column":15},"end":{"line":5,"column":31}},"4":{"start":{"line":8,"column":0},"end":{"line":21,"column":3}},"5":{"start":{"line":9,"column":19},"end":{"line":9,"column":75}},"6":{"start":{"line":11,"column":2},"end":{"line":20,"column":3}},"7":{"start":{"line":12,"column":4},"end":{"line":17,"column":7}},"8":{"start":{"line":13,"column":6},"end":{"line":16,"column":7}},"9":{"start":{"line":14,"column":8},"end":{"line":14,"column":71}},"10":{"start":{"line":15,"column":8},"end":{"line":15,"column":56}},"11":{"start":{"line":19,"column":4},"end":{"line":19,"column":75}},"12":{"start":{"line":23,"column":0},"end":{"line":23,"column":24}}},"fnMap":{"0":{"name":"(anonymous_0)","decl":{"start":{"line":8,"column":40},"end":{"line":8,"column":41}},"loc":{"start":{"line":8,"column":54},"end":{"line":21,"column":1}},"line":8},"1":{"name":"(anonymous_1)","decl":{"start":{"line":12,"column":52},"end":{"line":12,"column":53}},"loc":{"start":{"line":12,"column":61},"end":{"line":17,"column":5}},"line":12}},"branchMap":{"0":{"loc":{"start":{"line":11,"column":2},"end":{"line":20,"column":3}},"type":"if","locations":[{"start":{"line":11,"column":2},"end":{"line":20,"column":3}},{"start":{"line":18,"column":9},"end":{"line":20,"column":3}}],"line":11},"1":{"loc":{"start":{"line":13,"column":6},"end":{"line":16,"column":7}},"type":"if","locations":[{"start":{"line":13,"column":6},"end":{"line":16,"column":7}},{"start":{},"end":{}}],"line":13}},"s":{"0":0,"1":0,"2":0,"3":0,"4":0,"5":0,"6":0,"7":0,"8":0,"9":0,"10":0,"11":0,"12":0},"f":{"0":0,"1":0},"b":{"0":[0,0],"1":[0,0]}}
,"C:\\Users\\busta\\Desktop\\GitHub\\comp2003-2024-group-10\\SourceCode\\src\\endpoints\\fetchShowStructure.js": {"path":"C:\\Users\\busta\\Desktop\\GitHub\\comp2003-2024-group-10\\SourceCode\\src\\endpoints\\fetchShowStructure.js","statementMap":{"0":{"start":{"line":1,"column":16},"end":{"line":1,"column":34}},"1":{"start":{"line":2,"column":33},"end":{"line":2,"column":63}},"2":{"start":{"line":4,"column":15},"end":{"line":4,"column":31}},"3":{"start":{"line":6,"column":0},"end":{"line":14,"column":3}},"4":{"start":{"line":7,"column":2},"end":{"line":13,"column":3}},"5":{"start":{"line":8,"column":19},"end":{"line":8,"column":47}},"6":{"start":{"line":9,"column":4},"end":{"line":9,"column":21}},"7":{"start":{"line":11,"column":4},"end":{"line":11,"column":70}},"8":{"start":{"line":12,"column":4},"end":{"line":12,"column":82}},"9":{"start":{"line":16,"column":0},"end":{"line":16,"column":24}}},"fnMap":{"0":{"name":"(anonymous_0)","decl":{"start":{"line":6,"column":35},"end":{"line":6,"column":36}},"loc":{"start":{"line":6,"column":55},"end":{"line":14,"column":1}},"line":6}},"branchMap":{},"s":{"0":0,"1":0,"2":0,"3":0,"4":0,"5":0,"6":0,"7":0,"8":0,"9":0},"f":{"0":0},"b":{}}
,"C:\\Users\\busta\\Desktop\\GitHub\\comp2003-2024-group-10\\SourceCode\\src\\endpoints\\fetchStructure.js": {"path":"C:\\Users\\busta\\Desktop\\GitHub\\comp2003-2024-group-10\\SourceCode\\src\\endpoints\\fetchStructure.js","statementMap":{"0":{"start":{"line":1,"column":16},"end":{"line":1,"column":34}},"1":{"start":{"line":2,"column":36},"end":{"line":2,"column":62}},"2":{"start":{"line":4,"column":15},"end":{"line":4,"column":31}},"3":{"start":{"line":6,"column":0},"end":{"line":14,"column":3}},"4":{"start":{"line":7,"column":2},"end":{"line":13,"column":3}},"5":{"start":{"line":8,"column":19},"end":{"line":8,"column":50}},"6":{"start":{"line":9,"column":4},"end":{"line":9,"column":21}},"7":{"start":{"line":11,"column":4},"end":{"line":11,"column":65}},"8":{"start":{"line":12,"column":4},"end":{"line":12,"column":77}},"9":{"start":{"line":16,"column":0},"end":{"line":16,"column":24}}},"fnMap":{"0":{"name":"(anonymous_0)","decl":{"start":{"line":6,"column":31},"end":{"line":6,"column":32}},"loc":{"start":{"line":6,"column":51},"end":{"line":14,"column":1}},"line":6}},"branchMap":{},"s":{"0":0,"1":0,"2":0,"3":0,"4":0,"5":0,"6":0,"7":0,"8":0,"9":0},"f":{"0":0},"b":{}}
,"C:\\Users\\busta\\Desktop\\GitHub\\comp2003-2024-group-10\\SourceCode\\src\\endpoints\\getLatestFile.js": {"path":"C:\\Users\\busta\\Desktop\\GitHub\\comp2003-2024-group-10\\SourceCode\\src\\endpoints\\getLatestFile.js","statementMap":{"0":{"start":{"line":1,"column":16},"end":{"line":1,"column":34}},"1":{"start":{"line":2,"column":13},"end":{"line":2,"column":28}},"2":{"start":{"line":3,"column":11},"end":{"line":3,"column":24}},"3":{"start":{"line":4,"column":17},"end":{"line":4,"column":36}},"4":{"start":{"line":6,"column":15},"end":{"line":6,"column":31}},"5":{"start":{"line":9,"column":0},"end":{"line":126,"column":3}},"6":{"start":{"line":10,"column":24},"end":{"line":10,"column":64}},"7":{"start":{"line":11,"column":29},"end":{"line":11,"column":83}},"8":{"start":{"line":14,"column":2},"end":{"line":17,"column":3}},"9":{"start":{"line":15,"column":4},"end":{"line":15,"column":57}},"10":{"start":{"line":16,"column":4},"end":{"line":16,"column":79}},"11":{"start":{"line":20,"column":23},"end":{"line":20,"column":25}},"12":{"start":{"line":21,"column":2},"end":{"line":29,"column":3}},"13":{"start":{"line":22,"column":4},"end":{"line":25,"column":5}},"14":{"start":{"line":23,"column":25},"end":{"line":23,"column":68}},"15":{"start":{"line":24,"column":6},"end":{"line":24,"column":46}},"16":{"start":{"line":27,"column":4},"end":{"line":27,"column":69}},"17":{"start":{"line":31,"column":2},"end":{"line":125,"column":5}},"18":{"start":{"line":32,"column":4},"end":{"line":35,"column":5}},"19":{"start":{"line":33,"column":6},"end":{"line":33,"column":64}},"20":{"start":{"line":34,"column":6},"end":{"line":34,"column":77}},"21":{"start":{"line":38,"column":21},"end":{"line":38,"column":66}},"22":{"start":{"line":38,"column":44},"end":{"line":38,"column":65}},"23":{"start":{"line":39,"column":23},"end":{"line":39,"column":73}},"24":{"start":{"line":39,"column":49},"end":{"line":39,"column":72}},"25":{"start":{"line":40,"column":23},"end":{"line":40,"column":73}},"26":{"start":{"line":40,"column":49},"end":{"line":40,"column":72}},"27":{"start":{"line":42,"column":4},"end":{"line":44,"column":5}},"28":{"start":{"line":43,"column":6},"end":{"line":43,"column":70}},"29":{"start":{"line":47,"column":4},"end":{"line":47,"column":32}},"30":{"start":{"line":48,"column":4},"end":{"line":48,"column":32}},"31":{"start":{"line":49,"column":24},"end":{"line":49,"column":37}},"32":{"start":{"line":50,"column":24},"end":{"line":50,"column":37}},"33":{"start":{"line":53,"column":4},"end":{"line":53,"column":46}},"34":{"start":{"line":54,"column":4},"end":{"line":54,"column":46}},"35":{"start":{"line":57,"column":23},"end":{"line":57,"column":81}},"36":{"start":{"line":58,"column":23},"end":{"line":58,"column":81}},"37":{"start":{"line":60,"column":4},"end":{"line":63,"column":5}},"38":{"start":{"line":61,"column":6},"end":{"line":61,"column":67}},"39":{"start":{"line":62,"column":6},"end":{"line":62,"column":69}},"40":{"start":{"line":65,"column":4},"end":{"line":68,"column":5}},"41":{"start":{"line":66,"column":6},"end":{"line":66,"column":72}},"42":{"start":{"line":67,"column":6},"end":{"line":67,"column":84}},"43":{"start":{"line":70,"column":28},"end":{"line":70,"column":41}},"44":{"start":{"line":71,"column":26},"end":{"line":74,"column":5}},"45":{"start":{"line":75,"column":24},"end":{"line":75,"column":86}},"46":{"start":{"line":78,"column":4},"end":{"line":85,"column":5}},"47":{"start":{"line":79,"column":6},"end":{"line":79,"column":61}},"48":{"start":{"line":80,"column":6},"end":{"line":84,"column":9}},"49":{"start":{"line":88,"column":19},"end":{"line":88,"column":52}},"50":{"start":{"line":89,"column":20},"end":{"line":89,"column":59}},"51":{"start":{"line":91,"column":4},"end":{"line":98,"column":7}},"52":{"start":{"line":92,"column":6},"end":{"line":92,"column":83}},"53":{"start":{"line":93,"column":6},"end":{"line":97,"column":9}},"54":{"start":{"line":100,"column":4},"end":{"line":107,"column":7}},"55":{"start":{"line":101,"column":6},"end":{"line":106,"column":7}},"56":{"start":{"line":102,"column":8},"end":{"line":102,"column":47}},"57":{"start":{"line":104,"column":8},"end":{"line":104,"column":46}},"58":{"start":{"line":105,"column":8},"end":{"line":105,"column":78}},"59":{"start":{"line":109,"column":4},"end":{"line":112,"column":7}},"60":{"start":{"line":110,"column":6},"end":{"line":110,"column":56}},"61":{"start":{"line":111,"column":6},"end":{"line":111,"column":71}},"62":{"start":{"line":114,"column":4},"end":{"line":114,"column":25}},"63":{"start":{"line":117,"column":4},"end":{"line":124,"column":5}},"64":{"start":{"line":118,"column":6},"end":{"line":118,"column":81}},"65":{"start":{"line":119,"column":6},"end":{"line":119,"column":81}},"66":{"start":{"line":120,"column":6},"end":{"line":120,"column":25}},"67":{"start":{"line":122,"column":6},"end":{"line":122,"column":59}},"68":{"start":{"line":123,"column":6},"end":{"line":123,"column":80}},"69":{"start":{"line":128,"column":0},"end":{"line":128,"column":24}}},"fnMap":{"0":{"name":"(anonymous_0)","decl":{"start":{"line":9,"column":29},"end":{"line":9,"column":30}},"loc":{"start":{"line":9,"column":43},"end":{"line":126,"column":1}},"line":9},"1":{"name":"(anonymous_1)","decl":{"start":{"line":31,"column":28},"end":{"line":31,"column":29}},"loc":{"start":{"line":31,"column":44},"end":{"line":125,"column":3}},"line":31},"2":{"name":"(anonymous_2)","decl":{"start":{"line":38,"column":34},"end":{"line":38,"column":35}},"loc":{"start":{"line":38,"column":44},"end":{"line":38,"column":65}},"line":38},"3":{"name":"(anonymous_3)","decl":{"start":{"line":39,"column":39},"end":{"line":39,"column":40}},"loc":{"start":{"line":39,"column":49},"end":{"line":39,"column":72}},"line":39},"4":{"name":"(anonymous_4)","decl":{"start":{"line":40,"column":39},"end":{"line":40,"column":40}},"loc":{"start":{"line":40,"column":49},"end":{"line":40,"column":72}},"line":40},"5":{"name":"(anonymous_5)","decl":{"start":{"line":91,"column":23},"end":{"line":91,"column":24}},"loc":{"start":{"line":91,"column":29},"end":{"line":98,"column":5}},"line":91},"6":{"name":"(anonymous_6)","decl":{"start":{"line":100,"column":26},"end":{"line":100,"column":27}},"loc":{"start":{"line":100,"column":35},"end":{"line":107,"column":5}},"line":100},"7":{"name":"(anonymous_7)","decl":{"start":{"line":109,"column":24},"end":{"line":109,"column":25}},"loc":{"start":{"line":109,"column":33},"end":{"line":112,"column":5}},"line":109}},"branchMap":{"0":{"loc":{"start":{"line":14,"column":2},"end":{"line":17,"column":3}},"type":"if","locations":[{"start":{"line":14,"column":2},"end":{"line":17,"column":3}},{"start":{},"end":{}}],"line":14},"1":{"loc":{"start":{"line":22,"column":4},"end":{"line":25,"column":5}},"type":"if","locations":[{"start":{"line":22,"column":4},"end":{"line":25,"column":5}},{"start":{},"end":{}}],"line":22},"2":{"loc":{"start":{"line":32,"column":4},"end":{"line":35,"column":5}},"type":"if","locations":[{"start":{"line":32,"column":4},"end":{"line":35,"column":5}},{"start":{},"end":{}}],"line":32},"3":{"loc":{"start":{"line":42,"column":4},"end":{"line":44,"column":5}},"type":"if","locations":[{"start":{"line":42,"column":4},"end":{"line":44,"column":5}},{"start":{},"end":{}}],"line":42},"4":{"loc":{"start":{"line":42,"column":8},"end":{"line":42,"column":58}},"type":"binary-expr","locations":[{"start":{"line":42,"column":8},"end":{"line":42,"column":31}},{"start":{"line":42,"column":35},"end":{"line":42,"column":58}}],"line":42},"5":{"loc":{"start":{"line":60,"column":4},"end":{"line":63,"column":5}},"type":"if","locations":[{"start":{"line":60,"column":4},"end":{"line":63,"column":5}},{"start":{},"end":{}}],"line":60},"6":{"loc":{"start":{"line":60,"column":8},"end":{"line":60,"column":34}},"type":"binary-expr","locations":[{"start":{"line":60,"column":8},"end":{"line":60,"column":19}},{"start":{"line":60,"column":23},"end":{"line":60,"column":34}}],"line":60},"7":{"loc":{"start":{"line":65,"column":4},"end":{"line":68,"column":5}},"type":"if","locations":[{"start":{"line":65,"column":4},"end":{"line":68,"column":5}},{"start":{},"end":{}}],"line":65},"8":{"loc":{"start":{"line":78,"column":4},"end":{"line":85,"column":5}},"type":"if","locations":[{"start":{"line":78,"column":4},"end":{"line":85,"column":5}},{"start":{},"end":{}}],"line":78},"9":{"loc":{"start":{"line":101,"column":6},"end":{"line":106,"column":7}},"type":"if","locations":[{"start":{"line":101,"column":6},"end":{"line":106,"column":7}},{"start":{"line":103,"column":13},"end":{"line":106,"column":7}}],"line":101}},"s":{"0":0,"1":0,"2":0,"3":0,"4":0,"5":0,"6":0,"7":0,"8":0,"9":0,"10":0,"11":0,"12":0,"13":0,"14":0,"15":0,"16":0,"17":0,"18":0,"19":0,"20":0,"21":0,"22":0,"23":0,"24":0,"25":0,"26":0,"27":0,"28":0,"29":0,"30":0,"31":0,"32":0,"33":0,"34":0,"35":0,"36":0,"37":0,"38":0,"39":0,"40":0,"41":0,"42":0,"43":0,"44":0,"45":0,"46":0,"47":0,"48":0,"49":0,"50":0,"51":0,"52":0,"53":0,"54":0,"55":0,"56":0,"57":0,"58":0,"59":0,"60":0,"61":0,"62":0,"63":0,"64":0,"65":0,"66":0,"67":0,"68":0,"69":0},"f":{"0":0,"1":0,"2":0,"3":0,"4":0,"5":0,"6":0,"7":0},"b":{"0":[0,0],"1":[0,0],"2":[0,0],"3":[0,0],"4":[0,0],"5":[0,0],"6":[0,0],"7":[0,0],"8":[0,0],"9":[0,0]}}
,"C:\\Users\\busta\\Desktop\\GitHub\\comp2003-2024-group-10\\SourceCode\\src\\endpoints\\index.js": {"path":"C:\\Users\\busta\\Desktop\\GitHub\\comp2003-2024-group-10\\SourceCode\\src\\endpoints\\index.js","statementMap":{"0":{"start":{"line":1,"column":19},"end":{"line":1,"column":42}},"1":{"start":{"line":2,"column":22},"end":{"line":2,"column":48}},"2":{"start":{"line":3,"column":31},"end":{"line":3,"column":66}},"3":{"start":{"line":4,"column":22},"end":{"line":4,"column":48}},"4":{"start":{"line":5,"column":23},"end":{"line":5,"column":50}},"5":{"start":{"line":6,"column":27},"end":{"line":6,"column":58}},"6":{"start":{"line":8,"column":0},"end":{"line":15,"column":2}}},"fnMap":{},"branchMap":{},"s":{"0":0,"1":0,"2":0,"3":0,"4":0,"5":0,"6":0},"f":{},"b":{}}
,"C:\\Users\\busta\\Desktop\\GitHub\\comp2003-2024-group-10\\SourceCode\\src\\endpoints\\uploadShow.js": {"path":"C:\\Users\\busta\\Desktop\\GitHub\\comp2003-2024-group-10\\SourceCode\\src\\endpoints\\uploadShow.js","statementMap":{"0":{"start":{"line":1,"column":16},"end":{"line":1,"column":34}},"1":{"start":{"line":2,"column":13},"end":{"line":2,"column":28}},"2":{"start":{"line":3,"column":11},"end":{"line":3,"column":24}},"3":{"start":{"line":4,"column":15},"end":{"line":4,"column":32}},"4":{"start":{"line":5,"column":15},"end":{"line":5,"column":70}},"5":{"start":{"line":7,"column":15},"end":{"line":7,"column":31}},"6":{"start":{"line":10,"column":0},"end":{"line":25,"column":3}},"7":{"start":{"line":11,"column":2},"end":{"line":11,"column":49}},"8":{"start":{"line":13,"column":2},"end":{"line":15,"column":3}},"9":{"start":{"line":14,"column":4},"end":{"line":14,"column":66}},"10":{"start":{"line":17,"column":21},"end":{"line":17,"column":75}},"11":{"start":{"line":18,"column":2},"end":{"line":24,"column":5}},"12":{"start":{"line":19,"column":4},"end":{"line":22,"column":5}},"13":{"start":{"line":20,"column":6},"end":{"line":20,"column":47}},"14":{"start":{"line":21,"column":6},"end":{"line":21,"column":74}},"15":{"start":{"line":23,"column":4},"end":{"line":23,"column":74}},"16":{"start":{"line":27,"column":0},"end":{"line":27,"column":24}}},"fnMap":{"0":{"name":"(anonymous_0)","decl":{"start":{"line":10,"column":62},"end":{"line":10,"column":63}},"loc":{"start":{"line":10,"column":76},"end":{"line":25,"column":1}},"line":10},"1":{"name":"(anonymous_1)","decl":{"start":{"line":18,"column":39},"end":{"line":18,"column":40}},"loc":{"start":{"line":18,"column":48},"end":{"line":24,"column":3}},"line":18}},"branchMap":{"0":{"loc":{"start":{"line":13,"column":2},"end":{"line":15,"column":3}},"type":"if","locations":[{"start":{"line":13,"column":2},"end":{"line":15,"column":3}},{"start":{},"end":{}}],"line":13},"1":{"loc":{"start":{"line":19,"column":4},"end":{"line":22,"column":5}},"type":"if","locations":[{"start":{"line":19,"column":4},"end":{"line":22,"column":5}},{"start":{},"end":{}}],"line":19}},"s":{"0":0,"1":0,"2":0,"3":0,"4":0,"5":0,"6":0,"7":0,"8":0,"9":0,"10":0,"11":0,"12":0,"13":0,"14":0,"15":0,"16":0},"f":{"0":0,"1":0},"b":{"0":[0,0],"1":[0,0]}}
,"C:\\Users\\busta\\Desktop\\GitHub\\comp2003-2024-group-10\\SourceCode\\src\\endpoints\\uploadTheatre.js": {"path":"C:\\Users\\busta\\Desktop\\GitHub\\comp2003-2024-group-10\\SourceCode\\src\\endpoints\\uploadTheatre.js","statementMap":{"0":{"start":{"line":1,"column":16},"end":{"line":1,"column":34}},"1":{"start":{"line":2,"column":13},"end":{"line":2,"column":28}},"2":{"start":{"line":3,"column":11},"end":{"line":3,"column":24}},"3":{"start":{"line":4,"column":15},"end":{"line":4,"column":32}},"4":{"start":{"line":5,"column":15},"end":{"line":5,"column":70}},"5":{"start":{"line":7,"column":15},"end":{"line":7,"column":31}},"6":{"start":{"line":10,"column":0},"end":{"line":20,"column":3}},"7":{"start":{"line":11,"column":21},"end":{"line":11,"column":78}},"8":{"start":{"line":13,"column":2},"end":{"line":19,"column":5}},"9":{"start":{"line":14,"column":4},"end":{"line":17,"column":5}},"10":{"start":{"line":15,"column":6},"end":{"line":15,"column":57}},"11":{"start":{"line":16,"column":6},"end":{"line":16,"column":77}},"12":{"start":{"line":18,"column":4},"end":{"line":18,"column":77}},"13":{"start":{"line":22,"column":0},"end":{"line":22,"column":24}}},"fnMap":{"0":{"name":"(anonymous_0)","decl":{"start":{"line":10,"column":67},"end":{"line":10,"column":68}},"loc":{"start":{"line":10,"column":81},"end":{"line":20,"column":1}},"line":10},"1":{"name":"(anonymous_1)","decl":{"start":{"line":13,"column":39},"end":{"line":13,"column":40}},"loc":{"start":{"line":13,"column":48},"end":{"line":19,"column":3}},"line":13}},"branchMap":{"0":{"loc":{"start":{"line":14,"column":4},"end":{"line":17,"column":5}},"type":"if","locations":[{"start":{"line":14,"column":4},"end":{"line":17,"column":5}},{"start":{},"end":{}}],"line":14}},"s":{"0":0,"1":0,"2":0,"3":0,"4":0,"5":0,"6":0,"7":0,"8":0,"9":0,"10":0,"11":0,"12":0,"13":0},"f":{"0":0,"1":0},"b":{"0":[0,0]}}
}
