TN:
SF:src\concordeScrapeall.js
FN:3,(anonymous_0)
FN:3,(anonymous_1)
FN:14,(anonymous_2)
FN:41,(anonymous_3)
FN:42,(anonymous_4)
FN:59,(anonymous_5)
FN:71,(anonymous_6)
FN:77,(anonymous_7)
FN:84,(anonymous_8)
FN:86,(anonymous_9)
FN:99,(anonymous_10)
FN:112,(anonymous_11)
FN:132,(anonymous_12)
FN:143,(anonymous_13)
FN:163,(anonymous_14)
FN:206,(anonymous_15)
FN:219,(anonymous_16)
FN:231,(anonymous_17)
FN:234,(anonymous_18)
FN:241,(anonymous_19)
FNF:20
FNH:0
FNDA:0,(anonymous_0)
FNDA:0,(anonymous_1)
FNDA:0,(anonymous_2)
FNDA:0,(anonymous_3)
FNDA:0,(anonymous_4)
FNDA:0,(anonymous_5)
FNDA:0,(anonymous_6)
FNDA:0,(anonymous_7)
FNDA:0,(anonymous_8)
FNDA:0,(anonymous_9)
FNDA:0,(anonymous_10)
FNDA:0,(anonymous_11)
FNDA:0,(anonymous_12)
FNDA:0,(anonymous_13)
FNDA:0,(anonymous_14)
FNDA:0,(anonymous_15)
FNDA:0,(anonymous_16)
FNDA:0,(anonymous_17)
FNDA:0,(anonymous_18)
FNDA:0,(anonymous_19)
DA:2,0
DA:3,0
DA:4,0
DA:5,0
DA:6,0
DA:7,0
DA:8,0
DA:14,0
DA:15,0
DA:17,0
DA:18,0
DA:19,0
DA:20,0
DA:22,0
DA:25,0
DA:26,0
DA:28,0
DA:30,0
DA:31,0
DA:41,0
DA:42,0
DA:43,0
DA:44,0
DA:45,0
DA:48,0
DA:49,0
DA:50,0
DA:53,0
DA:54,0
DA:55,0
DA:58,0
DA:59,0
DA:62,0
DA:71,0
DA:73,0
DA:75,0
DA:76,0
DA:77,0
DA:78,0
DA:79,0
DA:80,0
DA:83,0
DA:84,0
DA:85,0
DA:86,0
DA:90,0
DA:91,0
DA:94,0
DA:97,0
DA:98,0
DA:99,0
DA:102,0
DA:103,0
DA:104,0
DA:109,0
DA:112,0
DA:120,0
DA:121,0
DA:123,0
DA:132,0
DA:133,0
DA:134,0
DA:135,0
DA:136,0
DA:138,0
DA:143,0
DA:145,0
DA:146,0
DA:147,0
DA:148,0
DA:149,0
DA:150,0
DA:151,0
DA:152,0
DA:163,0
DA:164,0
DA:166,0
DA:167,0
DA:169,0
DA:175,0
DA:176,0
DA:177,0
DA:178,0
DA:181,0
DA:182,0
DA:185,0
DA:187,0
DA:190,0
DA:191,0
DA:192,0
DA:193,0
DA:195,0
DA:196,0
DA:197,0
DA:198,0
DA:199,0
DA:200,0
DA:201,0
DA:203,0
DA:206,0
DA:210,0
DA:211,0
DA:212,0
DA:213,0
DA:216,0
DA:217,0
DA:219,0
DA:220,0
DA:221,0
DA:222,0
DA:223,0
DA:224,0
DA:226,0
DA:227,0
DA:230,0
DA:231,0
DA:232,0
DA:233,0
DA:234,0
DA:236,0
DA:241,0
DA:251,0
DA:256,0
DA:258,0
DA:259,0
DA:260,0
DA:264,0
DA:267,0
DA:273,0
LF:129
LH:0
BRDA:17,0,0,0
BRDA:17,0,1,0
BRDA:25,1,0,0
BRDA:25,1,1,0
BRDA:44,2,0,0
BRDA:44,2,1,0
BRDA:49,3,0,0
BRDA:49,3,1,0
BRDA:54,4,0,0
BRDA:54,4,1,0
BRDA:71,5,0,0
BRDA:79,6,0,0
BRDA:79,6,1,0
BRDA:90,7,0,0
BRDA:90,7,1,0
BRDA:102,8,0,0
BRDA:102,8,1,0
BRDA:134,9,0,0
BRDA:134,9,1,0
BRDA:191,10,0,0
BRDA:191,10,1,0
BRDA:198,11,0,0
BRDA:198,11,1,0
BRDA:211,12,0,0
BRDA:211,12,1,0
BRDA:222,13,0,0
BRDA:222,13,1,0
BRDA:230,14,0,0
BRDA:230,14,1,0
BRDA:233,15,0,0
BRDA:233,15,1,0
BRDA:258,16,0,0
BRDA:258,16,1,0
BRF:33
BRH:0
end_of_record
TN:
SF:src\concordeTheatricalsBespoke.js
FN:2,(anonymous_0)
FN:2,(anonymous_1)
FN:13,(anonymous_2)
FN:39,(anonymous_3)
FN:42,(anonymous_4)
FN:53,(anonymous_5)
FN:54,(anonymous_6)
FN:61,(anonymous_7)
FN:74,(anonymous_8)
FN:81,(anonymous_9)
FN:96,(anonymous_10)
FN:119,(anonymous_11)
FN:136,(anonymous_12)
FN:149,(anonymous_13)
FN:155,(anonymous_14)
FN:188,(anonymous_15)
FN:190,(anonymous_16)
FN:217,(anonymous_17)
FN:234,(anonymous_18)
FN:317,(anonymous_19)
FN:319,(anonymous_20)
FN:346,(anonymous_21)
FNF:22
FNH:13
FNDA:16,(anonymous_0)
FNDA:16,(anonymous_1)
FNDA:1,(anonymous_2)
FNDA:4,(anonymous_3)
FNDA:2,(anonymous_4)
FNDA:6,(anonymous_5)
FNDA:0,(anonymous_6)
FNDA:0,(anonymous_7)
FNDA:6,(anonymous_8)
FNDA:0,(anonymous_9)
FNDA:0,(anonymous_10)
FNDA:6,(anonymous_11)
FNDA:0,(anonymous_12)
FNDA:0,(anonymous_13)
FNDA:0,(anonymous_14)
FNDA:6,(anonymous_15)
FNDA:6,(anonymous_16)
FNDA:6,(anonymous_17)
FNDA:7,(anonymous_18)
FNDA:0,(anonymous_19)
FNDA:0,(anonymous_20)
FNDA:1,(anonymous_21)
DA:1,1
DA:2,16
DA:3,1
DA:4,1
DA:5,1
DA:6,1
DA:13,1
DA:14,1
DA:16,1
DA:17,1
DA:18,1
DA:19,1
DA:21,0
DA:24,1
DA:25,0
DA:27,1
DA:29,1
DA:30,1
DA:39,1
DA:40,4
DA:42,4
DA:43,2
DA:44,2
DA:45,2
DA:53,1
DA:54,6
DA:55,0
DA:56,0
DA:57,0
DA:59,0
DA:60,0
DA:61,0
DA:64,0
DA:74,1
DA:75,6
DA:76,0
DA:77,0
DA:80,6
DA:81,6
DA:82,0
DA:83,0
DA:84,0
DA:86,0
DA:87,0
DA:88,0
DA:91,0
DA:92,0
DA:93,0
DA:95,0
DA:96,0
DA:100,6
DA:101,0
DA:103,6
DA:106,0
DA:107,0
DA:119,1
DA:121,6
DA:124,6
DA:125,0
DA:126,0
DA:131,0
DA:134,6
DA:135,14
DA:136,14
DA:137,0
DA:138,0
DA:139,0
DA:140,0
DA:143,0
DA:144,0
DA:145,0
DA:146,0
DA:149,0
DA:150,0
DA:152,0
DA:153,0
DA:155,0
DA:159,14
DA:160,4
DA:163,0
DA:166,10
DA:167,10
DA:168,10
DA:171,6
DA:172,2
DA:173,2
DA:178,2
DA:182,4
DA:183,0
DA:184,0
DA:188,6
DA:190,6
DA:198,4
DA:201,4
DA:202,4
DA:206,4
DA:208,4
DA:217,1
DA:218,6
DA:219,6
DA:220,5
DA:221,5
DA:223,1
DA:234,1
DA:235,7
DA:237,7
DA:238,7
DA:239,7
DA:245,7
DA:246,7
DA:247,7
DA:249,7
DA:250,7
DA:252,1
DA:253,1
DA:258,1
DA:261,6
DA:263,6
DA:266,6
DA:267,6
DA:268,0
DA:269,0
DA:274,0
DA:277,6
DA:279,6
DA:280,0
DA:281,0
DA:286,0
DA:290,6
DA:291,6
DA:292,0
DA:293,0
DA:296,6
DA:299,6
DA:300,6
DA:301,6
DA:303,0
DA:307,6
DA:308,6
DA:310,0
DA:312,0
DA:313,0
DA:314,0
DA:316,0
DA:317,0
DA:318,0
DA:319,0
DA:321,0
DA:322,0
DA:324,0
DA:328,0
DA:329,0
DA:331,0
DA:332,0
DA:333,0
DA:334,0
DA:337,0
DA:339,0
DA:340,0
DA:345,6
DA:346,1
DA:356,1
DA:360,0
DA:361,0
DA:367,7
DA:368,7
DA:369,7
DA:374,6
DA:376,6
DA:379,1
DA:384,1
LF:171
LH:96
BRDA:16,0,0,1
BRDA:16,0,1,0
BRDA:24,1,0,0
BRDA:24,1,1,1
BRDA:75,2,0,0
BRDA:75,2,1,6
BRDA:83,3,0,0
BRDA:83,3,1,0
BRDA:87,4,0,0
BRDA:87,4,1,0
BRDA:92,5,0,0
BRDA:92,5,1,0
BRDA:100,6,0,0
BRDA:100,6,1,6
BRDA:119,7,0,6
BRDA:124,8,0,0
BRDA:124,8,1,6
BRDA:138,9,0,0
BRDA:138,9,1,0
BRDA:143,10,0,0
BRDA:143,10,1,0
BRDA:144,11,0,0
BRDA:144,11,1,0
BRDA:144,12,0,0
BRDA:144,12,1,0
BRDA:150,13,0,0
BRDA:150,13,1,0
BRDA:152,14,0,0
BRDA:152,14,1,0
BRDA:153,15,0,0
BRDA:153,15,1,0
BRDA:153,16,0,0
BRDA:153,16,1,0
BRDA:155,17,0,0
BRDA:155,17,1,0
BRDA:159,18,0,4
BRDA:159,18,1,10
BRDA:171,19,0,2
BRDA:171,19,1,4
BRDA:175,20,0,2
BRDA:175,20,1,2
BRDA:182,21,0,0
BRDA:182,21,1,4
BRDA:188,22,0,6
BRDA:188,22,1,6
BRDA:191,23,0,6
BRDA:191,23,1,0
BRDA:192,24,0,6
BRDA:192,24,1,0
BRDA:193,25,0,6
BRDA:193,25,1,0
BRDA:194,26,0,6
BRDA:194,26,1,0
BRDA:195,27,0,6
BRDA:195,27,1,0
BRDA:201,28,0,4
BRDA:201,28,1,0
BRDA:219,29,0,5
BRDA:219,29,1,1
BRDA:267,30,0,0
BRDA:267,30,1,6
BRDA:279,31,0,0
BRDA:279,31,1,6
BRDA:291,32,0,0
BRDA:291,32,1,6
BRDA:307,33,0,6
BRDA:307,33,1,0
BRDA:318,34,0,0
BRDA:318,34,1,0
BRDA:319,35,0,0
BRDA:319,35,1,0
BRDA:319,35,2,0
BRDA:321,36,0,0
BRDA:321,36,1,0
BRDA:332,37,0,0
BRDA:332,37,1,0
BRDA:345,38,0,1
BRDA:345,38,1,5
BRDA:349,39,0,1
BRDA:349,39,1,0
BRDA:350,40,0,1
BRDA:350,40,1,0
BRDA:351,41,0,1
BRDA:351,41,1,0
BRDA:352,42,0,1
BRDA:352,42,1,0
BRDA:367,43,0,7
BRDA:367,43,1,0
BRF:88
BRH:34
end_of_record
TN:
SF:src\getShowStructure.js
FN:18,(anonymous_0)
FN:32,(anonymous_1)
FN:53,(anonymous_2)
FN:99,(anonymous_3)
FN:132,(anonymous_4)
FN:140,(anonymous_5)
FN:145,(anonymous_6)
FN:150,(anonymous_7)
FN:159,(anonymous_8)
FN:162,(anonymous_9)
FN:176,(anonymous_10)
FN:177,(anonymous_11)
FN:186,(anonymous_12)
FN:240,(anonymous_13)
FN:241,(anonymous_14)
FN:251,(anonymous_15)
FN:281,(anonymous_16)
FN:326,(anonymous_17)
FN:329,(anonymous_18)
FNF:19
FNH:14
FNDA:7,(anonymous_0)
FNDA:13,(anonymous_1)
FNDA:4,(anonymous_2)
FNDA:5,(anonymous_3)
FNDA:6,(anonymous_4)
FNDA:1,(anonymous_5)
FNDA:1,(anonymous_6)
FNDA:1,(anonymous_7)
FNDA:1,(anonymous_8)
FNDA:1,(anonymous_9)
FNDA:0,(anonymous_10)
FNDA:0,(anonymous_11)
FNDA:7,(anonymous_12)
FNDA:4,(anonymous_13)
FNDA:0,(anonymous_14)
FNDA:5,(anonymous_15)
FNDA:10,(anonymous_16)
FNDA:0,(anonymous_17)
FNDA:0,(anonymous_18)
DA:1,1
DA:2,1
DA:3,1
DA:4,1
DA:5,1
DA:6,1
DA:7,1
DA:8,1
DA:13,1
DA:18,1
DA:19,7
DA:20,7
DA:21,1
DA:23,6
DA:32,1
DA:33,13
DA:35,13
DA:36,24
DA:38,18
DA:39,18
DA:40,0
DA:44,6
DA:45,3
DA:50,13
DA:53,1
DA:54,4
DA:55,0
DA:56,0
DA:59,4
DA:61,4
DA:62,3
DA:63,3
DA:64,3
DA:67,3
DA:69,0
DA:70,0
DA:78,3
DA:79,3
DA:80,0
DA:81,0
DA:90,4
DA:99,1
DA:100,5
DA:101,5
DA:102,5
DA:103,4
DA:106,4
DA:107,4
DA:108,4
DA:109,4
DA:112,0
DA:118,1
DA:119,1
DA:132,1
DA:133,6
DA:134,0
DA:135,0
DA:139,6
DA:140,6
DA:142,6
DA:143,6
DA:145,6
DA:146,1
DA:150,1
DA:152,6
DA:153,1
DA:154,1
DA:156,1
DA:158,1
DA:159,1
DA:160,1
DA:161,1
DA:162,1
DA:164,0
DA:165,0
DA:174,1
DA:175,1
DA:176,1
DA:177,0
DA:179,1
DA:181,6
DA:186,1
DA:187,7
DA:188,7
DA:189,7
DA:190,7
DA:192,7
DA:193,7
DA:194,7
DA:198,7
DA:199,7
DA:201,1
DA:202,1
DA:206,7
DA:207,0
DA:211,7
DA:212,7
DA:213,7
DA:215,7
DA:216,1
DA:219,6
DA:220,6
DA:221,6
DA:223,6
DA:224,14
DA:225,14
DA:226,14
DA:228,14
DA:229,5
DA:230,5
DA:234,9
DA:235,9
DA:236,9
DA:238,9
DA:240,4
DA:242,0
DA:243,0
DA:246,4
DA:249,5
DA:251,5
DA:252,5
DA:253,5
DA:254,5
DA:255,0
DA:262,5
DA:265,0
DA:266,0
DA:271,6
DA:272,6
DA:275,6
DA:276,6
DA:278,6
DA:279,6
DA:280,6
DA:281,10
DA:284,6
DA:285,6
DA:287,0
DA:290,6
DA:299,1
DA:300,1
DA:310,0
DA:311,0
DA:324,1
DA:325,0
DA:327,0
DA:329,0
DA:332,1
LF:148
LH:123
BRDA:20,0,0,1
BRDA:20,0,1,6
BRDA:32,1,0,4
BRDA:36,2,0,18
BRDA:36,2,1,6
BRDA:39,3,0,0
BRDA:39,3,1,18
BRDA:44,4,0,3
BRDA:44,4,1,3
BRDA:54,5,0,0
BRDA:54,5,1,4
BRDA:54,6,0,4
BRDA:54,6,1,4
BRDA:62,7,0,3
BRDA:62,7,1,0
BRDA:63,8,0,3
BRDA:63,8,1,0
BRDA:64,9,0,3
BRDA:64,9,1,0
BRDA:67,10,0,0
BRDA:67,10,1,3
BRDA:67,11,0,3
BRDA:67,11,1,0
BRDA:67,11,2,0
BRDA:79,12,0,0
BRDA:79,12,1,3
BRDA:79,13,0,3
BRDA:79,13,1,3
BRDA:107,14,0,4
BRDA:107,14,1,0
BRDA:133,15,0,0
BRDA:133,15,1,6
BRDA:140,16,0,1
BRDA:140,16,1,1
BRDA:146,17,0,1
BRDA:146,17,1,1
BRDA:146,17,2,1
BRDA:146,17,3,1
BRDA:152,18,0,7
BRDA:152,18,1,1
BRDA:176,19,0,0
BRDA:176,19,1,0
BRDA:206,20,0,0
BRDA:206,20,1,7
BRDA:215,21,0,1
BRDA:215,21,1,6
BRDA:215,22,0,7
BRDA:215,22,1,7
BRDA:228,23,0,5
BRDA:228,23,1,9
BRDA:228,24,0,14
BRDA:228,24,1,13
BRDA:238,25,0,4
BRDA:238,25,1,5
BRDA:254,26,0,0
BRDA:254,26,1,5
BRDA:279,27,0,6
BRDA:279,27,1,0
BRDA:324,28,0,0
BRDA:324,28,1,1
BRF:60
BRH:43
end_of_record
TN:
SF:src\getStartEndDate.js
FN:5,(anonymous_0)
FN:11,(anonymous_1)
FNF:2
FNH:2
FNDA:10,(anonymous_0)
FNDA:2,(anonymous_1)
DA:5,3
DA:6,10
DA:8,8
DA:9,8
DA:11,8
DA:12,2
DA:13,2
DA:14,2
DA:22,8
DA:23,8
DA:24,1
DA:28,7
DA:29,7
DA:30,1
DA:34,6
DA:35,6
DA:36,1
DA:40,5
DA:41,5
DA:42,1
DA:46,4
DA:47,4
DA:48,2
DA:52,2
DA:53,2
DA:54,0
DA:58,2
DA:59,2
DA:60,1
DA:64,1
DA:65,1
DA:68,0
DA:71,3
LF:33
LH:31
BRDA:6,0,0,2
BRDA:6,0,1,8
BRDA:23,1,0,1
BRDA:23,1,1,7
BRDA:29,2,0,1
BRDA:29,2,1,6
BRDA:35,3,0,1
BRDA:35,3,1,5
BRDA:41,4,0,1
BRDA:41,4,1,4
BRDA:47,5,0,2
BRDA:47,5,1,2
BRDA:53,6,0,0
BRDA:53,6,1,2
BRDA:59,7,0,1
BRDA:59,7,1,1
BRDA:64,8,0,1
BRDA:64,8,1,0
BRF:18
BRH:16
end_of_record
TN:
SF:src\getStructure.js
FN:11,(anonymous_0)
FN:57,(anonymous_1)
FN:58,(anonymous_2)
FN:73,(anonymous_3)
FN:94,(anonymous_4)
FN:108,(anonymous_5)
FN:130,(anonymous_6)
FN:156,(anonymous_7)
FN:167,(anonymous_8)
FN:182,(anonymous_9)
FN:220,(anonymous_10)
FN:224,(anonymous_11)
FNF:12
FNH:12
FNDA:3,(anonymous_0)
FNDA:8,(anonymous_1)
FNDA:16,(anonymous_2)
FNDA:2,(anonymous_3)
FNDA:4,(anonymous_4)
FNDA:4,(anonymous_5)
FNDA:4,(anonymous_6)
FNDA:3,(anonymous_7)
FNDA:6,(anonymous_8)
FNDA:3,(anonymous_9)
FNDA:6,(anonymous_10)
FNDA:6,(anonymous_11)
DA:1,1
DA:2,1
DA:3,1
DA:4,1
DA:5,1
DA:11,1
DA:12,3
DA:13,3
DA:14,3
DA:15,0
DA:16,0
DA:24,3
DA:26,3
DA:27,3
DA:28,12
DA:29,0
DA:30,0
DA:39,3
DA:41,0
DA:42,0
DA:57,1
DA:58,8
DA:59,16
DA:60,16
DA:62,0
DA:73,1
DA:74,2
DA:75,2
DA:77,2
DA:78,2
DA:79,2
DA:81,2
DA:94,1
DA:95,4
DA:96,4
DA:97,4
DA:99,0
DA:108,1
DA:109,4
DA:111,4
DA:112,4
DA:113,4
DA:114,4
DA:115,4
DA:116,4
DA:119,0
DA:130,1
DA:131,4
DA:132,4
DA:134,4
DA:135,4
DA:136,2
DA:138,2
DA:139,2
DA:141,2
DA:148,2
DA:156,1
DA:157,3
DA:158,3
DA:159,3
DA:160,1
DA:161,1
DA:164,2
DA:165,2
DA:167,6
DA:174,0
DA:175,0
DA:182,1
DA:183,3
DA:184,3
DA:186,3
DA:187,3
DA:188,3
DA:190,0
DA:191,0
DA:199,3
DA:200,3
DA:201,3
DA:203,0
DA:205,0
DA:213,3
DA:214,3
DA:215,3
DA:216,3
DA:218,3
DA:220,3
DA:221,6
DA:224,3
DA:225,6
DA:226,2
DA:227,2
DA:229,4
DA:230,4
DA:231,2
DA:233,2
DA:236,6
DA:237,6
DA:240,3
DA:241,3
DA:242,3
DA:244,0
DA:247,3
DA:248,3
DA:249,3
DA:251,0
DA:254,3
DA:255,3
DA:256,3
DA:258,3
DA:266,1
DA:267,0
DA:270,1
LF:112
LH:94
BRDA:14,0,0,0
BRDA:14,0,1,3
BRDA:28,1,0,0
BRDA:28,1,1,12
BRDA:75,2,0,0
BRDA:75,2,1,2
BRDA:82,3,0,2
BRDA:82,3,1,0
BRDA:83,4,0,2
BRDA:83,4,1,0
BRDA:84,5,0,2
BRDA:84,5,1,0
BRDA:85,6,0,2
BRDA:85,6,1,0
BRDA:109,7,0,0
BRDA:109,7,1,4
BRDA:132,8,0,0
BRDA:132,8,1,4
BRDA:139,9,0,0
BRDA:139,9,1,2
BRDA:145,10,0,2
BRDA:145,10,1,0
BRDA:159,11,0,1
BRDA:159,11,1,2
BRDA:170,12,0,4
BRDA:170,12,1,2
BRDA:171,13,0,6
BRDA:171,13,1,0
BRDA:171,14,0,6
BRDA:171,14,1,6
BRDA:225,15,0,2
BRDA:225,15,1,4
BRDA:230,16,0,2
BRDA:230,16,1,2
BRDA:266,17,0,0
BRDA:266,17,1,1
BRF:36
BRH:23
end_of_record
TN:
SF:src\outputData.js
FN:6,(anonymous_0)
FN:16,(anonymous_1)
FN:17,(anonymous_2)
FN:21,(anonymous_3)
FN:22,(anonymous_4)
FN:36,(anonymous_5)
FN:37,(anonymous_6)
FNF:7
FNH:7
FNDA:5,(anonymous_0)
FNDA:4,(anonymous_1)
FNDA:5,(anonymous_2)
FNDA:4,(anonymous_3)
FNDA:5,(anonymous_4)
FNDA:5,(anonymous_5)
FNDA:5,(anonymous_6)
DA:1,1
DA:2,1
DA:3,1
DA:4,1
DA:6,1
DA:7,5
DA:8,1
DA:12,5
DA:13,5
DA:16,5
DA:17,5
DA:21,5
DA:22,4
DA:23,5
DA:24,5
DA:25,5
DA:36,5
DA:37,5
DA:40,5
DA:43,5
DA:45,5
DA:51,1
LF:22
LH:22
BRDA:7,0,0,1
BRDA:7,0,1,4
BRDA:24,1,0,5
BRDA:24,1,1,0
BRDA:24,2,0,0
BRDA:24,2,1,0
BRF:6
BRH:3
end_of_record
TN:
SF:src\scraper.js
FN:10,(anonymous_0)
FN:19,(anonymous_1)
FN:28,(anonymous_2)
FN:37,(anonymous_3)
FN:52,(anonymous_4)
FN:85,(anonymous_5)
FN:105,(anonymous_6)
FN:110,(anonymous_7)
FN:132,(anonymous_8)
FN:146,(anonymous_9)
FN:166,(anonymous_10)
FN:170,(anonymous_11)
FN:170,(anonymous_12)
FN:175,(anonymous_13)
FN:197,(anonymous_14)
FN:218,(anonymous_15)
FNF:16
FNH:15
FNDA:4,(anonymous_0)
FNDA:4,(anonymous_1)
FNDA:4,(anonymous_2)
FNDA:16,(anonymous_3)
FNDA:4,(anonymous_4)
FNDA:3,(anonymous_5)
FNDA:2,(anonymous_6)
FNDA:2,(anonymous_7)
FNDA:1,(anonymous_8)
FNDA:4,(anonymous_9)
FNDA:3,(anonymous_10)
FNDA:3,(anonymous_11)
FNDA:3,(anonymous_12)
FNDA:3,(anonymous_13)
FNDA:0,(anonymous_14)
FNDA:1,(anonymous_15)
DA:1,1
DA:2,1
DA:3,1
DA:4,1
DA:5,1
DA:6,1
DA:7,1
DA:10,1
DA:11,4
DA:12,4
DA:13,0
DA:15,4
DA:19,1
DA:20,4
DA:21,4
DA:22,0
DA:24,4
DA:28,1
DA:29,4
DA:30,4
DA:31,0
DA:33,4
DA:37,1
DA:38,16
DA:40,16
DA:41,16
DA:42,16
DA:43,16
DA:44,16
DA:47,0
DA:52,1
DA:53,4
DA:54,4
DA:55,4
DA:56,4
DA:57,4
DA:59,4
DA:60,4
DA:62,0
DA:65,4
DA:66,4
DA:68,0
DA:71,4
DA:72,4
DA:74,0
DA:77,4
DA:80,4
DA:81,3
DA:82,3
DA:84,3
DA:85,3
DA:86,3
DA:87,3
DA:88,3
DA:89,3
DA:90,3
DA:92,0
DA:96,3
DA:97,0
DA:98,0
DA:101,3
DA:102,3
DA:105,2
DA:107,2
DA:110,2
DA:118,2
DA:119,2
DA:120,2
DA:122,2
DA:129,1
DA:130,1
DA:132,1
DA:140,4
DA:141,4
DA:142,4
DA:145,4
DA:146,4
DA:147,4
DA:148,4
DA:149,4
DA:150,4
DA:151,4
DA:153,0
DA:157,4
DA:158,1
DA:159,1
DA:162,3
DA:163,3
DA:166,3
DA:169,3
DA:170,3
DA:172,3
DA:175,3
DA:183,3
DA:184,3
DA:185,3
DA:187,3
DA:194,0
DA:195,0
DA:197,0
DA:205,4
DA:206,4
DA:209,4
DA:210,3
DA:213,1
DA:214,1
DA:217,1
DA:218,1
DA:219,1
DA:220,1
DA:221,1
DA:224,1
DA:225,1
DA:226,1
DA:227,1
DA:228,1
DA:229,1
DA:230,1
DA:231,1
DA:233,1
DA:244,1
DA:245,1
DA:246,1
DA:248,1
DA:256,0
DA:257,0
DA:265,0
DA:266,0
DA:276,4
DA:277,4
DA:278,4
DA:279,4
DA:281,4
DA:288,1
LF:134
LH:116
BRDA:12,0,0,0
BRDA:12,0,1,4
BRDA:21,1,0,0
BRDA:21,1,1,4
BRDA:30,2,0,0
BRDA:30,2,1,4
BRDA:38,3,0,0
BRDA:38,3,1,16
BRDA:84,4,0,3
BRDA:84,4,1,3
BRDA:86,5,0,0
BRDA:86,5,1,3
BRDA:96,6,0,0
BRDA:96,6,1,3
BRDA:96,7,0,3
BRDA:96,7,1,3
BRDA:96,7,2,3
BRDA:108,8,0,2
BRDA:108,8,1,0
BRDA:109,9,0,2
BRDA:109,9,1,0
BRDA:111,10,0,2
BRDA:111,10,1,0
BRDA:112,11,0,2
BRDA:112,11,1,0
BRDA:113,12,0,2
BRDA:113,12,1,0
BRDA:114,13,0,2
BRDA:114,13,1,0
BRDA:119,14,0,2
BRDA:119,14,1,0
BRDA:124,15,0,2
BRDA:124,15,1,0
BRDA:132,16,0,1
BRDA:132,16,1,0
BRDA:145,17,0,4
BRDA:145,17,1,4
BRDA:147,18,0,0
BRDA:147,18,1,4
BRDA:157,19,0,1
BRDA:157,19,1,3
BRDA:157,20,0,4
BRDA:157,20,1,3
BRDA:157,20,2,3
BRDA:173,21,0,0
BRDA:173,21,1,3
BRDA:174,22,0,0
BRDA:174,22,1,3
BRDA:177,23,0,3
BRDA:177,23,1,0
BRDA:178,24,0,3
BRDA:178,24,1,0
BRDA:179,25,0,3
BRDA:179,25,1,0
BRDA:184,26,0,0
BRDA:184,26,1,3
BRDA:189,27,0,0
BRDA:189,27,1,3
BRDA:197,28,0,0
BRDA:197,28,1,0
BRDA:209,29,0,3
BRDA:209,29,1,1
BRDA:209,30,0,4
BRDA:209,30,1,4
BRDA:219,31,0,0
BRDA:219,31,1,1
BRDA:224,32,0,1
BRDA:224,32,1,0
BRDA:224,33,0,1
BRDA:224,33,1,1
BRDA:227,34,0,1
BRDA:227,34,1,0
BRDA:228,35,0,1
BRDA:228,35,1,0
BRDA:229,36,0,1
BRDA:229,36,1,0
BRDA:230,37,0,1
BRDA:230,37,1,0
BRDA:231,38,0,1
BRDA:231,38,1,0
BRF:80
BRH:48
end_of_record
TN:
SF:src\server.js
FN:61,(anonymous_0)
FN:74,(anonymous_1)
FN:125,(anonymous_2)
FN:135,(anonymous_3)
FN:152,(anonymous_4)
FN:162,(anonymous_5)
FNF:6
FNH:0
FNDA:0,(anonymous_0)
FNDA:0,(anonymous_1)
FNDA:0,(anonymous_2)
FNDA:0,(anonymous_3)
FNDA:0,(anonymous_4)
FNDA:0,(anonymous_5)
DA:1,0
DA:2,0
DA:3,0
DA:4,0
DA:5,0
DA:6,0
DA:7,0
DA:9,0
DA:10,0
DA:20,0
DA:22,0
DA:23,0
DA:26,0
DA:27,0
DA:30,0
DA:33,0
DA:36,0
DA:39,0
DA:46,0
DA:47,0
DA:48,0
DA:49,0
DA:56,0
DA:57,0
DA:60,0
DA:61,0
DA:62,0
DA:63,0
DA:66,0
DA:67,0
DA:68,0
DA:69,0
DA:74,0
DA:75,0
DA:76,0
DA:77,0
DA:78,0
DA:79,0
DA:80,0
DA:81,0
DA:82,0
DA:83,0
DA:84,0
DA:85,0
DA:86,0
DA:87,0
DA:88,0
DA:89,0
DA:90,0
DA:91,0
DA:92,0
DA:93,0
DA:94,0
DA:95,0
DA:96,0
DA:97,0
DA:98,0
DA:99,0
DA:100,0
DA:101,0
DA:102,0
DA:103,0
DA:104,0
DA:105,0
DA:106,0
DA:107,0
DA:108,0
DA:109,0
DA:110,0
DA:111,0
DA:112,0
DA:113,0
DA:114,0
DA:115,0
DA:116,0
DA:117,0
DA:118,0
DA:120,0
DA:125,0
DA:126,0
DA:127,0
DA:135,0
DA:136,0
DA:140,0
DA:143,0
DA:144,0
DA:145,0
DA:146,0
DA:147,0
DA:148,0
DA:151,0
DA:153,0
DA:154,0
DA:162,0
DA:163,0
DA:164,0
DA:165,0
LF:97
LH:0
BRDA:23,0,0,0
BRDA:23,0,1,0
BRDA:66,1,0,0
BRDA:66,1,1,0
BRDA:153,2,0,0
BRDA:153,2,1,0
BRF:6
BRH:0
end_of_record
TN:
SF:src\siteHandlers.js
FN:15,(anonymous_0)
FN:30,(anonymous_1)
FN:56,(anonymous_2)
FN:66,(anonymous_3)
FN:92,(anonymous_4)
FN:102,(anonymous_5)
FN:128,(anonymous_6)
FN:138,(anonymous_7)
FN:158,(anonymous_8)
FN:163,(anonymous_9)
FN:192,(anonymous_10)
FNF:11
FNH:9
FNDA:3,(anonymous_0)
FNDA:4,(anonymous_1)
FNDA:1,(anonymous_2)
FNDA:2,(anonymous_3)
FNDA:1,(anonymous_4)
FNDA:2,(anonymous_5)
FNDA:0,(anonymous_6)
FNDA:0,(anonymous_7)
FNDA:2,(anonymous_8)
FNDA:3,(anonymous_9)
FNDA:5,(anonymous_10)
DA:1,1
DA:2,1
DA:15,1
DA:16,3
DA:17,2
DA:19,2
DA:22,2
DA:23,1
DA:24,1
DA:29,2
DA:30,2
DA:31,4
DA:33,4
DA:34,4
DA:35,4
DA:38,4
DA:39,4
DA:40,4
DA:42,4
DA:43,4
DA:47,2
DA:56,1
DA:57,1
DA:58,1
DA:60,1
DA:61,1
DA:65,1
DA:66,1
DA:67,2
DA:69,2
DA:70,2
DA:71,2
DA:74,2
DA:75,2
DA:76,2
DA:78,2
DA:79,2
DA:83,1
DA:92,1
DA:93,1
DA:94,1
DA:96,1
DA:97,1
DA:101,1
DA:102,1
DA:103,2
DA:105,2
DA:106,2
DA:107,2
DA:110,2
DA:111,2
DA:112,2
DA:114,2
DA:115,2
DA:119,1
DA:128,1
DA:129,0
DA:130,0
DA:132,0
DA:133,0
DA:137,0
DA:138,0
DA:139,0
DA:141,0
DA:142,0
DA:143,0
DA:146,0
DA:147,0
DA:148,0
DA:150,0
DA:151,0
DA:155,0
DA:158,1
DA:159,2
DA:160,2
DA:162,2
DA:163,2
DA:164,3
DA:165,3
DA:167,3
DA:170,3
DA:171,3
DA:173,3
DA:174,1
DA:175,1
DA:176,1
DA:177,1
DA:178,1
DA:182,3
DA:183,3
DA:188,2
DA:192,1
DA:193,5
DA:194,1
DA:195,4
DA:196,1
DA:198,3
DA:202,1
DA:203,1
DA:204,1
DA:205,1
LF:101
LH:85
BRDA:22,0,0,1
BRDA:22,0,1,1
BRDA:24,1,0,1
BRDA:24,1,1,0
BRDA:33,2,0,4
BRDA:33,2,1,0
BRDA:34,3,0,4
BRDA:34,3,1,0
BRDA:35,4,0,4
BRDA:35,4,1,0
BRDA:40,5,0,0
BRDA:40,5,1,4
BRDA:40,6,0,4
BRDA:40,6,1,4
BRDA:42,7,0,4
BRDA:42,7,1,0
BRDA:42,8,0,4
BRDA:42,8,1,4
BRDA:42,8,2,4
BRDA:61,9,0,1
BRDA:61,9,1,0
BRDA:71,10,0,0
BRDA:71,10,1,2
BRDA:76,11,0,0
BRDA:76,11,1,2
BRDA:76,12,0,2
BRDA:76,12,1,2
BRDA:78,13,0,2
BRDA:78,13,1,0
BRDA:78,14,0,2
BRDA:78,14,1,2
BRDA:78,14,2,2
BRDA:97,15,0,1
BRDA:97,15,1,0
BRDA:105,16,0,2
BRDA:105,16,1,0
BRDA:106,17,0,2
BRDA:106,17,1,0
BRDA:107,18,0,0
BRDA:107,18,1,2
BRDA:112,19,0,0
BRDA:112,19,1,2
BRDA:112,20,0,2
BRDA:112,20,1,2
BRDA:114,21,0,2
BRDA:114,21,1,0
BRDA:114,22,0,2
BRDA:114,22,1,2
BRDA:114,22,2,2
BRDA:133,23,0,0
BRDA:133,23,1,0
BRDA:141,24,0,0
BRDA:141,24,1,0
BRDA:142,25,0,0
BRDA:142,25,1,0
BRDA:143,26,0,0
BRDA:143,26,1,0
BRDA:148,27,0,0
BRDA:148,27,1,0
BRDA:148,28,0,0
BRDA:148,28,1,0
BRDA:150,29,0,0
BRDA:150,29,1,0
BRDA:150,30,0,0
BRDA:150,30,1,0
BRDA:150,30,2,0
BRDA:165,31,0,3
BRDA:165,31,1,0
BRDA:167,32,0,2
BRDA:167,32,1,1
BRDA:173,33,0,1
BRDA:173,33,1,2
BRDA:177,34,0,1
BRDA:177,34,1,0
BRDA:177,35,0,1
BRDA:177,35,1,1
BRDA:182,36,0,3
BRDA:182,36,1,0
BRDA:182,37,0,3
BRDA:182,37,1,3
BRDA:193,38,0,1
BRDA:193,38,1,4
BRDA:195,39,0,1
BRDA:195,39,1,3
BRF:84
BRH:48
end_of_record
TN:
SF:src\utils.js
FN:4,(anonymous_0)
FN:18,(anonymous_1)
FNF:2
FNH:2
FNDA:11,(anonymous_0)
FNDA:6,(anonymous_1)
DA:1,2
DA:4,2
DA:5,11
DA:6,11
DA:7,11
DA:8,11
DA:9,11
DA:10,11
DA:11,11
DA:14,11
DA:18,2
DA:19,6
DA:21,6
DA:22,1
DA:23,1
DA:26,6
DA:28,6
DA:31,6
DA:32,6
DA:33,2
DA:36,1
DA:37,1
DA:41,5
DA:42,5
DA:43,4
DA:45,1
DA:46,1
DA:49,0
DA:50,0
DA:55,2
LF:30
LH:28
BRDA:4,0,0,4
BRDA:4,1,0,10
BRDA:21,2,0,1
BRDA:21,2,1,5
BRDA:21,3,0,6
BRDA:21,3,1,5
BRDA:28,4,0,6
BRDA:28,4,1,0
BRDA:32,5,0,2
BRDA:32,5,1,4
BRF:10
BRH:9
end_of_record
TN:
SF:src\endpoints\exportFailedStructures.js
FN:8,(anonymous_0)
FN:12,(anonymous_1)
FNF:2
FNH:0
FNDA:0,(anonymous_0)
FNDA:0,(anonymous_1)
DA:1,0
DA:2,0
DA:3,0
DA:5,0
DA:8,0
DA:9,0
DA:11,0
DA:12,0
DA:13,0
DA:14,0
DA:15,0
DA:19,0
DA:23,0
LF:13
LH:0
BRDA:11,0,0,0
BRDA:11,0,1,0
BRDA:13,1,0,0
BRDA:13,1,1,0
BRF:4
BRH:0
end_of_record
TN:
SF:src\endpoints\fetchShowStructure.js
FN:6,(anonymous_0)
FNF:1
FNH:0
FNDA:0,(anonymous_0)
DA:1,0
DA:2,0
DA:4,0
DA:6,0
DA:7,0
DA:8,0
DA:9,0
DA:11,0
DA:12,0
DA:16,0
LF:10
LH:0
BRF:0
BRH:0
end_of_record
TN:
SF:src\endpoints\fetchStructure.js
FN:6,(anonymous_0)
FNF:1
FNH:0
FNDA:0,(anonymous_0)
DA:1,0
DA:2,0
DA:4,0
DA:6,0
DA:7,0
DA:8,0
DA:9,0
DA:11,0
DA:12,0
DA:16,0
LF:10
LH:0
BRF:0
BRH:0
end_of_record
TN:
SF:src\endpoints\getLatestFile.js
FN:9,(anonymous_0)
FN:31,(anonymous_1)
FN:38,(anonymous_2)
FN:39,(anonymous_3)
FN:40,(anonymous_4)
FN:91,(anonymous_5)
FN:100,(anonymous_6)
FN:109,(anonymous_7)
FNF:8
FNH:0
FNDA:0,(anonymous_0)
FNDA:0,(anonymous_1)
FNDA:0,(anonymous_2)
FNDA:0,(anonymous_3)
FNDA:0,(anonymous_4)
FNDA:0,(anonymous_5)
FNDA:0,(anonymous_6)
FNDA:0,(anonymous_7)
DA:1,0
DA:2,0
DA:3,0
DA:4,0
DA:6,0
DA:9,0
DA:10,0
DA:11,0
DA:14,0
DA:15,0
DA:16,0
DA:20,0
DA:21,0
DA:22,0
DA:23,0
DA:24,0
DA:27,0
DA:31,0
DA:32,0
DA:33,0
DA:34,0
DA:38,0
DA:39,0
DA:40,0
DA:42,0
DA:43,0
DA:47,0
DA:48,0
DA:49,0
DA:50,0
DA:53,0
DA:54,0
DA:57,0
DA:58,0
DA:60,0
DA:61,0
DA:62,0
DA:65,0
DA:66,0
DA:67,0
DA:70,0
DA:71,0
DA:75,0
DA:78,0
DA:79,0
DA:80,0
DA:88,0
DA:89,0
DA:91,0
DA:92,0
DA:93,0
DA:100,0
DA:101,0
DA:102,0
DA:104,0
DA:105,0
DA:109,0
DA:110,0
DA:111,0
DA:114,0
DA:117,0
DA:118,0
DA:119,0
DA:120,0
DA:122,0
DA:123,0
DA:128,0
LF:67
LH:0
BRDA:14,0,0,0
BRDA:14,0,1,0
BRDA:22,1,0,0
BRDA:22,1,1,0
BRDA:32,2,0,0
BRDA:32,2,1,0
BRDA:42,3,0,0
BRDA:42,3,1,0
BRDA:42,4,0,0
BRDA:42,4,1,0
BRDA:60,5,0,0
BRDA:60,5,1,0
BRDA:60,6,0,0
BRDA:60,6,1,0
BRDA:65,7,0,0
BRDA:65,7,1,0
BRDA:78,8,0,0
BRDA:78,8,1,0
BRDA:101,9,0,0
BRDA:101,9,1,0
BRF:20
BRH:0
end_of_record
TN:
SF:src\endpoints\index.js
FNF:0
FNH:0
DA:1,0
DA:2,0
DA:3,0
DA:4,0
DA:5,0
DA:6,0
DA:8,0
LF:7
LH:0
BRF:0
BRH:0
end_of_record
TN:
SF:src\endpoints\uploadShow.js
FN:10,(anonymous_0)
FN:18,(anonymous_1)
FNF:2
FNH:0
FNDA:0,(anonymous_0)
FNDA:0,(anonymous_1)
DA:1,0
DA:2,0
DA:3,0
DA:4,0
DA:5,0
DA:7,0
DA:10,0
DA:11,0
DA:13,0
DA:14,0
DA:17,0
DA:18,0
DA:19,0
DA:20,0
DA:21,0
DA:23,0
DA:27,0
LF:17
LH:0
BRDA:13,0,0,0
BRDA:13,0,1,0
BRDA:19,1,0,0
BRDA:19,1,1,0
BRF:4
BRH:0
end_of_record
TN:
SF:src\endpoints\uploadTheatre.js
FN:10,(anonymous_0)
FN:13,(anonymous_1)
FNF:2
FNH:0
FNDA:0,(anonymous_0)
FNDA:0,(anonymous_1)
DA:1,0
DA:2,0
DA:3,0
DA:4,0
DA:5,0
DA:7,0
DA:10,0
DA:11,0
DA:13,0
DA:14,0
DA:15,0
DA:16,0
DA:18,0
DA:22,0
LF:14
LH:0
BRDA:14,0,0,0
BRDA:14,0,1,0
BRF:2
BRH:0
end_of_record
